<?xml version="1.0" encoding="UTF-8" ?>
<testsuite tests="76" failures="35" name="TestSuite" time="2,005.641" errors="0" skipped="0">
  <properties>
    <property name="idea.version" value="2022.1.2"/>
    <property name="java.runtime.name" value="Java(TM) SE Runtime Environment"/>
    <property name="java.vm.version" value="11.0.10+8-LTS-162"/>
    <property name="sun.boot.library.path" value="C:\Program Files\Java\jdk-11.0.10\bin"/>
    <property name="user.country.format" value="TR"/>
    <property name="maven.multiModuleProjectDirectory" value="C:\Users\uyildiz\Desktop\IDEA Projects\ttPay_POM"/>
    <property name="java.vm.vendor" value="Oracle Corporation"/>
    <property name="java.vendor.url" value="https://openjdk.java.net/"/>
    <property name="guice.disable.misplaced.annotation.check" value="true"/>
    <property name="path.separator" value=";"/>
    <property name="java.vm.name" value="Java HotSpot(TM) 64-Bit Server VM"/>
    <property name="sun.os.patch.level" value=""/>
    <property name="user.script" value=""/>
    <property name="user.country" value="US"/>
    <property name="sun.java.launcher" value="SUN_STANDARD"/>
    <property name="java.vm.specification.name" value="Java Virtual Machine Specification"/>
    <property name="user.dir" value="C:\Users\uyildiz\Desktop\IDEA Projects\ttPay_POM"/>
    <property name="java.vm.compressedOopsMode" value="Zero based"/>
    <property name="java.runtime.version" value="11.0.10+8-LTS-162"/>
    <property name="java.awt.graphicsenv" value="sun.awt.Win32GraphicsEnvironment"/>
    <property name="os.arch" value="amd64"/>
    <property name="java.io.tmpdir" value="C:\Users\uyildiz\AppData\Local\Temp\"/>
    <property name="line.separator" value="
"/>
    <property name="java.vm.specification.vendor" value="Oracle Corporation"/>
    <property name="user.variant" value=""/>
    <property name="os.name" value="Windows 10"/>
    <property name="maven.ext.class.path" value="C:\Program Files\JetBrains\IntelliJ IDEA Community Edition 2020.3.2\plugins\maven\lib\maven-event-listener.jar"/>
    <property name="classworlds.conf" value="C:\Program Files\JetBrains\IntelliJ IDEA Community Edition 2020.3.2\plugins\maven\lib\maven3\bin\m2.conf"/>
    <property name="sun.jnu.encoding" value="Cp1254"/>
    <property name="java.library.path" value="C:\Program Files\Java\jdk-11.0.10\bin;C:\WINDOWS\Sun\Java\bin;C:\WINDOWS\system32;C:\WINDOWS;C:\Program Files\NVIDIA GPU Computing Toolkit\CUDA\v11.8\bin;C:\Program Files\NVIDIA GPU Computing Toolkit\CUDA\v11.8\libnvvp;C:\Program Files\Common Files\Oracle\Java\javapath;C:\orant\bin;C:\app\client\uyildiz\product\12.2.0\client_1\bin;C:\Python39\Scripts\;C:\Python39\;C:\Program Files (x86)\Common Files\Oracle\Java\javapath;C:\WINDOWS\system32;C:\WINDOWS;C:\WINDOWS\System32\Wbem;C:\WINDOWS\System32\WindowsPowerShell\v1.0\;C:\WINDOWS\System32\OpenSSH\;C:\Program Files\PuTTY\;C:\Program Files (x86)\Pulse Secure\VC142.CRT\X64\;C:\Program Files (x86)\Pulse Secure\VC142.CRT\X86\;C:\ProgramData\chocolatey\bin;C:\Program Files (x86)\Microsoft SQL Server\150\DTS\Binn\;C:\Program Files\Azure Data Studio\bin;C:\Users\uyildiz\AppData\Local\Android\Sdk\platform-tools;C:\Users\uyildiz\AppData\Local\Android\Sdk\tools;C:\Users\uyildiz\AppData\Local\Android\Sdk\tools\bin;C:\Program Files\Java\jdk-11.0.10\bin;C:\Program Files (x86)\GnuWin32\bin;C:\WINDOWSsystem32;C:\orant\jdk\bin;C:\Program Files\nodejs\;C:\Users\uyildiz\AppData\Local\Android\Sdk\platform-tools;C:\Program Files (x86)\scala\bin;C:\Users\uyildiz\Documents\Gatlingbin;C:\Program Files (x86)\sbt\bin;C:\Users\uyildiz\Documents\Maven\apache-maven-3.6.3\bin;C:\chilkatJava;C:\Program Files\dotnet\;C:\Users\uyildiz\Downloads\apache-groovy-sdk-3.0.9\groovy-3.0.9;C:\Users\uyildiz\Downloads\apache-groovy-sdk-3.0.9\groovy-3.0.9\lib;C:\Program Files\Git\cmd;C:\xampp\php;C:\ProgramData\ComposerSetup\bin;C:\xammp2\php;C:\Users\uyildiz\AppData\Local\Programs\Appium;C:\Program Files\nodejs\node_modules\npm;C:\Program Files\Git\usr\bin;C:\Program Files\NVIDIA Corporation\Nsight Compute 2022.3.0\;C:\Program Files (x86)\NVIDIA Corporation\PhysX\Common;C:\Program Files\Docker\Docker\resources\bin;C:\Users\uyildiz\Anaconda3;C:\Users\uyildiz\Anaconda3\Library\mingw-w64\bin;C:\Users\uyildiz\Anaconda3\Library\usr\bin;C:\Users\uyildiz\Anaconda3\Library\bin;C:\Users\uyildiz\Anaconda3\Scripts;C:\Users\uyildiz\AppData\Local\Microsoft\WindowsApps;C:\Users\uyildiz\AppData\Local\Android\Sdk\platform-tools;C:\Program Files\Azure Data Studio\bin;C:\Users\uyildiz\AppData\Roaming\npm;C:\Program Files\JetBrains\IntelliJ IDEA Community Edition 2020.3.2\bin;;C:\chilkatJava;C:\Program Files\JetBrains\PyCharm Community Edition 2021.1\bin;;C:\Users\uyildiz\Documents\Maven\apache-maven-3.8.1\bin;C:\Program Files\Java\jdk-11.0.10\bin;C:\Users\uyildiz\Documents\Gradle\gradle-7.0\bin;C:\Users\uyildiz\AppData\Local\Programs\Microsoft VS Code\bin;C:\Users\uyildiz\.dotnet\tools;C:\Users\uyildiz\AppData\Roaming\Composer\vendor\bin;C:\xammp2\php;C:\Users\uyildiz\AppData\Local\Programs\Appium;C:\Program Files\nodejs\node_modules\npm;C:\Program Files\Git\usr\bin;C:\Program Files\Git;."/>
    <property name="maven.conf" value="C:\Program Files\JetBrains\IntelliJ IDEA Community Edition 2020.3.2\plugins\maven\lib\maven3/conf"/>
    <property name="jdk.debug" value="release"/>
    <property name="java.class.version" value="55.0"/>
    <property name="java.specification.name" value="Java Platform API Specification"/>
    <property name="sun.management.compiler" value="HotSpot 64-Bit Tiered Compilers"/>
    <property name="os.version" value="10.0"/>
    <property name="user.home" value="C:\Users\uyildiz"/>
    <property name="user.timezone" value="Asia/Istanbul"/>
    <property name="java.awt.printerjob" value="sun.awt.windows.WPrinterJob"/>
    <property name="file.encoding" value="UTF-8"/>
    <property name="java.specification.version" value="11"/>
    <property name="user.name" value="uyildiz"/>
    <property name="java.class.path" value="C:\Program Files\JetBrains\IntelliJ IDEA Community Edition 2020.3.2\plugins\maven\lib\maven3\boot\plexus-classworlds-2.6.0.jar;C:\Program Files\JetBrains\IntelliJ IDEA Community Edition 2020.3.2\plugins\maven\lib\maven3\boot\plexus-classworlds.license"/>
    <property name="java.vm.specification.version" value="11"/>
    <property name="sun.arch.data.model" value="64"/>
    <property name="sun.java.command" value="org.codehaus.classworlds.Launcher -Didea.version=2022.1.2 clean test"/>
    <property name="java.home" value="C:\Program Files\Java\jdk-11.0.10"/>
    <property name="user.language" value="en"/>
    <property name="java.specification.vendor" value="Oracle Corporation"/>
    <property name="user.language.format" value="tr"/>
    <property name="awt.toolkit" value="sun.awt.windows.WToolkit"/>
    <property name="java.vm.info" value="mixed mode"/>
    <property name="java.version" value="11.0.10"/>
    <property name="java.vendor" value="Oracle Corporation"/>
    <property name="maven.home" value="C:\Program Files\JetBrains\IntelliJ IDEA Community Edition 2020.3.2\plugins\maven\lib\maven3"/>
    <property name="file.separator" value="\"/>
    <property name="java.version.date" value="2021-01-19"/>
    <property name="java.vendor.url.bug" value="https://bugreport.java.com/bugreport/"/>
    <property name="sun.io.unicode.encoding" value="UnicodeLittle"/>
    <property name="sun.cpu.endian" value="little"/>
    <property name="java.vendor.version" value="18.9"/>
    <property name="sun.desktop" value="windows"/>
    <property name="sun.cpu.isalist" value="amd64"/>
  </properties>
  <testcase classname="Basic.AdresGuncelleTest" name="AdresGuncelle" time="47.922"/>
  <testcase classname="Basic.BankadanParaYukleTest" name="BankaHesabindanParaYukle" time="20.601"/>
  <testcase classname="Basic.FaturaOdeTest" name="FaturaOde" time="18.048"/>
  <testcase classname="Basic.GrubaParaGonderTest" name="GrubaParaGonder" time="29.356"/>
  <testcase classname="Basic.GrupOlusturTest" name="GrupOlustur" time="25.898"/>
  <testcase classname="Basic.GruptanParaIsteTest" name="GruptanParaIste" time="29.6"/>
  <testcase classname="Basic.IBANKaydetTest" name="IBANKaydet" time="19.015"/>
  <testcase classname="Basic.KampanyalarTest" name="LoginAndCheckCampaigns" time="14.226"/>
  <testcase classname="Basic.KampanyalarTest" name="Step2" time="7.277"/>
  <testcase classname="Basic.KisiAdiGuncelleTest" name="KisiAdiGuncelle" time="21.921">
    <failure message="The element &apos;By.id: ibFirstButton&apos; does not exist in DOM anymore
For documentation on this error, please visit: https://www.seleniumhq.org/exceptions/stale_element_reference.html
Build info: version: &apos;3.141.59&apos;, revision: &apos;e82be7d358&apos;, time: &apos;2018-11-14T08:17:03&apos;
System info: host: &apos;N110688&apos;, ip: &apos;10.10.20.104&apos;, os.name: &apos;Windows 10&apos;, os.arch: &apos;amd64&apos;, os.version: &apos;10.0&apos;, java.version: &apos;11.0.10&apos;
Driver info: io.appium.java_client.android.AndroidDriver
Capabilities {VERSION: 11, appActivity: tr.com.innova.fintek.ttpay...., appPackage: tr.com.turktelekom.pokus.test, autoAcceptAlerts: true, autoGrantPermissions: true, automationName: UiAutomator2, databaseEnabled: false, desired: {VERSION: 11, appActivity: tr.com.innova.fintek.ttpay...., appPackage: tr.com.turktelekom.pokus.test, autoAcceptAlerts: true, autoGrantPermissions: true, automationName: UiAutomator2, deviceName: Pixel_XL_API_33, disableWindowAnimation: true, newCommandTimeout: 6000, noReset: false, platformName: android}, deviceApiLevel: 32, deviceManufacturer: Google, deviceModel: sdk_gphone64_x86_64, deviceName: emulator-5554, deviceScreenDensity: 560, deviceScreenSize: 1440x3120, deviceUDID: emulator-5554, disableWindowAnimation: true, javascriptEnabled: true, locationContextEnabled: false, networkConnectionEnabled: true, newCommandTimeout: 6000, noReset: false, pixelRatio: 3.5, platform: LINUX, platformName: Android, platformVersion: 12, statBarHeight: 84, takesScreenshot: true, viewportRect: {height: 2844, left: 0, top: 84, width: 1440}, warnings: {}, webStorageEnabled: false}
Session ID: d2eb4b3d-8843-42bd-be05-ba9cdeb71655" type="org.openqa.selenium.StaleElementReferenceException">org.openqa.selenium.StaleElementReferenceException: The element &apos;By.id: ibFirstButton&apos; does not exist in DOM anymore
For documentation on this error, please visit: https://www.seleniumhq.org/exceptions/stale_element_reference.html
Build info: version: &apos;3.141.59&apos;, revision: &apos;e82be7d358&apos;, time: &apos;2018-11-14T08:17:03&apos;
System info: host: &apos;N110688&apos;, ip: &apos;10.10.20.104&apos;, os.name: &apos;Windows 10&apos;, os.arch: &apos;amd64&apos;, os.version: &apos;10.0&apos;, java.version: &apos;11.0.10&apos;
Driver info: io.appium.java_client.android.AndroidDriver
Capabilities {VERSION: 11, appActivity: tr.com.innova.fintek.ttpay...., appPackage: tr.com.turktelekom.pokus.test, autoAcceptAlerts: true, autoGrantPermissions: true, automationName: UiAutomator2, databaseEnabled: false, desired: {VERSION: 11, appActivity: tr.com.innova.fintek.ttpay...., appPackage: tr.com.turktelekom.pokus.test, autoAcceptAlerts: true, autoGrantPermissions: true, automationName: UiAutomator2, deviceName: Pixel_XL_API_33, disableWindowAnimation: true, newCommandTimeout: 6000, noReset: false, platformName: android}, deviceApiLevel: 32, deviceManufacturer: Google, deviceModel: sdk_gphone64_x86_64, deviceName: emulator-5554, deviceScreenDensity: 560, deviceScreenSize: 1440x3120, deviceUDID: emulator-5554, disableWindowAnimation: true, javascriptEnabled: true, locationContextEnabled: false, networkConnectionEnabled: true, newCommandTimeout: 6000, noReset: false, pixelRatio: 3.5, platform: LINUX, platformName: Android, platformVersion: 12, statBarHeight: 84, takesScreenshot: true, viewportRect: {height: 2844, left: 0, top: 84, width: 1440}, warnings: {}, webStorageEnabled: false}
Session ID: d2eb4b3d-8843-42bd-be05-ba9cdeb71655
	at java.base/jdk.internal.reflect.NativeConstructorAccessorImpl.newInstance0(Native Method)
	at java.base/jdk.internal.reflect.NativeConstructorAccessorImpl.newInstance(NativeConstructorAccessorImpl.java:62)
	at java.base/jdk.internal.reflect.DelegatingConstructorAccessorImpl.newInstance(DelegatingConstructorAccessorImpl.java:45)
	at java.base/java.lang.reflect.Constructor.newInstance(Constructor.java:490)
	at org.openqa.selenium.remote.http.W3CHttpResponseCodec.createException(W3CHttpResponseCodec.java:187)
	at org.openqa.selenium.remote.http.W3CHttpResponseCodec.decode(W3CHttpResponseCodec.java:122)
	at org.openqa.selenium.remote.http.W3CHttpResponseCodec.decode(W3CHttpResponseCodec.java:49)
	at org.openqa.selenium.remote.HttpCommandExecutor.execute(HttpCommandExecutor.java:158)
	at io.appium.java_client.remote.AppiumCommandExecutor.execute(AppiumCommandExecutor.java:239)
	at org.openqa.selenium.remote.RemoteWebDriver.execute(RemoteWebDriver.java:552)
	at io.appium.java_client.DefaultGenericMobileDriver.execute(DefaultGenericMobileDriver.java:41)
	at io.appium.java_client.AppiumDriver.execute(AppiumDriver.java:1)
	at io.appium.java_client.android.AndroidDriver.execute(AndroidDriver.java:1)
	at org.openqa.selenium.remote.RemoteWebElement.execute(RemoteWebElement.java:285)
	at io.appium.java_client.DefaultGenericMobileElement.execute(DefaultGenericMobileElement.java:45)
	at io.appium.java_client.MobileElement.execute(MobileElement.java:1)
	at io.appium.java_client.android.AndroidElement.execute(AndroidElement.java:1)
	at org.openqa.selenium.remote.RemoteWebElement.click(RemoteWebElement.java:84)
	at Libraries.TestUtils.clickElementBy(TestUtils.java:36)
	at Pages.RehberimVeBankHspPage.click_Duzenle(RehberimVeBankHspPage.java:100)
	at Basic.KisiAdiGuncelleTest.KisiAdiGuncelle(KisiAdiGuncelleTest.java:35)
</failure>
    <system-out>330961 [main] INFO  Utils.Log  - Closing Driver
&amp;#27;[35m[Appium]&amp;#27;[39m Welcome to Appium v1.22.3
&amp;#27;[35m[Appium]&amp;#27;[39m Non-default server args:
&amp;#27;[35m[Appium]&amp;#27;[39m   port: 22151
&amp;#27;[35m[Appium]&amp;#27;[39m Appium REST http interface listener started on 0.0.0.0:22151
&amp;#27;[35m[HTTP]&amp;#27;[39m &amp;#27;[37m--&gt;&amp;#27;[39m &amp;#27;[37mGET&amp;#27;[39m &amp;#27;[37m/wd/hub/status&amp;#27;[39m
&amp;#27;[35m[HTTP]&amp;#27;[39m &amp;#27;[90m{}&amp;#27;[39m
[debug] &amp;#27;[35m[GENERIC]&amp;#27;[39m Calling AppiumDriver.getStatus() with args: []
[debug] &amp;#27;[35m[GENERIC]&amp;#27;[39m Responding to client with driver.getStatus() result: {&quot;build&quot;:{&quot;version&quot;:&quot;1.22.3&quot;}}
Allure environment data saved.
344818 [main] INFO  Utils.Log  - �al��t�rma �ncesi ayarlar uygulan�yor...
344819 [main] INFO  Utils.Log  - KisiAdiGuncelle test started.
365973 [main] INFO  Utils.Log  - KisiAdiGuncelle test is failed.
Screenshot captured for test case:KisiAdiGuncelle
</system-out>
    <system-err>Kas 25, 2022 3:18:43 �S io.appium.java_client.remote.AppiumCommandExecutor$1 lambda$0
INFO: Detected dialect: W3C
</system-err>
  </testcase>
  <testcase classname="Basic.KisiDavetEtTest" name="KisiDavetEt" time="23.429"/>
  <testcase classname="Basic.KisidenParaIsteTest" name="KayitliKisidenParaIste" time="19.715"/>
  <testcase classname="Basic.KisiDetayIncelemeTest" name="KisiDetayInceleme" time="33.823">
    <failure message="An element could not be located on the page using the given search parameters.
For documentation on this error, please visit: https://www.seleniumhq.org/exceptions/no_such_element.html
Build info: version: &apos;3.141.59&apos;, revision: &apos;e82be7d358&apos;, time: &apos;2018-11-14T08:17:03&apos;
System info: host: &apos;N110688&apos;, ip: &apos;10.10.20.104&apos;, os.name: &apos;Windows 10&apos;, os.arch: &apos;amd64&apos;, os.version: &apos;10.0&apos;, java.version: &apos;11.0.10&apos;
Driver info: io.appium.java_client.android.AndroidDriver
Capabilities {VERSION: 11, appActivity: tr.com.innova.fintek.ttpay...., appPackage: tr.com.turktelekom.pokus.test, autoAcceptAlerts: true, autoGrantPermissions: true, automationName: UiAutomator2, databaseEnabled: false, desired: {VERSION: 11, appActivity: tr.com.innova.fintek.ttpay...., appPackage: tr.com.turktelekom.pokus.test, autoAcceptAlerts: true, autoGrantPermissions: true, automationName: UiAutomator2, deviceName: Pixel_XL_API_33, disableWindowAnimation: true, newCommandTimeout: 6000, noReset: false, platformName: android}, deviceApiLevel: 32, deviceManufacturer: Google, deviceModel: sdk_gphone64_x86_64, deviceName: emulator-5554, deviceScreenDensity: 560, deviceScreenSize: 1440x3120, deviceUDID: emulator-5554, disableWindowAnimation: true, javascriptEnabled: true, locationContextEnabled: false, networkConnectionEnabled: true, newCommandTimeout: 6000, noReset: false, pixelRatio: 3.5, platform: LINUX, platformName: Android, platformVersion: 12, statBarHeight: 84, takesScreenshot: true, viewportRect: {height: 2844, left: 0, top: 84, width: 1440}, warnings: {}, webStorageEnabled: false}
Session ID: 461a4bf8-bd41-465d-8904-03b30179a115
*** Element info: {Using=xpath, value=//android.widget.TextView[@text=&apos;Hesabını Onayla&apos;]}" type="org.openqa.selenium.NoSuchElementException">org.openqa.selenium.NoSuchElementException: An element could not be located on the page using the given search parameters.
For documentation on this error, please visit: https://www.seleniumhq.org/exceptions/no_such_element.html
Build info: version: &apos;3.141.59&apos;, revision: &apos;e82be7d358&apos;, time: &apos;2018-11-14T08:17:03&apos;
System info: host: &apos;N110688&apos;, ip: &apos;10.10.20.104&apos;, os.name: &apos;Windows 10&apos;, os.arch: &apos;amd64&apos;, os.version: &apos;10.0&apos;, java.version: &apos;11.0.10&apos;
Driver info: io.appium.java_client.android.AndroidDriver
Capabilities {VERSION: 11, appActivity: tr.com.innova.fintek.ttpay...., appPackage: tr.com.turktelekom.pokus.test, autoAcceptAlerts: true, autoGrantPermissions: true, automationName: UiAutomator2, databaseEnabled: false, desired: {VERSION: 11, appActivity: tr.com.innova.fintek.ttpay...., appPackage: tr.com.turktelekom.pokus.test, autoAcceptAlerts: true, autoGrantPermissions: true, automationName: UiAutomator2, deviceName: Pixel_XL_API_33, disableWindowAnimation: true, newCommandTimeout: 6000, noReset: false, platformName: android}, deviceApiLevel: 32, deviceManufacturer: Google, deviceModel: sdk_gphone64_x86_64, deviceName: emulator-5554, deviceScreenDensity: 560, deviceScreenSize: 1440x3120, deviceUDID: emulator-5554, disableWindowAnimation: true, javascriptEnabled: true, locationContextEnabled: false, networkConnectionEnabled: true, newCommandTimeout: 6000, noReset: false, pixelRatio: 3.5, platform: LINUX, platformName: Android, platformVersion: 12, statBarHeight: 84, takesScreenshot: true, viewportRect: {height: 2844, left: 0, top: 84, width: 1440}, warnings: {}, webStorageEnabled: false}
Session ID: 461a4bf8-bd41-465d-8904-03b30179a115
*** Element info: {Using=xpath, value=//android.widget.TextView[@text=&apos;Hesabını Onayla&apos;]}
	at java.base/jdk.internal.reflect.NativeConstructorAccessorImpl.newInstance0(Native Method)
	at java.base/jdk.internal.reflect.NativeConstructorAccessorImpl.newInstance(NativeConstructorAccessorImpl.java:62)
	at java.base/jdk.internal.reflect.DelegatingConstructorAccessorImpl.newInstance(DelegatingConstructorAccessorImpl.java:45)
	at java.base/java.lang.reflect.Constructor.newInstance(Constructor.java:490)
	at org.openqa.selenium.remote.http.W3CHttpResponseCodec.createException(W3CHttpResponseCodec.java:187)
	at org.openqa.selenium.remote.http.W3CHttpResponseCodec.decode(W3CHttpResponseCodec.java:122)
	at org.openqa.selenium.remote.http.W3CHttpResponseCodec.decode(W3CHttpResponseCodec.java:49)
	at org.openqa.selenium.remote.HttpCommandExecutor.execute(HttpCommandExecutor.java:158)
	at io.appium.java_client.remote.AppiumCommandExecutor.execute(AppiumCommandExecutor.java:239)
	at org.openqa.selenium.remote.RemoteWebDriver.execute(RemoteWebDriver.java:552)
	at io.appium.java_client.DefaultGenericMobileDriver.execute(DefaultGenericMobileDriver.java:41)
	at io.appium.java_client.AppiumDriver.execute(AppiumDriver.java:1)
	at io.appium.java_client.android.AndroidDriver.execute(AndroidDriver.java:1)
	at org.openqa.selenium.remote.RemoteWebDriver.findElement(RemoteWebDriver.java:323)
	at io.appium.java_client.DefaultGenericMobileDriver.findElement(DefaultGenericMobileDriver.java:61)
	at io.appium.java_client.AppiumDriver.findElement(AppiumDriver.java:1)
	at io.appium.java_client.android.AndroidDriver.findElement(AndroidDriver.java:1)
	at org.openqa.selenium.remote.RemoteWebDriver.findElementByXPath(RemoteWebDriver.java:428)
	at io.appium.java_client.DefaultGenericMobileDriver.findElementByXPath(DefaultGenericMobileDriver.java:151)
	at io.appium.java_client.AppiumDriver.findElementByXPath(AppiumDriver.java:1)
	at io.appium.java_client.android.AndroidDriver.findElementByXPath(AndroidDriver.java:1)
	at org.openqa.selenium.By$ByXPath.findElement(By.java:353)
	at org.openqa.selenium.remote.RemoteWebDriver.findElement(RemoteWebDriver.java:315)
	at io.appium.java_client.DefaultGenericMobileDriver.findElement(DefaultGenericMobileDriver.java:57)
	at io.appium.java_client.AppiumDriver.findElement(AppiumDriver.java:1)
	at io.appium.java_client.android.AndroidDriver.findElement(AndroidDriver.java:1)
	at org.openqa.selenium.support.ui.ExpectedConditions$6.apply(ExpectedConditions.java:182)
	at org.openqa.selenium.support.ui.ExpectedConditions$6.apply(ExpectedConditions.java:179)
	at org.openqa.selenium.support.ui.FluentWait.until(FluentWait.java:249)
	at Libraries.TestUtils.tryFindElement(TestUtils.java:45)
	at Libraries.TestUtils.clickElementBy(TestUtils.java:36)
	at Pages.LeftPanelPage.click_hesabiniOnayla(LeftPanelPage.java:40)
	at Basic.KisiDetayIncelemeTest.KisiDetayInceleme(KisiDetayIncelemeTest.java:31)
</failure>
    <system-out>439698 [main] INFO  Utils.Log  - Closing Driver
&amp;#27;[35m[Appium]&amp;#27;[39m Welcome to Appium v1.22.3
&amp;#27;[35m[Appium]&amp;#27;[39m Non-default server args:
&amp;#27;[35m[Appium]&amp;#27;[39m   port: 30928
&amp;#27;[35m[Appium]&amp;#27;[39m Appium REST http interface listener started on 0.0.0.0:30928
&amp;#27;[35m[HTTP]&amp;#27;[39m &amp;#27;[37m--&gt;&amp;#27;[39m &amp;#27;[37mGET&amp;#27;[39m &amp;#27;[37m/wd/hub/status&amp;#27;[39m
&amp;#27;[35m[HTTP]&amp;#27;[39m &amp;#27;[90m{}&amp;#27;[39m
[debug] &amp;#27;[35m[GENERIC]&amp;#27;[39m Calling AppiumDriver.getStatus() with args: []
[debug] &amp;#27;[35m[GENERIC]&amp;#27;[39m Responding to client with driver.getStatus() result: {&quot;build&quot;:{&quot;version&quot;:&quot;1.22.3&quot;}}
Allure environment data saved.
453200 [main] INFO  Utils.Log  - �al��t�rma �ncesi ayarlar uygulan�yor...
453201 [main] INFO  Utils.Log  - KisiDetayInceleme test started.
486275 [main] INFO  Utils.Log  - KisiDetayInceleme test is failed.
Screenshot captured for test case:KisiDetayInceleme
</system-out>
    <system-err>Kas 25, 2022 3:20:31 �S io.appium.java_client.remote.AppiumCommandExecutor$1 lambda$0
INFO: Detected dialect: W3C
</system-err>
  </testcase>
  <testcase classname="Basic.KisiOlusturTest" name="KisiOlustur" time="26.111"/>
  <testcase classname="Basic.KisiyeParaGonderTest" name="KayitliKisiyeParaGonder" time="20.123"/>
  <testcase classname="Basic.KrediBankaKartiEkleTest" name="KrediBankaKartiEkle" time="18.882"/>
  <testcase classname="Basic.ParaGonderTest" name="LoginAndClickParaGonder" time="15.608"/>
  <testcase classname="Basic.ParaIsteKayitliKisidenTest" name="KayitliKisidenParaIste" time="19.988"/>
  <testcase classname="Basic.ParaIsteTest" name="LoginAndClickParaIste" time="17.683"/>
  <testcase classname="Basic.PokusKartEkleTest" name="PokusKartEkle" time="21.426"/>
  <testcase classname="Basic.SifreGuncelleTest" name="SifreGuncelle" time="23.502"/>
  <testcase classname="Basic.YeniKisiOlusturduktanSonraParaGonderTest" name="YeniKisiOlusturVeParaGonder" time="32.907"/>
  <testcase classname="Basic.YeniKisiOlusturduktanSonraParaIsteTest" name="YeniKisiOlusturVeParaGonder" time="31.098"/>
  <testcase classname="Login.LoginHataliParolaTest" name="LoginHataliParola" time="25.712">
    <failure message="An element could not be located on the page using the given search parameters.
For documentation on this error, please visit: https://www.seleniumhq.org/exceptions/no_such_element.html
Build info: version: &apos;3.141.59&apos;, revision: &apos;e82be7d358&apos;, time: &apos;2018-11-14T08:17:03&apos;
System info: host: &apos;N110688&apos;, ip: &apos;10.10.20.104&apos;, os.name: &apos;Windows 10&apos;, os.arch: &apos;amd64&apos;, os.version: &apos;10.0&apos;, java.version: &apos;11.0.10&apos;
Driver info: io.appium.java_client.android.AndroidDriver
Capabilities {VERSION: 11, appActivity: tr.com.innova.fintek.ttpay...., appPackage: tr.com.turktelekom.pokus.test, autoAcceptAlerts: true, autoGrantPermissions: true, automationName: UiAutomator2, databaseEnabled: false, desired: {VERSION: 11, appActivity: tr.com.innova.fintek.ttpay...., appPackage: tr.com.turktelekom.pokus.test, autoAcceptAlerts: true, autoGrantPermissions: true, automationName: UiAutomator2, deviceName: Pixel_XL_API_33, disableWindowAnimation: true, newCommandTimeout: 6000, noReset: false, platformName: android}, deviceApiLevel: 32, deviceManufacturer: Google, deviceModel: sdk_gphone64_x86_64, deviceName: emulator-5554, deviceScreenDensity: 560, deviceScreenSize: 1440x3120, deviceUDID: emulator-5554, disableWindowAnimation: true, javascriptEnabled: true, locationContextEnabled: false, networkConnectionEnabled: true, newCommandTimeout: 6000, noReset: false, pixelRatio: 3.5, platform: LINUX, platformName: Android, platformVersion: 12, statBarHeight: 84, takesScreenshot: true, viewportRect: {height: 2844, left: 0, top: 84, width: 1440}, warnings: {}, webStorageEnabled: false}
Session ID: 9cf1acf9-ffa9-47da-b189-d3c6ec46c726
*** Element info: {Using=id, value=tv_information_dialog_message}" type="org.openqa.selenium.NoSuchElementException">org.openqa.selenium.NoSuchElementException: An element could not be located on the page using the given search parameters.
For documentation on this error, please visit: https://www.seleniumhq.org/exceptions/no_such_element.html
Build info: version: &apos;3.141.59&apos;, revision: &apos;e82be7d358&apos;, time: &apos;2018-11-14T08:17:03&apos;
System info: host: &apos;N110688&apos;, ip: &apos;10.10.20.104&apos;, os.name: &apos;Windows 10&apos;, os.arch: &apos;amd64&apos;, os.version: &apos;10.0&apos;, java.version: &apos;11.0.10&apos;
Driver info: io.appium.java_client.android.AndroidDriver
Capabilities {VERSION: 11, appActivity: tr.com.innova.fintek.ttpay...., appPackage: tr.com.turktelekom.pokus.test, autoAcceptAlerts: true, autoGrantPermissions: true, automationName: UiAutomator2, databaseEnabled: false, desired: {VERSION: 11, appActivity: tr.com.innova.fintek.ttpay...., appPackage: tr.com.turktelekom.pokus.test, autoAcceptAlerts: true, autoGrantPermissions: true, automationName: UiAutomator2, deviceName: Pixel_XL_API_33, disableWindowAnimation: true, newCommandTimeout: 6000, noReset: false, platformName: android}, deviceApiLevel: 32, deviceManufacturer: Google, deviceModel: sdk_gphone64_x86_64, deviceName: emulator-5554, deviceScreenDensity: 560, deviceScreenSize: 1440x3120, deviceUDID: emulator-5554, disableWindowAnimation: true, javascriptEnabled: true, locationContextEnabled: false, networkConnectionEnabled: true, newCommandTimeout: 6000, noReset: false, pixelRatio: 3.5, platform: LINUX, platformName: Android, platformVersion: 12, statBarHeight: 84, takesScreenshot: true, viewportRect: {height: 2844, left: 0, top: 84, width: 1440}, warnings: {}, webStorageEnabled: false}
Session ID: 9cf1acf9-ffa9-47da-b189-d3c6ec46c726
*** Element info: {Using=id, value=tv_information_dialog_message}
	at java.base/jdk.internal.reflect.NativeConstructorAccessorImpl.newInstance0(Native Method)
	at java.base/jdk.internal.reflect.NativeConstructorAccessorImpl.newInstance(NativeConstructorAccessorImpl.java:62)
	at java.base/jdk.internal.reflect.DelegatingConstructorAccessorImpl.newInstance(DelegatingConstructorAccessorImpl.java:45)
	at java.base/java.lang.reflect.Constructor.newInstance(Constructor.java:490)
	at org.openqa.selenium.remote.http.W3CHttpResponseCodec.createException(W3CHttpResponseCodec.java:187)
	at org.openqa.selenium.remote.http.W3CHttpResponseCodec.decode(W3CHttpResponseCodec.java:122)
	at org.openqa.selenium.remote.http.W3CHttpResponseCodec.decode(W3CHttpResponseCodec.java:49)
	at org.openqa.selenium.remote.HttpCommandExecutor.execute(HttpCommandExecutor.java:158)
	at io.appium.java_client.remote.AppiumCommandExecutor.execute(AppiumCommandExecutor.java:239)
	at org.openqa.selenium.remote.RemoteWebDriver.execute(RemoteWebDriver.java:552)
	at io.appium.java_client.DefaultGenericMobileDriver.execute(DefaultGenericMobileDriver.java:41)
	at io.appium.java_client.AppiumDriver.execute(AppiumDriver.java:1)
	at io.appium.java_client.android.AndroidDriver.execute(AndroidDriver.java:1)
	at org.openqa.selenium.remote.RemoteWebDriver.findElement(RemoteWebDriver.java:323)
	at io.appium.java_client.DefaultGenericMobileDriver.findElement(DefaultGenericMobileDriver.java:61)
	at io.appium.java_client.AppiumDriver.findElement(AppiumDriver.java:1)
	at io.appium.java_client.android.AndroidDriver.findElement(AndroidDriver.java:1)
	at org.openqa.selenium.remote.RemoteWebDriver.findElementById(RemoteWebDriver.java:372)
	at io.appium.java_client.DefaultGenericMobileDriver.findElementById(DefaultGenericMobileDriver.java:69)
	at io.appium.java_client.AppiumDriver.findElementById(AppiumDriver.java:1)
	at io.appium.java_client.android.AndroidDriver.findElementById(AndroidDriver.java:1)
	at org.openqa.selenium.By$ById.findElement(By.java:188)
	at org.openqa.selenium.remote.RemoteWebDriver.findElement(RemoteWebDriver.java:315)
	at io.appium.java_client.DefaultGenericMobileDriver.findElement(DefaultGenericMobileDriver.java:57)
	at io.appium.java_client.AppiumDriver.findElement(AppiumDriver.java:1)
	at io.appium.java_client.android.AndroidDriver.findElement(AndroidDriver.java:1)
	at org.openqa.selenium.support.ui.ExpectedConditions$6.apply(ExpectedConditions.java:182)
	at org.openqa.selenium.support.ui.ExpectedConditions$6.apply(ExpectedConditions.java:179)
	at org.openqa.selenium.support.ui.FluentWait.until(FluentWait.java:249)
	at Libraries.TestUtils.tryFindElement(TestUtils.java:45)
	at Libraries.TestUtils.getTextFromElement(TestUtils.java:50)
	at Pages.LoginPage.getTextOfOTPMessage(LoginPage.java:64)
	at Pages.LoginPage.login(LoginPage.java:73)
	at Login.LoginHataliParolaTest.LoginHataliParola(LoginHataliParolaTest.java:34)
</failure>
    <system-out>870003 [main] INFO  Utils.Log  - Closing Driver
&amp;#27;[35m[Appium]&amp;#27;[39m Welcome to Appium v1.22.3
&amp;#27;[35m[Appium]&amp;#27;[39m Non-default server args:
&amp;#27;[35m[Appium]&amp;#27;[39m   port: 15397
&amp;#27;[35m[Appium]&amp;#27;[39m Appium REST http interface listener started on 0.0.0.0:15397
&amp;#27;[35m[HTTP]&amp;#27;[39m &amp;#27;[37m--&gt;&amp;#27;[39m &amp;#27;[37mGET&amp;#27;[39m &amp;#27;[37m/wd/hub/status&amp;#27;[39m
&amp;#27;[35m[HTTP]&amp;#27;[39m &amp;#27;[90m{}&amp;#27;[39m
[debug] &amp;#27;[35m[GENERIC]&amp;#27;[39m Calling AppiumDriver.getStatus() with args: []
[debug] &amp;#27;[35m[GENERIC]&amp;#27;[39m Responding to client with driver.getStatus() result: {&quot;build&quot;:{&quot;version&quot;:&quot;1.22.3&quot;}}
Allure environment data saved.
886709 [main] INFO  Utils.Log  - �al��t�rma �ncesi ayarlar uygulan�yor...
886709 [main] INFO  Utils.Log  - LoginHataliParola test started.
911575 [main] INFO  Utils.Log  - LoginHataliParola test is failed.
Screenshot captured for test case:LoginHataliParola
</system-out>
    <system-err>Kas 25, 2022 3:27:45 �S io.appium.java_client.remote.AppiumCommandExecutor$1 lambda$0
INFO: Detected dialect: W3C
</system-err>
  </testcase>
  <testcase classname="Login.LoginLogOutTest" name="LoginAndLogOut" time="19.992"/>
  <testcase classname="Login.ParolamiUnuttumTest" name="ParolamiUnuttum" time="6.516"/>
  <testcase classname="Register.Register5leBaslamayanNoTest" name="Register5ileBaslamayanNo" time="5.119"/>
  <testcase classname="Register.RegisterTest" name="Register" time="24.826">
    <failure message="An element could not be located on the page using the given search parameters.
For documentation on this error, please visit: https://www.seleniumhq.org/exceptions/no_such_element.html
Build info: version: &apos;3.141.59&apos;, revision: &apos;e82be7d358&apos;, time: &apos;2018-11-14T08:17:03&apos;
System info: host: &apos;N110688&apos;, ip: &apos;10.10.20.104&apos;, os.name: &apos;Windows 10&apos;, os.arch: &apos;amd64&apos;, os.version: &apos;10.0&apos;, java.version: &apos;11.0.10&apos;
Driver info: io.appium.java_client.android.AndroidDriver
Capabilities {VERSION: 11, appActivity: tr.com.innova.fintek.ttpay...., appPackage: tr.com.turktelekom.pokus.test, autoAcceptAlerts: true, autoGrantPermissions: true, automationName: UiAutomator2, databaseEnabled: false, desired: {VERSION: 11, appActivity: tr.com.innova.fintek.ttpay...., appPackage: tr.com.turktelekom.pokus.test, autoAcceptAlerts: true, autoGrantPermissions: true, automationName: UiAutomator2, deviceName: Pixel_XL_API_33, disableWindowAnimation: true, newCommandTimeout: 6000, noReset: false, platformName: android}, deviceApiLevel: 32, deviceManufacturer: Google, deviceModel: sdk_gphone64_x86_64, deviceName: emulator-5554, deviceScreenDensity: 560, deviceScreenSize: 1440x3120, deviceUDID: emulator-5554, disableWindowAnimation: true, javascriptEnabled: true, locationContextEnabled: false, networkConnectionEnabled: true, newCommandTimeout: 6000, noReset: false, pixelRatio: 3.5, platform: LINUX, platformName: Android, platformVersion: 12, statBarHeight: 84, takesScreenshot: true, viewportRect: {height: 2844, left: 0, top: 84, width: 1440}, warnings: {}, webStorageEnabled: false}
Session ID: e6ad98a8-8046-487b-bcf6-098787a93b8d
*** Element info: {Using=id, value=abtn_register_activation_sms_fragment_continue}" type="org.openqa.selenium.NoSuchElementException">org.openqa.selenium.NoSuchElementException: An element could not be located on the page using the given search parameters.
For documentation on this error, please visit: https://www.seleniumhq.org/exceptions/no_such_element.html
Build info: version: &apos;3.141.59&apos;, revision: &apos;e82be7d358&apos;, time: &apos;2018-11-14T08:17:03&apos;
System info: host: &apos;N110688&apos;, ip: &apos;10.10.20.104&apos;, os.name: &apos;Windows 10&apos;, os.arch: &apos;amd64&apos;, os.version: &apos;10.0&apos;, java.version: &apos;11.0.10&apos;
Driver info: io.appium.java_client.android.AndroidDriver
Capabilities {VERSION: 11, appActivity: tr.com.innova.fintek.ttpay...., appPackage: tr.com.turktelekom.pokus.test, autoAcceptAlerts: true, autoGrantPermissions: true, automationName: UiAutomator2, databaseEnabled: false, desired: {VERSION: 11, appActivity: tr.com.innova.fintek.ttpay...., appPackage: tr.com.turktelekom.pokus.test, autoAcceptAlerts: true, autoGrantPermissions: true, automationName: UiAutomator2, deviceName: Pixel_XL_API_33, disableWindowAnimation: true, newCommandTimeout: 6000, noReset: false, platformName: android}, deviceApiLevel: 32, deviceManufacturer: Google, deviceModel: sdk_gphone64_x86_64, deviceName: emulator-5554, deviceScreenDensity: 560, deviceScreenSize: 1440x3120, deviceUDID: emulator-5554, disableWindowAnimation: true, javascriptEnabled: true, locationContextEnabled: false, networkConnectionEnabled: true, newCommandTimeout: 6000, noReset: false, pixelRatio: 3.5, platform: LINUX, platformName: Android, platformVersion: 12, statBarHeight: 84, takesScreenshot: true, viewportRect: {height: 2844, left: 0, top: 84, width: 1440}, warnings: {}, webStorageEnabled: false}
Session ID: e6ad98a8-8046-487b-bcf6-098787a93b8d
*** Element info: {Using=id, value=abtn_register_activation_sms_fragment_continue}
	at java.base/jdk.internal.reflect.NativeConstructorAccessorImpl.newInstance0(Native Method)
	at java.base/jdk.internal.reflect.NativeConstructorAccessorImpl.newInstance(NativeConstructorAccessorImpl.java:62)
	at java.base/jdk.internal.reflect.DelegatingConstructorAccessorImpl.newInstance(DelegatingConstructorAccessorImpl.java:45)
	at java.base/java.lang.reflect.Constructor.newInstance(Constructor.java:490)
	at org.openqa.selenium.remote.http.W3CHttpResponseCodec.createException(W3CHttpResponseCodec.java:187)
	at org.openqa.selenium.remote.http.W3CHttpResponseCodec.decode(W3CHttpResponseCodec.java:122)
	at org.openqa.selenium.remote.http.W3CHttpResponseCodec.decode(W3CHttpResponseCodec.java:49)
	at org.openqa.selenium.remote.HttpCommandExecutor.execute(HttpCommandExecutor.java:158)
	at io.appium.java_client.remote.AppiumCommandExecutor.execute(AppiumCommandExecutor.java:239)
	at org.openqa.selenium.remote.RemoteWebDriver.execute(RemoteWebDriver.java:552)
	at io.appium.java_client.DefaultGenericMobileDriver.execute(DefaultGenericMobileDriver.java:41)
	at io.appium.java_client.AppiumDriver.execute(AppiumDriver.java:1)
	at io.appium.java_client.android.AndroidDriver.execute(AndroidDriver.java:1)
	at org.openqa.selenium.remote.RemoteWebDriver.findElement(RemoteWebDriver.java:323)
	at io.appium.java_client.DefaultGenericMobileDriver.findElement(DefaultGenericMobileDriver.java:61)
	at io.appium.java_client.AppiumDriver.findElement(AppiumDriver.java:1)
	at io.appium.java_client.android.AndroidDriver.findElement(AndroidDriver.java:1)
	at org.openqa.selenium.remote.RemoteWebDriver.findElementById(RemoteWebDriver.java:372)
	at io.appium.java_client.DefaultGenericMobileDriver.findElementById(DefaultGenericMobileDriver.java:69)
	at io.appium.java_client.AppiumDriver.findElementById(AppiumDriver.java:1)
	at io.appium.java_client.android.AndroidDriver.findElementById(AndroidDriver.java:1)
	at org.openqa.selenium.By$ById.findElement(By.java:188)
	at org.openqa.selenium.remote.RemoteWebDriver.findElement(RemoteWebDriver.java:315)
	at io.appium.java_client.DefaultGenericMobileDriver.findElement(DefaultGenericMobileDriver.java:57)
	at io.appium.java_client.AppiumDriver.findElement(AppiumDriver.java:1)
	at io.appium.java_client.android.AndroidDriver.findElement(AndroidDriver.java:1)
	at org.openqa.selenium.support.ui.ExpectedConditions$6.apply(ExpectedConditions.java:182)
	at org.openqa.selenium.support.ui.ExpectedConditions$6.apply(ExpectedConditions.java:179)
	at org.openqa.selenium.support.ui.FluentWait.until(FluentWait.java:249)
	at Libraries.TestUtils.tryFindElement(TestUtils.java:45)
	at Libraries.TestUtils.clickElementBy(TestUtils.java:36)
	at Pages.RegisterPage.click_devamEtButtonAfterOTP(RegisterPage.java:65)
	at Register.RegisterTest.Register(RegisterTest.java:29)
</failure>
    <system-out>989828 [main] INFO  Utils.Log  - Closing Driver
&amp;#27;[35m[Appium]&amp;#27;[39m Welcome to Appium v1.22.3
&amp;#27;[35m[Appium]&amp;#27;[39m Non-default server args:
&amp;#27;[35m[Appium]&amp;#27;[39m   port: 41016
&amp;#27;[35m[Appium]&amp;#27;[39m Appium REST http interface listener started on 0.0.0.0:41016
&amp;#27;[35m[HTTP]&amp;#27;[39m &amp;#27;[37m--&gt;&amp;#27;[39m &amp;#27;[37mGET&amp;#27;[39m &amp;#27;[37m/wd/hub/status&amp;#27;[39m
&amp;#27;[35m[HTTP]&amp;#27;[39m &amp;#27;[90m{}&amp;#27;[39m
[debug] &amp;#27;[35m[GENERIC]&amp;#27;[39m Calling AppiumDriver.getStatus() with args: []
[debug] &amp;#27;[35m[GENERIC]&amp;#27;[39m Responding to client with driver.getStatus() result: {&quot;build&quot;:{&quot;version&quot;:&quot;1.22.3&quot;}}
Allure environment data saved.
1004864 [main] INFO  Utils.Log  - �al��t�rma �ncesi ayarlar uygulan�yor...
1004864 [main] INFO  Utils.Log  - Register test started.
1010512 [main] INFO  Utils.Log  - Value: 5929607030
1028901 [main] INFO  Utils.Log  - Register test is failed.
Screenshot captured for test case:Register
</system-out>
    <system-err>Kas 25, 2022 3:29:43 �S io.appium.java_client.remote.AppiumCommandExecutor$1 lambda$0
INFO: Detected dialect: W3C
</system-err>
  </testcase>
  <testcase classname="Register.RegisterVarOlanKullaniciTest" name="RegisterVarOlanKullanici" time="7.548"/>
  <testcase classname="Register.RegisterYanlisOTPTest" name="RegisterYanlisOTP" time="25.11">
    <failure message="An element could not be located on the page using the given search parameters.
For documentation on this error, please visit: https://www.seleniumhq.org/exceptions/no_such_element.html
Build info: version: &apos;3.141.59&apos;, revision: &apos;e82be7d358&apos;, time: &apos;2018-11-14T08:17:03&apos;
System info: host: &apos;N110688&apos;, ip: &apos;10.10.20.104&apos;, os.name: &apos;Windows 10&apos;, os.arch: &apos;amd64&apos;, os.version: &apos;10.0&apos;, java.version: &apos;11.0.10&apos;
Driver info: io.appium.java_client.android.AndroidDriver
Capabilities {VERSION: 11, appActivity: tr.com.innova.fintek.ttpay...., appPackage: tr.com.turktelekom.pokus.test, autoAcceptAlerts: true, autoGrantPermissions: true, automationName: UiAutomator2, databaseEnabled: false, desired: {VERSION: 11, appActivity: tr.com.innova.fintek.ttpay...., appPackage: tr.com.turktelekom.pokus.test, autoAcceptAlerts: true, autoGrantPermissions: true, automationName: UiAutomator2, deviceName: Pixel_XL_API_33, disableWindowAnimation: true, newCommandTimeout: 6000, noReset: false, platformName: android}, deviceApiLevel: 32, deviceManufacturer: Google, deviceModel: sdk_gphone64_x86_64, deviceName: emulator-5554, deviceScreenDensity: 560, deviceScreenSize: 1440x3120, deviceUDID: emulator-5554, disableWindowAnimation: true, javascriptEnabled: true, locationContextEnabled: false, networkConnectionEnabled: true, newCommandTimeout: 6000, noReset: false, pixelRatio: 3.5, platform: LINUX, platformName: Android, platformVersion: 12, statBarHeight: 84, takesScreenshot: true, viewportRect: {height: 2844, left: 0, top: 84, width: 1440}, warnings: {}, webStorageEnabled: false}
Session ID: c3921cad-b7f8-410b-85c4-fa990fe02305
*** Element info: {Using=id, value=abtn_register_activation_sms_fragment_continue}" type="org.openqa.selenium.NoSuchElementException">org.openqa.selenium.NoSuchElementException: An element could not be located on the page using the given search parameters.
For documentation on this error, please visit: https://www.seleniumhq.org/exceptions/no_such_element.html
Build info: version: &apos;3.141.59&apos;, revision: &apos;e82be7d358&apos;, time: &apos;2018-11-14T08:17:03&apos;
System info: host: &apos;N110688&apos;, ip: &apos;10.10.20.104&apos;, os.name: &apos;Windows 10&apos;, os.arch: &apos;amd64&apos;, os.version: &apos;10.0&apos;, java.version: &apos;11.0.10&apos;
Driver info: io.appium.java_client.android.AndroidDriver
Capabilities {VERSION: 11, appActivity: tr.com.innova.fintek.ttpay...., appPackage: tr.com.turktelekom.pokus.test, autoAcceptAlerts: true, autoGrantPermissions: true, automationName: UiAutomator2, databaseEnabled: false, desired: {VERSION: 11, appActivity: tr.com.innova.fintek.ttpay...., appPackage: tr.com.turktelekom.pokus.test, autoAcceptAlerts: true, autoGrantPermissions: true, automationName: UiAutomator2, deviceName: Pixel_XL_API_33, disableWindowAnimation: true, newCommandTimeout: 6000, noReset: false, platformName: android}, deviceApiLevel: 32, deviceManufacturer: Google, deviceModel: sdk_gphone64_x86_64, deviceName: emulator-5554, deviceScreenDensity: 560, deviceScreenSize: 1440x3120, deviceUDID: emulator-5554, disableWindowAnimation: true, javascriptEnabled: true, locationContextEnabled: false, networkConnectionEnabled: true, newCommandTimeout: 6000, noReset: false, pixelRatio: 3.5, platform: LINUX, platformName: Android, platformVersion: 12, statBarHeight: 84, takesScreenshot: true, viewportRect: {height: 2844, left: 0, top: 84, width: 1440}, warnings: {}, webStorageEnabled: false}
Session ID: c3921cad-b7f8-410b-85c4-fa990fe02305
*** Element info: {Using=id, value=abtn_register_activation_sms_fragment_continue}
	at java.base/jdk.internal.reflect.NativeConstructorAccessorImpl.newInstance0(Native Method)
	at java.base/jdk.internal.reflect.NativeConstructorAccessorImpl.newInstance(NativeConstructorAccessorImpl.java:62)
	at java.base/jdk.internal.reflect.DelegatingConstructorAccessorImpl.newInstance(DelegatingConstructorAccessorImpl.java:45)
	at java.base/java.lang.reflect.Constructor.newInstance(Constructor.java:490)
	at org.openqa.selenium.remote.http.W3CHttpResponseCodec.createException(W3CHttpResponseCodec.java:187)
	at org.openqa.selenium.remote.http.W3CHttpResponseCodec.decode(W3CHttpResponseCodec.java:122)
	at org.openqa.selenium.remote.http.W3CHttpResponseCodec.decode(W3CHttpResponseCodec.java:49)
	at org.openqa.selenium.remote.HttpCommandExecutor.execute(HttpCommandExecutor.java:158)
	at io.appium.java_client.remote.AppiumCommandExecutor.execute(AppiumCommandExecutor.java:239)
	at org.openqa.selenium.remote.RemoteWebDriver.execute(RemoteWebDriver.java:552)
	at io.appium.java_client.DefaultGenericMobileDriver.execute(DefaultGenericMobileDriver.java:41)
	at io.appium.java_client.AppiumDriver.execute(AppiumDriver.java:1)
	at io.appium.java_client.android.AndroidDriver.execute(AndroidDriver.java:1)
	at org.openqa.selenium.remote.RemoteWebDriver.findElement(RemoteWebDriver.java:323)
	at io.appium.java_client.DefaultGenericMobileDriver.findElement(DefaultGenericMobileDriver.java:61)
	at io.appium.java_client.AppiumDriver.findElement(AppiumDriver.java:1)
	at io.appium.java_client.android.AndroidDriver.findElement(AndroidDriver.java:1)
	at org.openqa.selenium.remote.RemoteWebDriver.findElementById(RemoteWebDriver.java:372)
	at io.appium.java_client.DefaultGenericMobileDriver.findElementById(DefaultGenericMobileDriver.java:69)
	at io.appium.java_client.AppiumDriver.findElementById(AppiumDriver.java:1)
	at io.appium.java_client.android.AndroidDriver.findElementById(AndroidDriver.java:1)
	at org.openqa.selenium.By$ById.findElement(By.java:188)
	at org.openqa.selenium.remote.RemoteWebDriver.findElement(RemoteWebDriver.java:315)
	at io.appium.java_client.DefaultGenericMobileDriver.findElement(DefaultGenericMobileDriver.java:57)
	at io.appium.java_client.AppiumDriver.findElement(AppiumDriver.java:1)
	at io.appium.java_client.android.AndroidDriver.findElement(AndroidDriver.java:1)
	at org.openqa.selenium.support.ui.ExpectedConditions$6.apply(ExpectedConditions.java:182)
	at org.openqa.selenium.support.ui.ExpectedConditions$6.apply(ExpectedConditions.java:179)
	at org.openqa.selenium.support.ui.FluentWait.until(FluentWait.java:249)
	at Libraries.TestUtils.tryFindElement(TestUtils.java:45)
	at Libraries.TestUtils.clickElementBy(TestUtils.java:36)
	at Pages.RegisterPage.click_devamEtButtonAfterOTP(RegisterPage.java:65)
	at Register.RegisterYanlisOTPTest.RegisterYanlisOTP(RegisterYanlisOTPTest.java:28)
</failure>
    <system-out>1051305 [main] INFO  Utils.Log  - Closing Driver
&amp;#27;[35m[Appium]&amp;#27;[39m Welcome to Appium v1.22.3
&amp;#27;[35m[Appium]&amp;#27;[39m Non-default server args:
&amp;#27;[35m[Appium]&amp;#27;[39m   port: 45823
&amp;#27;[35m[Appium]&amp;#27;[39m Appium REST http interface listener started on 0.0.0.0:45823
&amp;#27;[35m[HTTP]&amp;#27;[39m &amp;#27;[37m--&gt;&amp;#27;[39m &amp;#27;[37mGET&amp;#27;[39m &amp;#27;[37m/wd/hub/status&amp;#27;[39m
&amp;#27;[35m[HTTP]&amp;#27;[39m &amp;#27;[90m{}&amp;#27;[39m
[debug] &amp;#27;[35m[GENERIC]&amp;#27;[39m Calling AppiumDriver.getStatus() with args: []
[debug] &amp;#27;[35m[GENERIC]&amp;#27;[39m Responding to client with driver.getStatus() result: {&quot;build&quot;:{&quot;version&quot;:&quot;1.22.3&quot;}}
Allure environment data saved.
1064957 [main] INFO  Utils.Log  - �al��t�rma �ncesi ayarlar uygulan�yor...
1064957 [main] INFO  Utils.Log  - RegisterYanlisOTP test started.
1070424 [main] INFO  Utils.Log  - Value: 5561739733
1089315 [main] INFO  Utils.Log  - RegisterYanlisOTP test is failed.
Screenshot captured for test case:RegisterYanlisOTP
</system-out>
    <system-err>Kas 25, 2022 3:30:43 �S io.appium.java_client.remote.AppiumCommandExecutor$1 lambda$0
INFO: Detected dialect: W3C
</system-err>
  </testcase>
  <testcase classname="SemiVerified.AdresGuncelleTest" name="AdresGuncelle" time="62.029"/>
  <testcase classname="SemiVerified.BankadanParaYukleTest" name="BankaHesabindanParaYukle" time="25.861">
    <failure message="Index 5 out of bounds for length 5" type="java.lang.ArrayIndexOutOfBoundsException">java.lang.ArrayIndexOutOfBoundsException: Index 5 out of bounds for length 5
	at Pages.LoginPage.semiVerifiedlogin(LoginPage.java:143)
	at SemiVerified.BankadanParaYukleTest.BankaHesabindanParaYukle(BankadanParaYukleTest.java:26)
</failure>
    <system-out>1166162 [main] INFO  Utils.Log  - Closing Driver
&amp;#27;[35m[Appium]&amp;#27;[39m Welcome to Appium v1.22.3
&amp;#27;[35m[Appium]&amp;#27;[39m Non-default server args:
&amp;#27;[35m[Appium]&amp;#27;[39m   port: 18258
&amp;#27;[35m[Appium]&amp;#27;[39m Appium REST http interface listener started on 0.0.0.0:18258
&amp;#27;[35m[HTTP]&amp;#27;[39m &amp;#27;[37m--&gt;&amp;#27;[39m &amp;#27;[37mGET&amp;#27;[39m &amp;#27;[37m/wd/hub/status&amp;#27;[39m
&amp;#27;[35m[HTTP]&amp;#27;[39m &amp;#27;[90m{}&amp;#27;[39m
[debug] &amp;#27;[35m[GENERIC]&amp;#27;[39m Calling AppiumDriver.getStatus() with args: []
[debug] &amp;#27;[35m[GENERIC]&amp;#27;[39m Responding to client with driver.getStatus() result: {&quot;build&quot;:{&quot;version&quot;:&quot;1.22.3&quot;}}
Allure environment data saved.
1179532 [main] INFO  Utils.Log  - �al��t�rma �ncesi ayarlar uygulan�yor...
1179532 [main] INFO  Utils.Log  - BankaHesabindanParaYukle test started.
1204677 [main] INFO  Utils.Log  - BankaHesabindanParaYukle test is failed.
Screenshot captured for test case:BankaHesabindanParaYukle
</system-out>
    <system-err>Kas 25, 2022 3:32:37 �S io.appium.java_client.remote.AppiumCommandExecutor$1 lambda$0
INFO: Detected dialect: W3C
</system-err>
  </testcase>
  <testcase classname="SemiVerified.FaturaOdeTest" name="FaturaOde" time="35.457"/>
  <testcase classname="SemiVerified.GrubaParaGonderTest" name="GrubaParaGonder" time="45.511"/>
  <testcase classname="SemiVerified.GrupOlusturTest" name="GrupOlustur" time="28.294">
    <failure message="Index 5 out of bounds for length 5" type="java.lang.ArrayIndexOutOfBoundsException">java.lang.ArrayIndexOutOfBoundsException: Index 5 out of bounds for length 5
	at Pages.LoginPage.semiVerifiedlogin(LoginPage.java:143)
	at SemiVerified.GrupOlusturTest.GrupOlustur(GrupOlusturTest.java:25)
</failure>
    <system-out>1317329 [main] INFO  Utils.Log  - Closing Driver
&amp;#27;[35m[Appium]&amp;#27;[39m Welcome to Appium v1.22.3
&amp;#27;[35m[Appium]&amp;#27;[39m Non-default server args:
&amp;#27;[35m[Appium]&amp;#27;[39m   port: 3488
&amp;#27;[35m[Appium]&amp;#27;[39m Appium REST http interface listener started on 0.0.0.0:3488
&amp;#27;[35m[HTTP]&amp;#27;[39m &amp;#27;[37m--&gt;&amp;#27;[39m &amp;#27;[37mGET&amp;#27;[39m &amp;#27;[37m/wd/hub/status&amp;#27;[39m
&amp;#27;[35m[HTTP]&amp;#27;[39m &amp;#27;[90m{}&amp;#27;[39m
[debug] &amp;#27;[35m[GENERIC]&amp;#27;[39m Calling AppiumDriver.getStatus() with args: []
[debug] &amp;#27;[35m[GENERIC]&amp;#27;[39m Responding to client with driver.getStatus() result: {&quot;build&quot;:{&quot;version&quot;:&quot;1.22.3&quot;}}
Allure environment data saved.
1333221 [main] INFO  Utils.Log  - �al��t�rma �ncesi ayarlar uygulan�yor...
1333222 [main] INFO  Utils.Log  - GrupOlustur test started.
1360331 [main] INFO  Utils.Log  - GrupOlustur test is failed.
Screenshot captured for test case:GrupOlustur
</system-out>
    <system-err>Kas 25, 2022 3:35:11 �S io.appium.java_client.remote.AppiumCommandExecutor$1 lambda$0
INFO: Detected dialect: W3C
</system-err>
  </testcase>
  <testcase classname="SemiVerified.GruptanParaIsteTest" name="GruptanParaIste" time="48.5"/>
  <testcase classname="SemiVerified.IBANKaydetTest" name="IBANKaydet" time="49.978">
    <failure message="An element could not be located on the page using the given search parameters.
For documentation on this error, please visit: https://www.seleniumhq.org/exceptions/no_such_element.html
Build info: version: &apos;3.141.59&apos;, revision: &apos;e82be7d358&apos;, time: &apos;2018-11-14T08:17:03&apos;
System info: host: &apos;N110688&apos;, ip: &apos;10.10.20.104&apos;, os.name: &apos;Windows 10&apos;, os.arch: &apos;amd64&apos;, os.version: &apos;10.0&apos;, java.version: &apos;11.0.10&apos;
Driver info: io.appium.java_client.android.AndroidDriver
Capabilities {VERSION: 11, appActivity: tr.com.innova.fintek.ttpay...., appPackage: tr.com.turktelekom.pokus.test, autoAcceptAlerts: true, autoGrantPermissions: true, automationName: UiAutomator2, databaseEnabled: false, desired: {VERSION: 11, appActivity: tr.com.innova.fintek.ttpay...., appPackage: tr.com.turktelekom.pokus.test, autoAcceptAlerts: true, autoGrantPermissions: true, automationName: UiAutomator2, deviceName: Pixel_XL_API_33, disableWindowAnimation: true, newCommandTimeout: 6000, noReset: false, platformName: android}, deviceApiLevel: 32, deviceManufacturer: Google, deviceModel: sdk_gphone64_x86_64, deviceName: emulator-5554, deviceScreenDensity: 560, deviceScreenSize: 1440x3120, deviceUDID: emulator-5554, disableWindowAnimation: true, javascriptEnabled: true, locationContextEnabled: false, networkConnectionEnabled: true, newCommandTimeout: 6000, noReset: false, pixelRatio: 3.5, platform: LINUX, platformName: Android, platformVersion: 12, statBarHeight: 84, takesScreenshot: true, viewportRect: {height: 2844, left: 0, top: 84, width: 1440}, warnings: {}, webStorageEnabled: false}
Session ID: 644a3e22-8a04-41e5-950b-6a376df0f911
*** Element info: {Using=id, value=tv_confirmation_dialog_message}" type="org.openqa.selenium.NoSuchElementException">org.openqa.selenium.NoSuchElementException: An element could not be located on the page using the given search parameters.
For documentation on this error, please visit: https://www.seleniumhq.org/exceptions/no_such_element.html
Build info: version: &apos;3.141.59&apos;, revision: &apos;e82be7d358&apos;, time: &apos;2018-11-14T08:17:03&apos;
System info: host: &apos;N110688&apos;, ip: &apos;10.10.20.104&apos;, os.name: &apos;Windows 10&apos;, os.arch: &apos;amd64&apos;, os.version: &apos;10.0&apos;, java.version: &apos;11.0.10&apos;
Driver info: io.appium.java_client.android.AndroidDriver
Capabilities {VERSION: 11, appActivity: tr.com.innova.fintek.ttpay...., appPackage: tr.com.turktelekom.pokus.test, autoAcceptAlerts: true, autoGrantPermissions: true, automationName: UiAutomator2, databaseEnabled: false, desired: {VERSION: 11, appActivity: tr.com.innova.fintek.ttpay...., appPackage: tr.com.turktelekom.pokus.test, autoAcceptAlerts: true, autoGrantPermissions: true, automationName: UiAutomator2, deviceName: Pixel_XL_API_33, disableWindowAnimation: true, newCommandTimeout: 6000, noReset: false, platformName: android}, deviceApiLevel: 32, deviceManufacturer: Google, deviceModel: sdk_gphone64_x86_64, deviceName: emulator-5554, deviceScreenDensity: 560, deviceScreenSize: 1440x3120, deviceUDID: emulator-5554, disableWindowAnimation: true, javascriptEnabled: true, locationContextEnabled: false, networkConnectionEnabled: true, newCommandTimeout: 6000, noReset: false, pixelRatio: 3.5, platform: LINUX, platformName: Android, platformVersion: 12, statBarHeight: 84, takesScreenshot: true, viewportRect: {height: 2844, left: 0, top: 84, width: 1440}, warnings: {}, webStorageEnabled: false}
Session ID: 644a3e22-8a04-41e5-950b-6a376df0f911
*** Element info: {Using=id, value=tv_confirmation_dialog_message}
	at java.base/jdk.internal.reflect.NativeConstructorAccessorImpl.newInstance0(Native Method)
	at java.base/jdk.internal.reflect.NativeConstructorAccessorImpl.newInstance(NativeConstructorAccessorImpl.java:62)
	at java.base/jdk.internal.reflect.DelegatingConstructorAccessorImpl.newInstance(DelegatingConstructorAccessorImpl.java:45)
	at java.base/java.lang.reflect.Constructor.newInstance(Constructor.java:490)
	at org.openqa.selenium.remote.http.W3CHttpResponseCodec.createException(W3CHttpResponseCodec.java:187)
	at org.openqa.selenium.remote.http.W3CHttpResponseCodec.decode(W3CHttpResponseCodec.java:122)
	at org.openqa.selenium.remote.http.W3CHttpResponseCodec.decode(W3CHttpResponseCodec.java:49)
	at org.openqa.selenium.remote.HttpCommandExecutor.execute(HttpCommandExecutor.java:158)
	at io.appium.java_client.remote.AppiumCommandExecutor.execute(AppiumCommandExecutor.java:239)
	at org.openqa.selenium.remote.RemoteWebDriver.execute(RemoteWebDriver.java:552)
	at io.appium.java_client.DefaultGenericMobileDriver.execute(DefaultGenericMobileDriver.java:41)
	at io.appium.java_client.AppiumDriver.execute(AppiumDriver.java:1)
	at io.appium.java_client.android.AndroidDriver.execute(AndroidDriver.java:1)
	at org.openqa.selenium.remote.RemoteWebDriver.findElement(RemoteWebDriver.java:323)
	at io.appium.java_client.DefaultGenericMobileDriver.findElement(DefaultGenericMobileDriver.java:61)
	at io.appium.java_client.AppiumDriver.findElement(AppiumDriver.java:1)
	at io.appium.java_client.android.AndroidDriver.findElement(AndroidDriver.java:1)
	at org.openqa.selenium.remote.RemoteWebDriver.findElementById(RemoteWebDriver.java:372)
	at io.appium.java_client.DefaultGenericMobileDriver.findElementById(DefaultGenericMobileDriver.java:69)
	at io.appium.java_client.AppiumDriver.findElementById(AppiumDriver.java:1)
	at io.appium.java_client.android.AndroidDriver.findElementById(AndroidDriver.java:1)
	at org.openqa.selenium.By$ById.findElement(By.java:188)
	at org.openqa.selenium.remote.RemoteWebDriver.findElement(RemoteWebDriver.java:315)
	at io.appium.java_client.DefaultGenericMobileDriver.findElement(DefaultGenericMobileDriver.java:57)
	at io.appium.java_client.AppiumDriver.findElement(AppiumDriver.java:1)
	at io.appium.java_client.android.AndroidDriver.findElement(AndroidDriver.java:1)
	at Pages.RehberimVeBankHspPage.getErrorText(RehberimVeBankHspPage.java:237)
	at SemiVerified.IBANKaydetTest.IBANKaydet(IBANKaydetTest.java:35)
</failure>
    <system-out>1429351 [main] INFO  Utils.Log  - Closing Driver
&amp;#27;[35m[Appium]&amp;#27;[39m Welcome to Appium v1.22.3
&amp;#27;[35m[Appium]&amp;#27;[39m Non-default server args:
&amp;#27;[35m[Appium]&amp;#27;[39m   port: 11892
&amp;#27;[35m[Appium]&amp;#27;[39m Appium REST http interface listener started on 0.0.0.0:11892
&amp;#27;[35m[HTTP]&amp;#27;[39m &amp;#27;[37m--&gt;&amp;#27;[39m &amp;#27;[37mGET&amp;#27;[39m &amp;#27;[37m/wd/hub/status&amp;#27;[39m
&amp;#27;[35m[HTTP]&amp;#27;[39m &amp;#27;[90m{}&amp;#27;[39m
[debug] &amp;#27;[35m[GENERIC]&amp;#27;[39m Calling AppiumDriver.getStatus() with args: []
[debug] &amp;#27;[35m[GENERIC]&amp;#27;[39m Responding to client with driver.getStatus() result: {&quot;build&quot;:{&quot;version&quot;:&quot;1.22.3&quot;}}
Allure environment data saved.
1445942 [main] INFO  Utils.Log  - �al��t�rma �ncesi ayarlar uygulan�yor...
1445943 [main] INFO  Utils.Log  - IBANKaydet test started.
1480137 [main] INFO  Utils.Log  - I clicked: RehberimVeBankHspPage
1495184 [main] INFO  Utils.Log  - IBANKaydet test is failed.
Screenshot captured for test case:IBANKaydet
</system-out>
    <system-err>Kas 25, 2022 3:37:04 �S io.appium.java_client.remote.AppiumCommandExecutor$1 lambda$0
INFO: Detected dialect: W3C
</system-err>
  </testcase>
  <testcase classname="SemiVerified.KampanyalarTest" name="LoginAndCheckCampaigns" time="30.444"/>
  <testcase classname="SemiVerified.KampanyalarTest" name="Step2" time="6.972"/>
  <testcase classname="SemiVerified.KisiAdiGuncelleTest" name="KisiAdiGuncelle" time="41.702"/>
  <testcase classname="SemiVerified.KisiDavetEtTest" name="KisiDavetEt" time="38.722"/>
  <testcase classname="SemiVerified.KisidenParaIsteTest" name="KayitliKisidenParaIste" time="39.316"/>
  <testcase classname="SemiVerified.KisiDetayIncelemeTest" name="KisiDetayInceleme" time="54.649">
    <failure message="An element could not be located on the page using the given search parameters.
For documentation on this error, please visit: https://www.seleniumhq.org/exceptions/no_such_element.html
Build info: version: &apos;3.141.59&apos;, revision: &apos;e82be7d358&apos;, time: &apos;2018-11-14T08:17:03&apos;
System info: host: &apos;N110688&apos;, ip: &apos;10.10.20.104&apos;, os.name: &apos;Windows 10&apos;, os.arch: &apos;amd64&apos;, os.version: &apos;10.0&apos;, java.version: &apos;11.0.10&apos;
Driver info: io.appium.java_client.android.AndroidDriver
Capabilities {VERSION: 11, appActivity: tr.com.innova.fintek.ttpay...., appPackage: tr.com.turktelekom.pokus.test, autoAcceptAlerts: true, autoGrantPermissions: true, automationName: UiAutomator2, databaseEnabled: false, desired: {VERSION: 11, appActivity: tr.com.innova.fintek.ttpay...., appPackage: tr.com.turktelekom.pokus.test, autoAcceptAlerts: true, autoGrantPermissions: true, automationName: UiAutomator2, deviceName: Pixel_XL_API_33, disableWindowAnimation: true, newCommandTimeout: 6000, noReset: false, platformName: android}, deviceApiLevel: 32, deviceManufacturer: Google, deviceModel: sdk_gphone64_x86_64, deviceName: emulator-5554, deviceScreenDensity: 560, deviceScreenSize: 1440x3120, deviceUDID: emulator-5554, disableWindowAnimation: true, javascriptEnabled: true, locationContextEnabled: false, networkConnectionEnabled: true, newCommandTimeout: 6000, noReset: false, pixelRatio: 3.5, platform: LINUX, platformName: Android, platformVersion: 12, statBarHeight: 84, takesScreenshot: true, viewportRect: {height: 2844, left: 0, top: 84, width: 1440}, warnings: {}, webStorageEnabled: false}
Session ID: 1087e9a0-9e4d-4e48-bda3-ce3ec516d74f
*** Element info: {Using=xpath, value=//android.widget.TextView[@text=&apos;Hesabını Onayla&apos;]}" type="org.openqa.selenium.NoSuchElementException">org.openqa.selenium.NoSuchElementException: An element could not be located on the page using the given search parameters.
For documentation on this error, please visit: https://www.seleniumhq.org/exceptions/no_such_element.html
Build info: version: &apos;3.141.59&apos;, revision: &apos;e82be7d358&apos;, time: &apos;2018-11-14T08:17:03&apos;
System info: host: &apos;N110688&apos;, ip: &apos;10.10.20.104&apos;, os.name: &apos;Windows 10&apos;, os.arch: &apos;amd64&apos;, os.version: &apos;10.0&apos;, java.version: &apos;11.0.10&apos;
Driver info: io.appium.java_client.android.AndroidDriver
Capabilities {VERSION: 11, appActivity: tr.com.innova.fintek.ttpay...., appPackage: tr.com.turktelekom.pokus.test, autoAcceptAlerts: true, autoGrantPermissions: true, automationName: UiAutomator2, databaseEnabled: false, desired: {VERSION: 11, appActivity: tr.com.innova.fintek.ttpay...., appPackage: tr.com.turktelekom.pokus.test, autoAcceptAlerts: true, autoGrantPermissions: true, automationName: UiAutomator2, deviceName: Pixel_XL_API_33, disableWindowAnimation: true, newCommandTimeout: 6000, noReset: false, platformName: android}, deviceApiLevel: 32, deviceManufacturer: Google, deviceModel: sdk_gphone64_x86_64, deviceName: emulator-5554, deviceScreenDensity: 560, deviceScreenSize: 1440x3120, deviceUDID: emulator-5554, disableWindowAnimation: true, javascriptEnabled: true, locationContextEnabled: false, networkConnectionEnabled: true, newCommandTimeout: 6000, noReset: false, pixelRatio: 3.5, platform: LINUX, platformName: Android, platformVersion: 12, statBarHeight: 84, takesScreenshot: true, viewportRect: {height: 2844, left: 0, top: 84, width: 1440}, warnings: {}, webStorageEnabled: false}
Session ID: 1087e9a0-9e4d-4e48-bda3-ce3ec516d74f
*** Element info: {Using=xpath, value=//android.widget.TextView[@text=&apos;Hesabını Onayla&apos;]}
	at java.base/jdk.internal.reflect.NativeConstructorAccessorImpl.newInstance0(Native Method)
	at java.base/jdk.internal.reflect.NativeConstructorAccessorImpl.newInstance(NativeConstructorAccessorImpl.java:62)
	at java.base/jdk.internal.reflect.DelegatingConstructorAccessorImpl.newInstance(DelegatingConstructorAccessorImpl.java:45)
	at java.base/java.lang.reflect.Constructor.newInstance(Constructor.java:490)
	at org.openqa.selenium.remote.http.W3CHttpResponseCodec.createException(W3CHttpResponseCodec.java:187)
	at org.openqa.selenium.remote.http.W3CHttpResponseCodec.decode(W3CHttpResponseCodec.java:122)
	at org.openqa.selenium.remote.http.W3CHttpResponseCodec.decode(W3CHttpResponseCodec.java:49)
	at org.openqa.selenium.remote.HttpCommandExecutor.execute(HttpCommandExecutor.java:158)
	at io.appium.java_client.remote.AppiumCommandExecutor.execute(AppiumCommandExecutor.java:239)
	at org.openqa.selenium.remote.RemoteWebDriver.execute(RemoteWebDriver.java:552)
	at io.appium.java_client.DefaultGenericMobileDriver.execute(DefaultGenericMobileDriver.java:41)
	at io.appium.java_client.AppiumDriver.execute(AppiumDriver.java:1)
	at io.appium.java_client.android.AndroidDriver.execute(AndroidDriver.java:1)
	at org.openqa.selenium.remote.RemoteWebDriver.findElement(RemoteWebDriver.java:323)
	at io.appium.java_client.DefaultGenericMobileDriver.findElement(DefaultGenericMobileDriver.java:61)
	at io.appium.java_client.AppiumDriver.findElement(AppiumDriver.java:1)
	at io.appium.java_client.android.AndroidDriver.findElement(AndroidDriver.java:1)
	at org.openqa.selenium.remote.RemoteWebDriver.findElementByXPath(RemoteWebDriver.java:428)
	at io.appium.java_client.DefaultGenericMobileDriver.findElementByXPath(DefaultGenericMobileDriver.java:151)
	at io.appium.java_client.AppiumDriver.findElementByXPath(AppiumDriver.java:1)
	at io.appium.java_client.android.AndroidDriver.findElementByXPath(AndroidDriver.java:1)
	at org.openqa.selenium.By$ByXPath.findElement(By.java:353)
	at org.openqa.selenium.remote.RemoteWebDriver.findElement(RemoteWebDriver.java:315)
	at io.appium.java_client.DefaultGenericMobileDriver.findElement(DefaultGenericMobileDriver.java:57)
	at io.appium.java_client.AppiumDriver.findElement(AppiumDriver.java:1)
	at io.appium.java_client.android.AndroidDriver.findElement(AndroidDriver.java:1)
	at org.openqa.selenium.support.ui.ExpectedConditions$6.apply(ExpectedConditions.java:182)
	at org.openqa.selenium.support.ui.ExpectedConditions$6.apply(ExpectedConditions.java:179)
	at org.openqa.selenium.support.ui.FluentWait.until(FluentWait.java:249)
	at Libraries.TestUtils.tryFindElement(TestUtils.java:45)
	at Libraries.TestUtils.clickElementBy(TestUtils.java:36)
	at Pages.LeftPanelPage.click_hesabiniOnayla(LeftPanelPage.java:40)
	at SemiVerified.KisiDetayIncelemeTest.KisiDetayInceleme(KisiDetayIncelemeTest.java:31)
</failure>
    <system-out>1724209 [main] INFO  Utils.Log  - Closing Driver
&amp;#27;[35m[Appium]&amp;#27;[39m Welcome to Appium v1.22.3
&amp;#27;[35m[Appium]&amp;#27;[39m Non-default server args:
&amp;#27;[35m[Appium]&amp;#27;[39m   port: 32199
&amp;#27;[35m[Appium]&amp;#27;[39m Appium REST http interface listener started on 0.0.0.0:32199
&amp;#27;[35m[HTTP]&amp;#27;[39m &amp;#27;[37m--&gt;&amp;#27;[39m &amp;#27;[37mGET&amp;#27;[39m &amp;#27;[37m/wd/hub/status&amp;#27;[39m
&amp;#27;[35m[HTTP]&amp;#27;[39m &amp;#27;[90m{}&amp;#27;[39m
[debug] &amp;#27;[35m[GENERIC]&amp;#27;[39m Calling AppiumDriver.getStatus() with args: []
[debug] &amp;#27;[35m[GENERIC]&amp;#27;[39m Responding to client with driver.getStatus() result: {&quot;build&quot;:{&quot;version&quot;:&quot;1.22.3&quot;}}
Allure environment data saved.
1740084 [main] INFO  Utils.Log  - �al��t�rma �ncesi ayarlar uygulan�yor...
1740089 [main] INFO  Utils.Log  - KisiDetayInceleme test started.
1793927 [main] INFO  Utils.Log  - KisiDetayInceleme test is failed.
Screenshot captured for test case:KisiDetayInceleme
</system-out>
    <system-err>Kas 25, 2022 3:41:58 �S io.appium.java_client.remote.AppiumCommandExecutor$1 lambda$0
INFO: Detected dialect: W3C
</system-err>
  </testcase>
  <testcase classname="SemiVerified.KisiOlusturTest" name="KisiOlustur" time="41.501"/>
  <testcase classname="SemiVerified.KisiyeParaGonderTest" name="KayitliKisiyeParaGonder" time="37.755"/>
  <testcase classname="SemiVerified.KrediBankaKartiEkleTest" name="KrediBankaKartiEkle" time="37.344"/>
  <testcase classname="SemiVerified.ParaGonderTest" name="LoginAndClickParaGonder" time="50.449">
    <failure message="An element could not be located on the page using the given search parameters.
For documentation on this error, please visit: https://www.seleniumhq.org/exceptions/no_such_element.html
Build info: version: &apos;3.141.59&apos;, revision: &apos;e82be7d358&apos;, time: &apos;2018-11-14T08:17:03&apos;
System info: host: &apos;N110688&apos;, ip: &apos;10.10.20.104&apos;, os.name: &apos;Windows 10&apos;, os.arch: &apos;amd64&apos;, os.version: &apos;10.0&apos;, java.version: &apos;11.0.10&apos;
Driver info: io.appium.java_client.android.AndroidDriver
Capabilities {VERSION: 11, appActivity: tr.com.innova.fintek.ttpay...., appPackage: tr.com.turktelekom.pokus.test, autoAcceptAlerts: true, autoGrantPermissions: true, automationName: UiAutomator2, databaseEnabled: false, desired: {VERSION: 11, appActivity: tr.com.innova.fintek.ttpay...., appPackage: tr.com.turktelekom.pokus.test, autoAcceptAlerts: true, autoGrantPermissions: true, automationName: UiAutomator2, deviceName: Pixel_XL_API_33, disableWindowAnimation: true, newCommandTimeout: 6000, noReset: false, platformName: android}, deviceApiLevel: 32, deviceManufacturer: Google, deviceModel: sdk_gphone64_x86_64, deviceName: emulator-5554, deviceScreenDensity: 560, deviceScreenSize: 1440x3120, deviceUDID: emulator-5554, disableWindowAnimation: true, javascriptEnabled: true, locationContextEnabled: false, networkConnectionEnabled: true, newCommandTimeout: 6000, noReset: false, pixelRatio: 3.5, platform: LINUX, platformName: Android, platformVersion: 12, statBarHeight: 84, takesScreenshot: true, viewportRect: {height: 2844, left: 0, top: 84, width: 1440}, warnings: {}, webStorageEnabled: false}
Session ID: 05fcf295-16fa-44a4-8de3-c7cc223a7a1b
*** Element info: {Using=id, value=tv_confirmation_dialog_message}" type="org.openqa.selenium.NoSuchElementException">org.openqa.selenium.NoSuchElementException: An element could not be located on the page using the given search parameters.
For documentation on this error, please visit: https://www.seleniumhq.org/exceptions/no_such_element.html
Build info: version: &apos;3.141.59&apos;, revision: &apos;e82be7d358&apos;, time: &apos;2018-11-14T08:17:03&apos;
System info: host: &apos;N110688&apos;, ip: &apos;10.10.20.104&apos;, os.name: &apos;Windows 10&apos;, os.arch: &apos;amd64&apos;, os.version: &apos;10.0&apos;, java.version: &apos;11.0.10&apos;
Driver info: io.appium.java_client.android.AndroidDriver
Capabilities {VERSION: 11, appActivity: tr.com.innova.fintek.ttpay...., appPackage: tr.com.turktelekom.pokus.test, autoAcceptAlerts: true, autoGrantPermissions: true, automationName: UiAutomator2, databaseEnabled: false, desired: {VERSION: 11, appActivity: tr.com.innova.fintek.ttpay...., appPackage: tr.com.turktelekom.pokus.test, autoAcceptAlerts: true, autoGrantPermissions: true, automationName: UiAutomator2, deviceName: Pixel_XL_API_33, disableWindowAnimation: true, newCommandTimeout: 6000, noReset: false, platformName: android}, deviceApiLevel: 32, deviceManufacturer: Google, deviceModel: sdk_gphone64_x86_64, deviceName: emulator-5554, deviceScreenDensity: 560, deviceScreenSize: 1440x3120, deviceUDID: emulator-5554, disableWindowAnimation: true, javascriptEnabled: true, locationContextEnabled: false, networkConnectionEnabled: true, newCommandTimeout: 6000, noReset: false, pixelRatio: 3.5, platform: LINUX, platformName: Android, platformVersion: 12, statBarHeight: 84, takesScreenshot: true, viewportRect: {height: 2844, left: 0, top: 84, width: 1440}, warnings: {}, webStorageEnabled: false}
Session ID: 05fcf295-16fa-44a4-8de3-c7cc223a7a1b
*** Element info: {Using=id, value=tv_confirmation_dialog_message}
	at java.base/jdk.internal.reflect.NativeConstructorAccessorImpl.newInstance0(Native Method)
	at java.base/jdk.internal.reflect.NativeConstructorAccessorImpl.newInstance(NativeConstructorAccessorImpl.java:62)
	at java.base/jdk.internal.reflect.DelegatingConstructorAccessorImpl.newInstance(DelegatingConstructorAccessorImpl.java:45)
	at java.base/java.lang.reflect.Constructor.newInstance(Constructor.java:490)
	at org.openqa.selenium.remote.http.W3CHttpResponseCodec.createException(W3CHttpResponseCodec.java:187)
	at org.openqa.selenium.remote.http.W3CHttpResponseCodec.decode(W3CHttpResponseCodec.java:122)
	at org.openqa.selenium.remote.http.W3CHttpResponseCodec.decode(W3CHttpResponseCodec.java:49)
	at org.openqa.selenium.remote.HttpCommandExecutor.execute(HttpCommandExecutor.java:158)
	at io.appium.java_client.remote.AppiumCommandExecutor.execute(AppiumCommandExecutor.java:239)
	at org.openqa.selenium.remote.RemoteWebDriver.execute(RemoteWebDriver.java:552)
	at io.appium.java_client.DefaultGenericMobileDriver.execute(DefaultGenericMobileDriver.java:41)
	at io.appium.java_client.AppiumDriver.execute(AppiumDriver.java:1)
	at io.appium.java_client.android.AndroidDriver.execute(AndroidDriver.java:1)
	at org.openqa.selenium.remote.RemoteWebDriver.findElement(RemoteWebDriver.java:323)
	at io.appium.java_client.DefaultGenericMobileDriver.findElement(DefaultGenericMobileDriver.java:61)
	at io.appium.java_client.AppiumDriver.findElement(AppiumDriver.java:1)
	at io.appium.java_client.android.AndroidDriver.findElement(AndroidDriver.java:1)
	at org.openqa.selenium.remote.RemoteWebDriver.findElementById(RemoteWebDriver.java:372)
	at io.appium.java_client.DefaultGenericMobileDriver.findElementById(DefaultGenericMobileDriver.java:69)
	at io.appium.java_client.AppiumDriver.findElementById(AppiumDriver.java:1)
	at io.appium.java_client.android.AndroidDriver.findElementById(AndroidDriver.java:1)
	at org.openqa.selenium.By$ById.findElement(By.java:188)
	at org.openqa.selenium.remote.RemoteWebDriver.findElement(RemoteWebDriver.java:315)
	at io.appium.java_client.DefaultGenericMobileDriver.findElement(DefaultGenericMobileDriver.java:57)
	at io.appium.java_client.AppiumDriver.findElement(AppiumDriver.java:1)
	at io.appium.java_client.android.AndroidDriver.findElement(AndroidDriver.java:1)
	at org.openqa.selenium.support.ui.ExpectedConditions$6.apply(ExpectedConditions.java:182)
	at org.openqa.selenium.support.ui.ExpectedConditions$6.apply(ExpectedConditions.java:179)
	at org.openqa.selenium.support.ui.FluentWait.until(FluentWait.java:249)
	at Libraries.TestUtils.tryFindElement(TestUtils.java:45)
	at Libraries.TestUtils.getTextFromElement(TestUtils.java:50)
	at Pages.HomePage.get_ConfirmationDialogText(HomePage.java:91)
	at SemiVerified.ParaGonderTest.LoginAndClickParaGonder(ParaGonderTest.java:30)
</failure>
    <system-out>1958829 [main] INFO  Utils.Log  - Closing Driver
&amp;#27;[35m[Appium]&amp;#27;[39m Welcome to Appium v1.22.3
&amp;#27;[35m[Appium]&amp;#27;[39m Non-default server args:
&amp;#27;[35m[Appium]&amp;#27;[39m   port: 34456
&amp;#27;[35m[Appium]&amp;#27;[39m Appium REST http interface listener started on 0.0.0.0:34456
&amp;#27;[35m[HTTP]&amp;#27;[39m &amp;#27;[37m--&gt;&amp;#27;[39m &amp;#27;[37mGET&amp;#27;[39m &amp;#27;[37m/wd/hub/status&amp;#27;[39m
&amp;#27;[35m[HTTP]&amp;#27;[39m &amp;#27;[90m{}&amp;#27;[39m
[debug] &amp;#27;[35m[GENERIC]&amp;#27;[39m Calling AppiumDriver.getStatus() with args: []
[debug] &amp;#27;[35m[GENERIC]&amp;#27;[39m Responding to client with driver.getStatus() result: {&quot;build&quot;:{&quot;version&quot;:&quot;1.22.3&quot;}}
Allure environment data saved.
1974775 [main] INFO  Utils.Log  - �al��t�rma �ncesi ayarlar uygulan�yor...
1974776 [main] INFO  Utils.Log  - LoginAndClickParaGonder test started.
2024461 [main] INFO  Utils.Log  - LoginAndClickParaGonder test is failed.
Screenshot captured for test case:LoginAndClickParaGonder
</system-out>
    <system-err>Kas 25, 2022 3:45:53 �S io.appium.java_client.remote.AppiumCommandExecutor$1 lambda$0
INFO: Detected dialect: W3C
</system-err>
  </testcase>
  <testcase classname="SemiVerified.ParaIsteKayitliKisidenTest" name="KayitliKisidenParaIste" time="37.648"/>
  <testcase classname="SemiVerified.ParaIsteTest" name="ParaIste" time="26.21">
    <failure message="Index 5 out of bounds for length 5" type="java.lang.ArrayIndexOutOfBoundsException">java.lang.ArrayIndexOutOfBoundsException: Index 5 out of bounds for length 5
	at Pages.LoginPage.semiVerifiedlogin(LoginPage.java:143)
	at SemiVerified.ParaIsteTest.ParaIste(ParaIsteTest.java:30)
</failure>
    <system-out>2080217 [main] INFO  Utils.Log  - Closing Driver
&amp;#27;[35m[Appium]&amp;#27;[39m Welcome to Appium v1.22.3
&amp;#27;[35m[Appium]&amp;#27;[39m Non-default server args:
&amp;#27;[35m[Appium]&amp;#27;[39m   port: 45209
&amp;#27;[35m[Appium]&amp;#27;[39m Appium REST http interface listener started on 0.0.0.0:45209
&amp;#27;[35m[HTTP]&amp;#27;[39m &amp;#27;[37m--&gt;&amp;#27;[39m &amp;#27;[37mGET&amp;#27;[39m &amp;#27;[37m/wd/hub/status&amp;#27;[39m
&amp;#27;[35m[HTTP]&amp;#27;[39m &amp;#27;[90m{}&amp;#27;[39m
[debug] &amp;#27;[35m[GENERIC]&amp;#27;[39m Calling AppiumDriver.getStatus() with args: []
[debug] &amp;#27;[35m[GENERIC]&amp;#27;[39m Responding to client with driver.getStatus() result: {&quot;build&quot;:{&quot;version&quot;:&quot;1.22.3&quot;}}
Allure environment data saved.
2095005 [main] INFO  Utils.Log  - �al��t�rma �ncesi ayarlar uygulan�yor...
2095006 [main] INFO  Utils.Log  - ParaIste test started.
2120324 [main] INFO  Utils.Log  - ParaIste test is failed.
Screenshot captured for test case:ParaIste
</system-out>
    <system-err>Kas 25, 2022 3:47:53 �S io.appium.java_client.remote.AppiumCommandExecutor$1 lambda$0
INFO: Detected dialect: W3C
</system-err>
  </testcase>
  <testcase classname="SemiVerified.PokusKartEkleTest" name="PokusKartEkle" time="56.344">
    <failure message="An element could not be located on the page using the given search parameters.
For documentation on this error, please visit: https://www.seleniumhq.org/exceptions/no_such_element.html
Build info: version: &apos;3.141.59&apos;, revision: &apos;e82be7d358&apos;, time: &apos;2018-11-14T08:17:03&apos;
System info: host: &apos;N110688&apos;, ip: &apos;10.10.20.104&apos;, os.name: &apos;Windows 10&apos;, os.arch: &apos;amd64&apos;, os.version: &apos;10.0&apos;, java.version: &apos;11.0.10&apos;
Driver info: io.appium.java_client.android.AndroidDriver
Capabilities {VERSION: 11, appActivity: tr.com.innova.fintek.ttpay...., appPackage: tr.com.turktelekom.pokus.test, autoAcceptAlerts: true, autoGrantPermissions: true, automationName: UiAutomator2, databaseEnabled: false, desired: {VERSION: 11, appActivity: tr.com.innova.fintek.ttpay...., appPackage: tr.com.turktelekom.pokus.test, autoAcceptAlerts: true, autoGrantPermissions: true, automationName: UiAutomator2, deviceName: Pixel_XL_API_33, disableWindowAnimation: true, newCommandTimeout: 6000, noReset: false, platformName: android}, deviceApiLevel: 32, deviceManufacturer: Google, deviceModel: sdk_gphone64_x86_64, deviceName: emulator-5554, deviceScreenDensity: 560, deviceScreenSize: 1440x3120, deviceUDID: emulator-5554, disableWindowAnimation: true, javascriptEnabled: true, locationContextEnabled: false, networkConnectionEnabled: true, newCommandTimeout: 6000, noReset: false, pixelRatio: 3.5, platform: LINUX, platformName: Android, platformVersion: 12, statBarHeight: 84, takesScreenshot: true, viewportRect: {height: 2844, left: 0, top: 84, width: 1440}, warnings: {}, webStorageEnabled: false}
Session ID: adfc295d-e35a-4355-9cf0-ade122d46826
*** Element info: {Using=id, value=tv_confirmation_dialog_message}" type="org.openqa.selenium.NoSuchElementException">org.openqa.selenium.NoSuchElementException: An element could not be located on the page using the given search parameters.
For documentation on this error, please visit: https://www.seleniumhq.org/exceptions/no_such_element.html
Build info: version: &apos;3.141.59&apos;, revision: &apos;e82be7d358&apos;, time: &apos;2018-11-14T08:17:03&apos;
System info: host: &apos;N110688&apos;, ip: &apos;10.10.20.104&apos;, os.name: &apos;Windows 10&apos;, os.arch: &apos;amd64&apos;, os.version: &apos;10.0&apos;, java.version: &apos;11.0.10&apos;
Driver info: io.appium.java_client.android.AndroidDriver
Capabilities {VERSION: 11, appActivity: tr.com.innova.fintek.ttpay...., appPackage: tr.com.turktelekom.pokus.test, autoAcceptAlerts: true, autoGrantPermissions: true, automationName: UiAutomator2, databaseEnabled: false, desired: {VERSION: 11, appActivity: tr.com.innova.fintek.ttpay...., appPackage: tr.com.turktelekom.pokus.test, autoAcceptAlerts: true, autoGrantPermissions: true, automationName: UiAutomator2, deviceName: Pixel_XL_API_33, disableWindowAnimation: true, newCommandTimeout: 6000, noReset: false, platformName: android}, deviceApiLevel: 32, deviceManufacturer: Google, deviceModel: sdk_gphone64_x86_64, deviceName: emulator-5554, deviceScreenDensity: 560, deviceScreenSize: 1440x3120, deviceUDID: emulator-5554, disableWindowAnimation: true, javascriptEnabled: true, locationContextEnabled: false, networkConnectionEnabled: true, newCommandTimeout: 6000, noReset: false, pixelRatio: 3.5, platform: LINUX, platformName: Android, platformVersion: 12, statBarHeight: 84, takesScreenshot: true, viewportRect: {height: 2844, left: 0, top: 84, width: 1440}, warnings: {}, webStorageEnabled: false}
Session ID: adfc295d-e35a-4355-9cf0-ade122d46826
*** Element info: {Using=id, value=tv_confirmation_dialog_message}
	at java.base/jdk.internal.reflect.NativeConstructorAccessorImpl.newInstance0(Native Method)
	at java.base/jdk.internal.reflect.NativeConstructorAccessorImpl.newInstance(NativeConstructorAccessorImpl.java:62)
	at java.base/jdk.internal.reflect.DelegatingConstructorAccessorImpl.newInstance(DelegatingConstructorAccessorImpl.java:45)
	at java.base/java.lang.reflect.Constructor.newInstance(Constructor.java:490)
	at org.openqa.selenium.remote.http.W3CHttpResponseCodec.createException(W3CHttpResponseCodec.java:187)
	at org.openqa.selenium.remote.http.W3CHttpResponseCodec.decode(W3CHttpResponseCodec.java:122)
	at org.openqa.selenium.remote.http.W3CHttpResponseCodec.decode(W3CHttpResponseCodec.java:49)
	at org.openqa.selenium.remote.HttpCommandExecutor.execute(HttpCommandExecutor.java:158)
	at io.appium.java_client.remote.AppiumCommandExecutor.execute(AppiumCommandExecutor.java:239)
	at org.openqa.selenium.remote.RemoteWebDriver.execute(RemoteWebDriver.java:552)
	at io.appium.java_client.DefaultGenericMobileDriver.execute(DefaultGenericMobileDriver.java:41)
	at io.appium.java_client.AppiumDriver.execute(AppiumDriver.java:1)
	at io.appium.java_client.android.AndroidDriver.execute(AndroidDriver.java:1)
	at org.openqa.selenium.remote.RemoteWebDriver.findElement(RemoteWebDriver.java:323)
	at io.appium.java_client.DefaultGenericMobileDriver.findElement(DefaultGenericMobileDriver.java:61)
	at io.appium.java_client.AppiumDriver.findElement(AppiumDriver.java:1)
	at io.appium.java_client.android.AndroidDriver.findElement(AndroidDriver.java:1)
	at org.openqa.selenium.remote.RemoteWebDriver.findElementById(RemoteWebDriver.java:372)
	at io.appium.java_client.DefaultGenericMobileDriver.findElementById(DefaultGenericMobileDriver.java:69)
	at io.appium.java_client.AppiumDriver.findElementById(AppiumDriver.java:1)
	at io.appium.java_client.android.AndroidDriver.findElementById(AndroidDriver.java:1)
	at org.openqa.selenium.By$ById.findElement(By.java:188)
	at org.openqa.selenium.remote.RemoteWebDriver.findElement(RemoteWebDriver.java:315)
	at io.appium.java_client.DefaultGenericMobileDriver.findElement(DefaultGenericMobileDriver.java:57)
	at io.appium.java_client.AppiumDriver.findElement(AppiumDriver.java:1)
	at io.appium.java_client.android.AndroidDriver.findElement(AndroidDriver.java:1)
	at Pages.KartlarimPage.getHataMesajiText(KartlarimPage.java:70)
	at SemiVerified.PokusKartEkleTest.PokusKartEkle(PokusKartEkleTest.java:33)
</failure>
    <system-out>2121798 [main] INFO  Utils.Log  - Closing Driver
&amp;#27;[35m[Appium]&amp;#27;[39m Welcome to Appium v1.22.3
&amp;#27;[35m[Appium]&amp;#27;[39m Non-default server args:
&amp;#27;[35m[Appium]&amp;#27;[39m   port: 31535
&amp;#27;[35m[Appium]&amp;#27;[39m Appium REST http interface listener started on 0.0.0.0:31535
&amp;#27;[35m[HTTP]&amp;#27;[39m &amp;#27;[37m--&gt;&amp;#27;[39m &amp;#27;[37mGET&amp;#27;[39m &amp;#27;[37m/wd/hub/status&amp;#27;[39m
&amp;#27;[35m[HTTP]&amp;#27;[39m &amp;#27;[90m{}&amp;#27;[39m
[debug] &amp;#27;[35m[GENERIC]&amp;#27;[39m Calling AppiumDriver.getStatus() with args: []
[debug] &amp;#27;[35m[GENERIC]&amp;#27;[39m Responding to client with driver.getStatus() result: {&quot;build&quot;:{&quot;version&quot;:&quot;1.22.3&quot;}}
Allure environment data saved.
2135910 [main] INFO  Utils.Log  - �al��t�rma �ncesi ayarlar uygulan�yor...
2135911 [main] INFO  Utils.Log  - PokusKartEkle test started.
2169069 [main] INFO  Utils.Log  - I clickedclass Pages.KartlarimPage
2187156 [main] INFO  Utils.Log  - PokusKartEkle test is failed.
Screenshot captured for test case:PokusKartEkle
</system-out>
    <system-err>Kas 25, 2022 3:48:34 �S io.appium.java_client.remote.AppiumCommandExecutor$1 lambda$0
INFO: Detected dialect: W3C
</system-err>
  </testcase>
  <testcase classname="SemiVerified.SifreGuncelleTest" name="SifreGuncelle" time="26.122">
    <failure message="Index 5 out of bounds for length 5" type="java.lang.ArrayIndexOutOfBoundsException">java.lang.ArrayIndexOutOfBoundsException: Index 5 out of bounds for length 5
	at Pages.LoginPage.semiVerifiedlogin(LoginPage.java:143)
	at SemiVerified.SifreGuncelleTest.SifreGuncelle(SifreGuncelleTest.java:27)
</failure>
    <system-out>2193145 [main] INFO  Utils.Log  - Closing Driver
&amp;#27;[35m[Appium]&amp;#27;[39m Welcome to Appium v1.22.3
&amp;#27;[35m[Appium]&amp;#27;[39m Non-default server args:
&amp;#27;[35m[Appium]&amp;#27;[39m   port: 36516
&amp;#27;[35m[Appium]&amp;#27;[39m Appium REST http interface listener started on 0.0.0.0:36516
&amp;#27;[35m[HTTP]&amp;#27;[39m &amp;#27;[37m--&gt;&amp;#27;[39m &amp;#27;[37mGET&amp;#27;[39m &amp;#27;[37m/wd/hub/status&amp;#27;[39m
&amp;#27;[35m[HTTP]&amp;#27;[39m &amp;#27;[90m{}&amp;#27;[39m
[debug] &amp;#27;[35m[GENERIC]&amp;#27;[39m Calling AppiumDriver.getStatus() with args: []
[debug] &amp;#27;[35m[GENERIC]&amp;#27;[39m Responding to client with driver.getStatus() result: {&quot;build&quot;:{&quot;version&quot;:&quot;1.22.3&quot;}}
Allure environment data saved.
2207110 [main] INFO  Utils.Log  - �al��t�rma �ncesi ayarlar uygulan�yor...
2207111 [main] INFO  Utils.Log  - SifreGuncelle test started.
2232510 [main] INFO  Utils.Log  - SifreGuncelle test is failed.
Screenshot captured for test case:SifreGuncelle
</system-out>
    <system-err>Kas 25, 2022 3:49:45 �S io.appium.java_client.remote.AppiumCommandExecutor$1 lambda$0
INFO: Detected dialect: W3C
</system-err>
  </testcase>
  <testcase classname="SemiVerified.YeniKisiOlusturduktanSonraParaGonderTest" name="YeniKisiOlusturVeParaGonder" time="42.734"/>
  <testcase classname="SemiVerified.YeniKisiOlusturduktanSonraParaIsteTest" name="YeniKisiOlusturVeParaGonder" time="42.446"/>
  <testcase classname="Verified.AdresGuncelleTest" name="AdresGuncelle" time="20.571">
    <failure message="An element could not be located on the page using the given search parameters.
For documentation on this error, please visit: https://www.seleniumhq.org/exceptions/no_such_element.html
Build info: version: &apos;3.141.59&apos;, revision: &apos;e82be7d358&apos;, time: &apos;2018-11-14T08:17:03&apos;
System info: host: &apos;N110688&apos;, ip: &apos;10.10.20.104&apos;, os.name: &apos;Windows 10&apos;, os.arch: &apos;amd64&apos;, os.version: &apos;10.0&apos;, java.version: &apos;11.0.10&apos;
Driver info: io.appium.java_client.android.AndroidDriver
Capabilities {VERSION: 11, appActivity: tr.com.innova.fintek.ttpay...., appPackage: tr.com.turktelekom.pokus.test, autoAcceptAlerts: true, autoGrantPermissions: true, automationName: UiAutomator2, databaseEnabled: false, desired: {VERSION: 11, appActivity: tr.com.innova.fintek.ttpay...., appPackage: tr.com.turktelekom.pokus.test, autoAcceptAlerts: true, autoGrantPermissions: true, automationName: UiAutomator2, deviceName: Pixel_XL_API_33, disableWindowAnimation: true, newCommandTimeout: 6000, noReset: false, platformName: android}, deviceApiLevel: 32, deviceManufacturer: Google, deviceModel: sdk_gphone64_x86_64, deviceName: emulator-5554, deviceScreenDensity: 560, deviceScreenSize: 1440x3120, deviceUDID: emulator-5554, disableWindowAnimation: true, javascriptEnabled: true, locationContextEnabled: false, networkConnectionEnabled: true, newCommandTimeout: 6000, noReset: false, pixelRatio: 3.5, platform: LINUX, platformName: Android, platformVersion: 12, statBarHeight: 84, takesScreenshot: true, viewportRect: {height: 2844, left: 0, top: 84, width: 1440}, warnings: {}, webStorageEnabled: false}
Session ID: c1404677-d8d7-43b3-b165-680d63e9ba8d
*** Element info: {Using=id, value=ibBackButton}" type="org.openqa.selenium.NoSuchElementException">org.openqa.selenium.NoSuchElementException: An element could not be located on the page using the given search parameters.
For documentation on this error, please visit: https://www.seleniumhq.org/exceptions/no_such_element.html
Build info: version: &apos;3.141.59&apos;, revision: &apos;e82be7d358&apos;, time: &apos;2018-11-14T08:17:03&apos;
System info: host: &apos;N110688&apos;, ip: &apos;10.10.20.104&apos;, os.name: &apos;Windows 10&apos;, os.arch: &apos;amd64&apos;, os.version: &apos;10.0&apos;, java.version: &apos;11.0.10&apos;
Driver info: io.appium.java_client.android.AndroidDriver
Capabilities {VERSION: 11, appActivity: tr.com.innova.fintek.ttpay...., appPackage: tr.com.turktelekom.pokus.test, autoAcceptAlerts: true, autoGrantPermissions: true, automationName: UiAutomator2, databaseEnabled: false, desired: {VERSION: 11, appActivity: tr.com.innova.fintek.ttpay...., appPackage: tr.com.turktelekom.pokus.test, autoAcceptAlerts: true, autoGrantPermissions: true, automationName: UiAutomator2, deviceName: Pixel_XL_API_33, disableWindowAnimation: true, newCommandTimeout: 6000, noReset: false, platformName: android}, deviceApiLevel: 32, deviceManufacturer: Google, deviceModel: sdk_gphone64_x86_64, deviceName: emulator-5554, deviceScreenDensity: 560, deviceScreenSize: 1440x3120, deviceUDID: emulator-5554, disableWindowAnimation: true, javascriptEnabled: true, locationContextEnabled: false, networkConnectionEnabled: true, newCommandTimeout: 6000, noReset: false, pixelRatio: 3.5, platform: LINUX, platformName: Android, platformVersion: 12, statBarHeight: 84, takesScreenshot: true, viewportRect: {height: 2844, left: 0, top: 84, width: 1440}, warnings: {}, webStorageEnabled: false}
Session ID: c1404677-d8d7-43b3-b165-680d63e9ba8d
*** Element info: {Using=id, value=ibBackButton}
	at java.base/jdk.internal.reflect.NativeConstructorAccessorImpl.newInstance0(Native Method)
	at java.base/jdk.internal.reflect.NativeConstructorAccessorImpl.newInstance(NativeConstructorAccessorImpl.java:62)
	at java.base/jdk.internal.reflect.DelegatingConstructorAccessorImpl.newInstance(DelegatingConstructorAccessorImpl.java:45)
	at java.base/java.lang.reflect.Constructor.newInstance(Constructor.java:490)
	at org.openqa.selenium.remote.http.W3CHttpResponseCodec.createException(W3CHttpResponseCodec.java:187)
	at org.openqa.selenium.remote.http.W3CHttpResponseCodec.decode(W3CHttpResponseCodec.java:122)
	at org.openqa.selenium.remote.http.W3CHttpResponseCodec.decode(W3CHttpResponseCodec.java:49)
	at org.openqa.selenium.remote.HttpCommandExecutor.execute(HttpCommandExecutor.java:158)
	at io.appium.java_client.remote.AppiumCommandExecutor.execute(AppiumCommandExecutor.java:239)
	at org.openqa.selenium.remote.RemoteWebDriver.execute(RemoteWebDriver.java:552)
	at io.appium.java_client.DefaultGenericMobileDriver.execute(DefaultGenericMobileDriver.java:41)
	at io.appium.java_client.AppiumDriver.execute(AppiumDriver.java:1)
	at io.appium.java_client.android.AndroidDriver.execute(AndroidDriver.java:1)
	at org.openqa.selenium.remote.RemoteWebDriver.findElement(RemoteWebDriver.java:323)
	at io.appium.java_client.DefaultGenericMobileDriver.findElement(DefaultGenericMobileDriver.java:61)
	at io.appium.java_client.AppiumDriver.findElement(AppiumDriver.java:1)
	at io.appium.java_client.android.AndroidDriver.findElement(AndroidDriver.java:1)
	at org.openqa.selenium.remote.RemoteWebDriver.findElementById(RemoteWebDriver.java:372)
	at io.appium.java_client.DefaultGenericMobileDriver.findElementById(DefaultGenericMobileDriver.java:69)
	at io.appium.java_client.AppiumDriver.findElementById(AppiumDriver.java:1)
	at io.appium.java_client.android.AndroidDriver.findElementById(AndroidDriver.java:1)
	at org.openqa.selenium.By$ById.findElement(By.java:188)
	at org.openqa.selenium.remote.RemoteWebDriver.findElement(RemoteWebDriver.java:315)
	at io.appium.java_client.DefaultGenericMobileDriver.findElement(DefaultGenericMobileDriver.java:57)
	at io.appium.java_client.AppiumDriver.findElement(AppiumDriver.java:1)
	at io.appium.java_client.android.AndroidDriver.findElement(AndroidDriver.java:1)
	at org.openqa.selenium.support.ui.ExpectedConditions$6.apply(ExpectedConditions.java:182)
	at org.openqa.selenium.support.ui.ExpectedConditions$6.apply(ExpectedConditions.java:179)
	at org.openqa.selenium.support.ui.FluentWait.until(FluentWait.java:249)
	at Libraries.TestUtils.tryFindElement(TestUtils.java:45)
	at Libraries.TestUtils.clickElementBy(TestUtils.java:36)
	at Pages.LoginPage.click_HamburgerMenu(LoginPage.java:211)
	at Verified.AdresGuncelleTest.AdresGuncelle(AdresGuncelleTest.java:29)
</failure>
    <system-out>2346384 [main] INFO  Utils.Log  - Closing Driver
&amp;#27;[35m[Appium]&amp;#27;[39m Welcome to Appium v1.22.3
&amp;#27;[35m[Appium]&amp;#27;[39m Non-default server args:
&amp;#27;[35m[Appium]&amp;#27;[39m   port: 21680
&amp;#27;[35m[Appium]&amp;#27;[39m Appium REST http interface listener started on 0.0.0.0:21680
&amp;#27;[35m[HTTP]&amp;#27;[39m &amp;#27;[37m--&gt;&amp;#27;[39m &amp;#27;[37mGET&amp;#27;[39m &amp;#27;[37m/wd/hub/status&amp;#27;[39m
&amp;#27;[35m[HTTP]&amp;#27;[39m &amp;#27;[90m{}&amp;#27;[39m
[debug] &amp;#27;[35m[GENERIC]&amp;#27;[39m Calling AppiumDriver.getStatus() with args: []
[debug] &amp;#27;[35m[GENERIC]&amp;#27;[39m Responding to client with driver.getStatus() result: {&quot;build&quot;:{&quot;version&quot;:&quot;1.22.3&quot;}}
Allure environment data saved.
2360174 [main] INFO  Utils.Log  - �al��t�rma �ncesi ayarlar uygulan�yor...
2360175 [main] INFO  Utils.Log  - AdresGuncelle test started.
2380036 [main] INFO  Utils.Log  - AdresGuncelle test is failed.
Screenshot captured for test case:AdresGuncelle
</system-out>
    <system-err>Kas 25, 2022 3:52:18 �S io.appium.java_client.remote.AppiumCommandExecutor$1 lambda$0
INFO: Detected dialect: W3C
</system-err>
  </testcase>
  <testcase classname="Verified.BankadanParaYukleTest" name="BankaHesabindanParaYukle" time="20.555">
    <failure message="An element could not be located on the page using the given search parameters.
For documentation on this error, please visit: https://www.seleniumhq.org/exceptions/no_such_element.html
Build info: version: &apos;3.141.59&apos;, revision: &apos;e82be7d358&apos;, time: &apos;2018-11-14T08:17:03&apos;
System info: host: &apos;N110688&apos;, ip: &apos;10.10.20.104&apos;, os.name: &apos;Windows 10&apos;, os.arch: &apos;amd64&apos;, os.version: &apos;10.0&apos;, java.version: &apos;11.0.10&apos;
Driver info: io.appium.java_client.android.AndroidDriver
Capabilities {VERSION: 11, appActivity: tr.com.innova.fintek.ttpay...., appPackage: tr.com.turktelekom.pokus.test, autoAcceptAlerts: true, autoGrantPermissions: true, automationName: UiAutomator2, databaseEnabled: false, desired: {VERSION: 11, appActivity: tr.com.innova.fintek.ttpay...., appPackage: tr.com.turktelekom.pokus.test, autoAcceptAlerts: true, autoGrantPermissions: true, automationName: UiAutomator2, deviceName: Pixel_XL_API_33, disableWindowAnimation: true, newCommandTimeout: 6000, noReset: false, platformName: android}, deviceApiLevel: 32, deviceManufacturer: Google, deviceModel: sdk_gphone64_x86_64, deviceName: emulator-5554, deviceScreenDensity: 560, deviceScreenSize: 1440x3120, deviceUDID: emulator-5554, disableWindowAnimation: true, javascriptEnabled: true, locationContextEnabled: false, networkConnectionEnabled: true, newCommandTimeout: 6000, noReset: false, pixelRatio: 3.5, platform: LINUX, platformName: Android, platformVersion: 12, statBarHeight: 84, takesScreenshot: true, viewportRect: {height: 2844, left: 0, top: 84, width: 1440}, warnings: {}, webStorageEnabled: false}
Session ID: 8aaffd1d-8df0-4d20-984f-8fcebe407ae4
*** Element info: {Using=xpath, value=/hierarchy/android.widget.FrameLayout/android.widget.LinearLayout/android.widget.FrameLayout/android.widget.LinearLayout/android.widget.FrameLayout/android.widget.RelativeLayout/android.widget.FrameLayout[1]/android.view.ViewGroup/android.widget.LinearLayout/android.widget.ScrollView/android.widget.LinearLayout/android.widget.FrameLayout/android.widget.FrameLayout/android.view.ViewGroup/android.widget.FrameLayout[2]/android.widget.RelativeLayout/android.widget.ImageButton}" type="org.openqa.selenium.NoSuchElementException">org.openqa.selenium.NoSuchElementException: An element could not be located on the page using the given search parameters.
For documentation on this error, please visit: https://www.seleniumhq.org/exceptions/no_such_element.html
Build info: version: &apos;3.141.59&apos;, revision: &apos;e82be7d358&apos;, time: &apos;2018-11-14T08:17:03&apos;
System info: host: &apos;N110688&apos;, ip: &apos;10.10.20.104&apos;, os.name: &apos;Windows 10&apos;, os.arch: &apos;amd64&apos;, os.version: &apos;10.0&apos;, java.version: &apos;11.0.10&apos;
Driver info: io.appium.java_client.android.AndroidDriver
Capabilities {VERSION: 11, appActivity: tr.com.innova.fintek.ttpay...., appPackage: tr.com.turktelekom.pokus.test, autoAcceptAlerts: true, autoGrantPermissions: true, automationName: UiAutomator2, databaseEnabled: false, desired: {VERSION: 11, appActivity: tr.com.innova.fintek.ttpay...., appPackage: tr.com.turktelekom.pokus.test, autoAcceptAlerts: true, autoGrantPermissions: true, automationName: UiAutomator2, deviceName: Pixel_XL_API_33, disableWindowAnimation: true, newCommandTimeout: 6000, noReset: false, platformName: android}, deviceApiLevel: 32, deviceManufacturer: Google, deviceModel: sdk_gphone64_x86_64, deviceName: emulator-5554, deviceScreenDensity: 560, deviceScreenSize: 1440x3120, deviceUDID: emulator-5554, disableWindowAnimation: true, javascriptEnabled: true, locationContextEnabled: false, networkConnectionEnabled: true, newCommandTimeout: 6000, noReset: false, pixelRatio: 3.5, platform: LINUX, platformName: Android, platformVersion: 12, statBarHeight: 84, takesScreenshot: true, viewportRect: {height: 2844, left: 0, top: 84, width: 1440}, warnings: {}, webStorageEnabled: false}
Session ID: 8aaffd1d-8df0-4d20-984f-8fcebe407ae4
*** Element info: {Using=xpath, value=/hierarchy/android.widget.FrameLayout/android.widget.LinearLayout/android.widget.FrameLayout/android.widget.LinearLayout/android.widget.FrameLayout/android.widget.RelativeLayout/android.widget.FrameLayout[1]/android.view.ViewGroup/android.widget.LinearLayout/android.widget.ScrollView/android.widget.LinearLayout/android.widget.FrameLayout/android.widget.FrameLayout/android.view.ViewGroup/android.widget.FrameLayout[2]/android.widget.RelativeLayout/android.widget.ImageButton}
	at java.base/jdk.internal.reflect.NativeConstructorAccessorImpl.newInstance0(Native Method)
	at java.base/jdk.internal.reflect.NativeConstructorAccessorImpl.newInstance(NativeConstructorAccessorImpl.java:62)
	at java.base/jdk.internal.reflect.DelegatingConstructorAccessorImpl.newInstance(DelegatingConstructorAccessorImpl.java:45)
	at java.base/java.lang.reflect.Constructor.newInstance(Constructor.java:490)
	at org.openqa.selenium.remote.http.W3CHttpResponseCodec.createException(W3CHttpResponseCodec.java:187)
	at org.openqa.selenium.remote.http.W3CHttpResponseCodec.decode(W3CHttpResponseCodec.java:122)
	at org.openqa.selenium.remote.http.W3CHttpResponseCodec.decode(W3CHttpResponseCodec.java:49)
	at org.openqa.selenium.remote.HttpCommandExecutor.execute(HttpCommandExecutor.java:158)
	at io.appium.java_client.remote.AppiumCommandExecutor.execute(AppiumCommandExecutor.java:239)
	at org.openqa.selenium.remote.RemoteWebDriver.execute(RemoteWebDriver.java:552)
	at io.appium.java_client.DefaultGenericMobileDriver.execute(DefaultGenericMobileDriver.java:41)
	at io.appium.java_client.AppiumDriver.execute(AppiumDriver.java:1)
	at io.appium.java_client.android.AndroidDriver.execute(AndroidDriver.java:1)
	at org.openqa.selenium.remote.RemoteWebDriver.findElement(RemoteWebDriver.java:323)
	at io.appium.java_client.DefaultGenericMobileDriver.findElement(DefaultGenericMobileDriver.java:61)
	at io.appium.java_client.AppiumDriver.findElement(AppiumDriver.java:1)
	at io.appium.java_client.android.AndroidDriver.findElement(AndroidDriver.java:1)
	at org.openqa.selenium.remote.RemoteWebDriver.findElementByXPath(RemoteWebDriver.java:428)
	at io.appium.java_client.DefaultGenericMobileDriver.findElementByXPath(DefaultGenericMobileDriver.java:151)
	at io.appium.java_client.AppiumDriver.findElementByXPath(AppiumDriver.java:1)
	at io.appium.java_client.android.AndroidDriver.findElementByXPath(AndroidDriver.java:1)
	at org.openqa.selenium.By$ByXPath.findElement(By.java:353)
	at org.openqa.selenium.remote.RemoteWebDriver.findElement(RemoteWebDriver.java:315)
	at io.appium.java_client.DefaultGenericMobileDriver.findElement(DefaultGenericMobileDriver.java:57)
	at io.appium.java_client.AppiumDriver.findElement(AppiumDriver.java:1)
	at io.appium.java_client.android.AndroidDriver.findElement(AndroidDriver.java:1)
	at org.openqa.selenium.support.ui.ExpectedConditions$6.apply(ExpectedConditions.java:182)
	at org.openqa.selenium.support.ui.ExpectedConditions$6.apply(ExpectedConditions.java:179)
	at org.openqa.selenium.support.ui.FluentWait.until(FluentWait.java:249)
	at Libraries.TestUtils.tryFindElement(TestUtils.java:45)
	at Libraries.TestUtils.clickElementBy(TestUtils.java:36)
	at Pages.HomePage.click_YukleButonu(HomePage.java:46)
	at Verified.BankadanParaYukleTest.BankaHesabindanParaYukle(BankadanParaYukleTest.java:25)
</failure>
    <system-out>2381371 [main] INFO  Utils.Log  - Closing Driver
&amp;#27;[35m[Appium]&amp;#27;[39m Welcome to Appium v1.22.3
&amp;#27;[35m[Appium]&amp;#27;[39m Non-default server args:
&amp;#27;[35m[Appium]&amp;#27;[39m   port: 23484
&amp;#27;[35m[Appium]&amp;#27;[39m Appium REST http interface listener started on 0.0.0.0:23484
&amp;#27;[35m[HTTP]&amp;#27;[39m &amp;#27;[37m--&gt;&amp;#27;[39m &amp;#27;[37mGET&amp;#27;[39m &amp;#27;[37m/wd/hub/status&amp;#27;[39m
&amp;#27;[35m[HTTP]&amp;#27;[39m &amp;#27;[90m{}&amp;#27;[39m
[debug] &amp;#27;[35m[GENERIC]&amp;#27;[39m Calling AppiumDriver.getStatus() with args: []
[debug] &amp;#27;[35m[GENERIC]&amp;#27;[39m Responding to client with driver.getStatus() result: {&quot;build&quot;:{&quot;version&quot;:&quot;1.22.3&quot;}}
Allure environment data saved.
2394144 [main] INFO  Utils.Log  - �al��t�rma �ncesi ayarlar uygulan�yor...
2394145 [main] INFO  Utils.Log  - BankaHesabindanParaYukle test started.
2413714 [main] INFO  Utils.Log  - BankaHesabindanParaYukle test is failed.
Screenshot captured for test case:BankaHesabindanParaYukle
</system-out>
    <system-err>Kas 25, 2022 3:52:52 �S io.appium.java_client.remote.AppiumCommandExecutor$1 lambda$0
INFO: Detected dialect: W3C
</system-err>
  </testcase>
  <testcase classname="Verified.FaturaOdeTest" name="FaturaOde" time="20.506">
    <failure message="An element could not be located on the page using the given search parameters.
For documentation on this error, please visit: https://www.seleniumhq.org/exceptions/no_such_element.html
Build info: version: &apos;3.141.59&apos;, revision: &apos;e82be7d358&apos;, time: &apos;2018-11-14T08:17:03&apos;
System info: host: &apos;N110688&apos;, ip: &apos;10.10.20.104&apos;, os.name: &apos;Windows 10&apos;, os.arch: &apos;amd64&apos;, os.version: &apos;10.0&apos;, java.version: &apos;11.0.10&apos;
Driver info: io.appium.java_client.android.AndroidDriver
Capabilities {VERSION: 11, appActivity: tr.com.innova.fintek.ttpay...., appPackage: tr.com.turktelekom.pokus.test, autoAcceptAlerts: true, autoGrantPermissions: true, automationName: UiAutomator2, databaseEnabled: false, desired: {VERSION: 11, appActivity: tr.com.innova.fintek.ttpay...., appPackage: tr.com.turktelekom.pokus.test, autoAcceptAlerts: true, autoGrantPermissions: true, automationName: UiAutomator2, deviceName: Pixel_XL_API_33, disableWindowAnimation: true, newCommandTimeout: 6000, noReset: false, platformName: android}, deviceApiLevel: 32, deviceManufacturer: Google, deviceModel: sdk_gphone64_x86_64, deviceName: emulator-5554, deviceScreenDensity: 560, deviceScreenSize: 1440x3120, deviceUDID: emulator-5554, disableWindowAnimation: true, javascriptEnabled: true, locationContextEnabled: false, networkConnectionEnabled: true, newCommandTimeout: 6000, noReset: false, pixelRatio: 3.5, platform: LINUX, platformName: Android, platformVersion: 12, statBarHeight: 84, takesScreenshot: true, viewportRect: {height: 2844, left: 0, top: 84, width: 1440}, warnings: {}, webStorageEnabled: false}
Session ID: ef717bee-1854-466f-9775-39a5ff482c7d
*** Element info: {Using=id, value=ibPayment}" type="org.openqa.selenium.NoSuchElementException">org.openqa.selenium.NoSuchElementException: An element could not be located on the page using the given search parameters.
For documentation on this error, please visit: https://www.seleniumhq.org/exceptions/no_such_element.html
Build info: version: &apos;3.141.59&apos;, revision: &apos;e82be7d358&apos;, time: &apos;2018-11-14T08:17:03&apos;
System info: host: &apos;N110688&apos;, ip: &apos;10.10.20.104&apos;, os.name: &apos;Windows 10&apos;, os.arch: &apos;amd64&apos;, os.version: &apos;10.0&apos;, java.version: &apos;11.0.10&apos;
Driver info: io.appium.java_client.android.AndroidDriver
Capabilities {VERSION: 11, appActivity: tr.com.innova.fintek.ttpay...., appPackage: tr.com.turktelekom.pokus.test, autoAcceptAlerts: true, autoGrantPermissions: true, automationName: UiAutomator2, databaseEnabled: false, desired: {VERSION: 11, appActivity: tr.com.innova.fintek.ttpay...., appPackage: tr.com.turktelekom.pokus.test, autoAcceptAlerts: true, autoGrantPermissions: true, automationName: UiAutomator2, deviceName: Pixel_XL_API_33, disableWindowAnimation: true, newCommandTimeout: 6000, noReset: false, platformName: android}, deviceApiLevel: 32, deviceManufacturer: Google, deviceModel: sdk_gphone64_x86_64, deviceName: emulator-5554, deviceScreenDensity: 560, deviceScreenSize: 1440x3120, deviceUDID: emulator-5554, disableWindowAnimation: true, javascriptEnabled: true, locationContextEnabled: false, networkConnectionEnabled: true, newCommandTimeout: 6000, noReset: false, pixelRatio: 3.5, platform: LINUX, platformName: Android, platformVersion: 12, statBarHeight: 84, takesScreenshot: true, viewportRect: {height: 2844, left: 0, top: 84, width: 1440}, warnings: {}, webStorageEnabled: false}
Session ID: ef717bee-1854-466f-9775-39a5ff482c7d
*** Element info: {Using=id, value=ibPayment}
	at java.base/jdk.internal.reflect.NativeConstructorAccessorImpl.newInstance0(Native Method)
	at java.base/jdk.internal.reflect.NativeConstructorAccessorImpl.newInstance(NativeConstructorAccessorImpl.java:62)
	at java.base/jdk.internal.reflect.DelegatingConstructorAccessorImpl.newInstance(DelegatingConstructorAccessorImpl.java:45)
	at java.base/java.lang.reflect.Constructor.newInstance(Constructor.java:490)
	at org.openqa.selenium.remote.http.W3CHttpResponseCodec.createException(W3CHttpResponseCodec.java:187)
	at org.openqa.selenium.remote.http.W3CHttpResponseCodec.decode(W3CHttpResponseCodec.java:122)
	at org.openqa.selenium.remote.http.W3CHttpResponseCodec.decode(W3CHttpResponseCodec.java:49)
	at org.openqa.selenium.remote.HttpCommandExecutor.execute(HttpCommandExecutor.java:158)
	at io.appium.java_client.remote.AppiumCommandExecutor.execute(AppiumCommandExecutor.java:239)
	at org.openqa.selenium.remote.RemoteWebDriver.execute(RemoteWebDriver.java:552)
	at io.appium.java_client.DefaultGenericMobileDriver.execute(DefaultGenericMobileDriver.java:41)
	at io.appium.java_client.AppiumDriver.execute(AppiumDriver.java:1)
	at io.appium.java_client.android.AndroidDriver.execute(AndroidDriver.java:1)
	at org.openqa.selenium.remote.RemoteWebDriver.findElement(RemoteWebDriver.java:323)
	at io.appium.java_client.DefaultGenericMobileDriver.findElement(DefaultGenericMobileDriver.java:61)
	at io.appium.java_client.AppiumDriver.findElement(AppiumDriver.java:1)
	at io.appium.java_client.android.AndroidDriver.findElement(AndroidDriver.java:1)
	at org.openqa.selenium.remote.RemoteWebDriver.findElementById(RemoteWebDriver.java:372)
	at io.appium.java_client.DefaultGenericMobileDriver.findElementById(DefaultGenericMobileDriver.java:69)
	at io.appium.java_client.AppiumDriver.findElementById(AppiumDriver.java:1)
	at io.appium.java_client.android.AndroidDriver.findElementById(AndroidDriver.java:1)
	at org.openqa.selenium.By$ById.findElement(By.java:188)
	at org.openqa.selenium.remote.RemoteWebDriver.findElement(RemoteWebDriver.java:315)
	at io.appium.java_client.DefaultGenericMobileDriver.findElement(DefaultGenericMobileDriver.java:57)
	at io.appium.java_client.AppiumDriver.findElement(AppiumDriver.java:1)
	at io.appium.java_client.android.AndroidDriver.findElement(AndroidDriver.java:1)
	at org.openqa.selenium.support.ui.ExpectedConditions$6.apply(ExpectedConditions.java:182)
	at org.openqa.selenium.support.ui.ExpectedConditions$6.apply(ExpectedConditions.java:179)
	at org.openqa.selenium.support.ui.FluentWait.until(FluentWait.java:249)
	at Libraries.TestUtils.tryFindElement(TestUtils.java:45)
	at Libraries.TestUtils.clickElementBy(TestUtils.java:36)
	at Pages.HomePage.click_OdemeYapButonu(HomePage.java:66)
	at Verified.FaturaOdeTest.FaturaOde(FaturaOdeTest.java:34)
</failure>
    <system-out>2415301 [main] INFO  Utils.Log  - Closing Driver
&amp;#27;[35m[Appium]&amp;#27;[39m Welcome to Appium v1.22.3
&amp;#27;[35m[Appium]&amp;#27;[39m Non-default server args:
&amp;#27;[35m[Appium]&amp;#27;[39m   port: 8913
&amp;#27;[35m[Appium]&amp;#27;[39m Appium REST http interface listener started on 0.0.0.0:8913
&amp;#27;[35m[HTTP]&amp;#27;[39m &amp;#27;[37m--&gt;&amp;#27;[39m &amp;#27;[37mGET&amp;#27;[39m &amp;#27;[37m/wd/hub/status&amp;#27;[39m
&amp;#27;[35m[HTTP]&amp;#27;[39m &amp;#27;[90m{}&amp;#27;[39m
[debug] &amp;#27;[35m[GENERIC]&amp;#27;[39m Calling AppiumDriver.getStatus() with args: []
[debug] &amp;#27;[35m[GENERIC]&amp;#27;[39m Responding to client with driver.getStatus() result: {&quot;build&quot;:{&quot;version&quot;:&quot;1.22.3&quot;}}
Allure environment data saved.
2429455 [main] INFO  Utils.Log  - �al��t�rma �ncesi ayarlar uygulan�yor...
2429456 [main] INFO  Utils.Log  - FaturaOde test started.
2449242 [main] INFO  Utils.Log  - FaturaOde test is failed.
Screenshot captured for test case:FaturaOde
</system-out>
    <system-err>Kas 25, 2022 3:53:27 �S io.appium.java_client.remote.AppiumCommandExecutor$1 lambda$0
INFO: Detected dialect: W3C
</system-err>
  </testcase>
  <testcase classname="Verified.GrubaParaGonderTest" name="GrubaParaGonder" time="19.663">
    <failure message="An element could not be located on the page using the given search parameters.
For documentation on this error, please visit: https://www.seleniumhq.org/exceptions/no_such_element.html
Build info: version: &apos;3.141.59&apos;, revision: &apos;e82be7d358&apos;, time: &apos;2018-11-14T08:17:03&apos;
System info: host: &apos;N110688&apos;, ip: &apos;10.10.20.104&apos;, os.name: &apos;Windows 10&apos;, os.arch: &apos;amd64&apos;, os.version: &apos;10.0&apos;, java.version: &apos;11.0.10&apos;
Driver info: io.appium.java_client.android.AndroidDriver
Capabilities {VERSION: 11, appActivity: tr.com.innova.fintek.ttpay...., appPackage: tr.com.turktelekom.pokus.test, autoAcceptAlerts: true, autoGrantPermissions: true, automationName: UiAutomator2, databaseEnabled: false, desired: {VERSION: 11, appActivity: tr.com.innova.fintek.ttpay...., appPackage: tr.com.turktelekom.pokus.test, autoAcceptAlerts: true, autoGrantPermissions: true, automationName: UiAutomator2, deviceName: Pixel_XL_API_33, disableWindowAnimation: true, newCommandTimeout: 6000, noReset: false, platformName: android}, deviceApiLevel: 32, deviceManufacturer: Google, deviceModel: sdk_gphone64_x86_64, deviceName: emulator-5554, deviceScreenDensity: 560, deviceScreenSize: 1440x3120, deviceUDID: emulator-5554, disableWindowAnimation: true, javascriptEnabled: true, locationContextEnabled: false, networkConnectionEnabled: true, newCommandTimeout: 6000, noReset: false, pixelRatio: 3.5, platform: LINUX, platformName: Android, platformVersion: 12, statBarHeight: 84, takesScreenshot: true, viewportRect: {height: 2844, left: 0, top: 84, width: 1440}, warnings: {}, webStorageEnabled: false}
Session ID: 7d379d79-28c7-4f64-8ba6-11bd65084973
*** Element info: {Using=id, value=ibBackButton}" type="org.openqa.selenium.NoSuchElementException">org.openqa.selenium.NoSuchElementException: An element could not be located on the page using the given search parameters.
For documentation on this error, please visit: https://www.seleniumhq.org/exceptions/no_such_element.html
Build info: version: &apos;3.141.59&apos;, revision: &apos;e82be7d358&apos;, time: &apos;2018-11-14T08:17:03&apos;
System info: host: &apos;N110688&apos;, ip: &apos;10.10.20.104&apos;, os.name: &apos;Windows 10&apos;, os.arch: &apos;amd64&apos;, os.version: &apos;10.0&apos;, java.version: &apos;11.0.10&apos;
Driver info: io.appium.java_client.android.AndroidDriver
Capabilities {VERSION: 11, appActivity: tr.com.innova.fintek.ttpay...., appPackage: tr.com.turktelekom.pokus.test, autoAcceptAlerts: true, autoGrantPermissions: true, automationName: UiAutomator2, databaseEnabled: false, desired: {VERSION: 11, appActivity: tr.com.innova.fintek.ttpay...., appPackage: tr.com.turktelekom.pokus.test, autoAcceptAlerts: true, autoGrantPermissions: true, automationName: UiAutomator2, deviceName: Pixel_XL_API_33, disableWindowAnimation: true, newCommandTimeout: 6000, noReset: false, platformName: android}, deviceApiLevel: 32, deviceManufacturer: Google, deviceModel: sdk_gphone64_x86_64, deviceName: emulator-5554, deviceScreenDensity: 560, deviceScreenSize: 1440x3120, deviceUDID: emulator-5554, disableWindowAnimation: true, javascriptEnabled: true, locationContextEnabled: false, networkConnectionEnabled: true, newCommandTimeout: 6000, noReset: false, pixelRatio: 3.5, platform: LINUX, platformName: Android, platformVersion: 12, statBarHeight: 84, takesScreenshot: true, viewportRect: {height: 2844, left: 0, top: 84, width: 1440}, warnings: {}, webStorageEnabled: false}
Session ID: 7d379d79-28c7-4f64-8ba6-11bd65084973
*** Element info: {Using=id, value=ibBackButton}
	at java.base/jdk.internal.reflect.NativeConstructorAccessorImpl.newInstance0(Native Method)
	at java.base/jdk.internal.reflect.NativeConstructorAccessorImpl.newInstance(NativeConstructorAccessorImpl.java:62)
	at java.base/jdk.internal.reflect.DelegatingConstructorAccessorImpl.newInstance(DelegatingConstructorAccessorImpl.java:45)
	at java.base/java.lang.reflect.Constructor.newInstance(Constructor.java:490)
	at org.openqa.selenium.remote.http.W3CHttpResponseCodec.createException(W3CHttpResponseCodec.java:187)
	at org.openqa.selenium.remote.http.W3CHttpResponseCodec.decode(W3CHttpResponseCodec.java:122)
	at org.openqa.selenium.remote.http.W3CHttpResponseCodec.decode(W3CHttpResponseCodec.java:49)
	at org.openqa.selenium.remote.HttpCommandExecutor.execute(HttpCommandExecutor.java:158)
	at io.appium.java_client.remote.AppiumCommandExecutor.execute(AppiumCommandExecutor.java:239)
	at org.openqa.selenium.remote.RemoteWebDriver.execute(RemoteWebDriver.java:552)
	at io.appium.java_client.DefaultGenericMobileDriver.execute(DefaultGenericMobileDriver.java:41)
	at io.appium.java_client.AppiumDriver.execute(AppiumDriver.java:1)
	at io.appium.java_client.android.AndroidDriver.execute(AndroidDriver.java:1)
	at org.openqa.selenium.remote.RemoteWebDriver.findElement(RemoteWebDriver.java:323)
	at io.appium.java_client.DefaultGenericMobileDriver.findElement(DefaultGenericMobileDriver.java:61)
	at io.appium.java_client.AppiumDriver.findElement(AppiumDriver.java:1)
	at io.appium.java_client.android.AndroidDriver.findElement(AndroidDriver.java:1)
	at org.openqa.selenium.remote.RemoteWebDriver.findElementById(RemoteWebDriver.java:372)
	at io.appium.java_client.DefaultGenericMobileDriver.findElementById(DefaultGenericMobileDriver.java:69)
	at io.appium.java_client.AppiumDriver.findElementById(AppiumDriver.java:1)
	at io.appium.java_client.android.AndroidDriver.findElementById(AndroidDriver.java:1)
	at org.openqa.selenium.By$ById.findElement(By.java:188)
	at org.openqa.selenium.remote.RemoteWebDriver.findElement(RemoteWebDriver.java:315)
	at io.appium.java_client.DefaultGenericMobileDriver.findElement(DefaultGenericMobileDriver.java:57)
	at io.appium.java_client.AppiumDriver.findElement(AppiumDriver.java:1)
	at io.appium.java_client.android.AndroidDriver.findElement(AndroidDriver.java:1)
	at org.openqa.selenium.support.ui.ExpectedConditions$6.apply(ExpectedConditions.java:182)
	at org.openqa.selenium.support.ui.ExpectedConditions$6.apply(ExpectedConditions.java:179)
	at org.openqa.selenium.support.ui.FluentWait.until(FluentWait.java:249)
	at Libraries.TestUtils.tryFindElement(TestUtils.java:45)
	at Libraries.TestUtils.clickElementBy(TestUtils.java:36)
	at Pages.LoginPage.click_HamburgerMenu(LoginPage.java:211)
	at Verified.GrubaParaGonderTest.GrubaParaGonder(GrubaParaGonderTest.java:30)
</failure>
    <system-out>2450515 [main] INFO  Utils.Log  - Closing Driver
&amp;#27;[35m[Appium]&amp;#27;[39m Welcome to Appium v1.22.3
&amp;#27;[35m[Appium]&amp;#27;[39m Non-default server args:
&amp;#27;[35m[Appium]&amp;#27;[39m   port: 46875
&amp;#27;[35m[Appium]&amp;#27;[39m Appium REST http interface listener started on 0.0.0.0:46875
&amp;#27;[35m[HTTP]&amp;#27;[39m &amp;#27;[37m--&gt;&amp;#27;[39m &amp;#27;[37mGET&amp;#27;[39m &amp;#27;[37m/wd/hub/status&amp;#27;[39m
&amp;#27;[35m[HTTP]&amp;#27;[39m &amp;#27;[90m{}&amp;#27;[39m
[debug] &amp;#27;[35m[GENERIC]&amp;#27;[39m Calling AppiumDriver.getStatus() with args: []
[debug] &amp;#27;[35m[GENERIC]&amp;#27;[39m Responding to client with driver.getStatus() result: {&quot;build&quot;:{&quot;version&quot;:&quot;1.22.3&quot;}}
Allure environment data saved.
2463286 [main] INFO  Utils.Log  - �al��t�rma �ncesi ayarlar uygulan�yor...
2463287 [main] INFO  Utils.Log  - GrubaParaGonder test started.
2482141 [main] INFO  Utils.Log  - GrubaParaGonder test is failed.
Screenshot captured for test case:GrubaParaGonder
</system-out>
    <system-err>Kas 25, 2022 3:54:01 �S io.appium.java_client.remote.AppiumCommandExecutor$1 lambda$0
INFO: Detected dialect: W3C
</system-err>
  </testcase>
  <testcase classname="Verified.GrupOlusturTest" name="GrupOlustur" time="20.448">
    <failure message="An element could not be located on the page using the given search parameters.
For documentation on this error, please visit: https://www.seleniumhq.org/exceptions/no_such_element.html
Build info: version: &apos;3.141.59&apos;, revision: &apos;e82be7d358&apos;, time: &apos;2018-11-14T08:17:03&apos;
System info: host: &apos;N110688&apos;, ip: &apos;10.10.20.104&apos;, os.name: &apos;Windows 10&apos;, os.arch: &apos;amd64&apos;, os.version: &apos;10.0&apos;, java.version: &apos;11.0.10&apos;
Driver info: io.appium.java_client.android.AndroidDriver
Capabilities {VERSION: 11, appActivity: tr.com.innova.fintek.ttpay...., appPackage: tr.com.turktelekom.pokus.test, autoAcceptAlerts: true, autoGrantPermissions: true, automationName: UiAutomator2, databaseEnabled: false, desired: {VERSION: 11, appActivity: tr.com.innova.fintek.ttpay...., appPackage: tr.com.turktelekom.pokus.test, autoAcceptAlerts: true, autoGrantPermissions: true, automationName: UiAutomator2, deviceName: Pixel_XL_API_33, disableWindowAnimation: true, newCommandTimeout: 6000, noReset: false, platformName: android}, deviceApiLevel: 32, deviceManufacturer: Google, deviceModel: sdk_gphone64_x86_64, deviceName: emulator-5554, deviceScreenDensity: 560, deviceScreenSize: 1440x3120, deviceUDID: emulator-5554, disableWindowAnimation: true, javascriptEnabled: true, locationContextEnabled: false, networkConnectionEnabled: true, newCommandTimeout: 6000, noReset: false, pixelRatio: 3.5, platform: LINUX, platformName: Android, platformVersion: 12, statBarHeight: 84, takesScreenshot: true, viewportRect: {height: 2844, left: 0, top: 84, width: 1440}, warnings: {}, webStorageEnabled: false}
Session ID: f7c73763-7600-405c-982b-258de691824f
*** Element info: {Using=id, value=ibBackButton}" type="org.openqa.selenium.NoSuchElementException">org.openqa.selenium.NoSuchElementException: An element could not be located on the page using the given search parameters.
For documentation on this error, please visit: https://www.seleniumhq.org/exceptions/no_such_element.html
Build info: version: &apos;3.141.59&apos;, revision: &apos;e82be7d358&apos;, time: &apos;2018-11-14T08:17:03&apos;
System info: host: &apos;N110688&apos;, ip: &apos;10.10.20.104&apos;, os.name: &apos;Windows 10&apos;, os.arch: &apos;amd64&apos;, os.version: &apos;10.0&apos;, java.version: &apos;11.0.10&apos;
Driver info: io.appium.java_client.android.AndroidDriver
Capabilities {VERSION: 11, appActivity: tr.com.innova.fintek.ttpay...., appPackage: tr.com.turktelekom.pokus.test, autoAcceptAlerts: true, autoGrantPermissions: true, automationName: UiAutomator2, databaseEnabled: false, desired: {VERSION: 11, appActivity: tr.com.innova.fintek.ttpay...., appPackage: tr.com.turktelekom.pokus.test, autoAcceptAlerts: true, autoGrantPermissions: true, automationName: UiAutomator2, deviceName: Pixel_XL_API_33, disableWindowAnimation: true, newCommandTimeout: 6000, noReset: false, platformName: android}, deviceApiLevel: 32, deviceManufacturer: Google, deviceModel: sdk_gphone64_x86_64, deviceName: emulator-5554, deviceScreenDensity: 560, deviceScreenSize: 1440x3120, deviceUDID: emulator-5554, disableWindowAnimation: true, javascriptEnabled: true, locationContextEnabled: false, networkConnectionEnabled: true, newCommandTimeout: 6000, noReset: false, pixelRatio: 3.5, platform: LINUX, platformName: Android, platformVersion: 12, statBarHeight: 84, takesScreenshot: true, viewportRect: {height: 2844, left: 0, top: 84, width: 1440}, warnings: {}, webStorageEnabled: false}
Session ID: f7c73763-7600-405c-982b-258de691824f
*** Element info: {Using=id, value=ibBackButton}
	at java.base/jdk.internal.reflect.NativeConstructorAccessorImpl.newInstance0(Native Method)
	at java.base/jdk.internal.reflect.NativeConstructorAccessorImpl.newInstance(NativeConstructorAccessorImpl.java:62)
	at java.base/jdk.internal.reflect.DelegatingConstructorAccessorImpl.newInstance(DelegatingConstructorAccessorImpl.java:45)
	at java.base/java.lang.reflect.Constructor.newInstance(Constructor.java:490)
	at org.openqa.selenium.remote.http.W3CHttpResponseCodec.createException(W3CHttpResponseCodec.java:187)
	at org.openqa.selenium.remote.http.W3CHttpResponseCodec.decode(W3CHttpResponseCodec.java:122)
	at org.openqa.selenium.remote.http.W3CHttpResponseCodec.decode(W3CHttpResponseCodec.java:49)
	at org.openqa.selenium.remote.HttpCommandExecutor.execute(HttpCommandExecutor.java:158)
	at io.appium.java_client.remote.AppiumCommandExecutor.execute(AppiumCommandExecutor.java:239)
	at org.openqa.selenium.remote.RemoteWebDriver.execute(RemoteWebDriver.java:552)
	at io.appium.java_client.DefaultGenericMobileDriver.execute(DefaultGenericMobileDriver.java:41)
	at io.appium.java_client.AppiumDriver.execute(AppiumDriver.java:1)
	at io.appium.java_client.android.AndroidDriver.execute(AndroidDriver.java:1)
	at org.openqa.selenium.remote.RemoteWebDriver.findElement(RemoteWebDriver.java:323)
	at io.appium.java_client.DefaultGenericMobileDriver.findElement(DefaultGenericMobileDriver.java:61)
	at io.appium.java_client.AppiumDriver.findElement(AppiumDriver.java:1)
	at io.appium.java_client.android.AndroidDriver.findElement(AndroidDriver.java:1)
	at org.openqa.selenium.remote.RemoteWebDriver.findElementById(RemoteWebDriver.java:372)
	at io.appium.java_client.DefaultGenericMobileDriver.findElementById(DefaultGenericMobileDriver.java:69)
	at io.appium.java_client.AppiumDriver.findElementById(AppiumDriver.java:1)
	at io.appium.java_client.android.AndroidDriver.findElementById(AndroidDriver.java:1)
	at org.openqa.selenium.By$ById.findElement(By.java:188)
	at org.openqa.selenium.remote.RemoteWebDriver.findElement(RemoteWebDriver.java:315)
	at io.appium.java_client.DefaultGenericMobileDriver.findElement(DefaultGenericMobileDriver.java:57)
	at io.appium.java_client.AppiumDriver.findElement(AppiumDriver.java:1)
	at io.appium.java_client.android.AndroidDriver.findElement(AndroidDriver.java:1)
	at org.openqa.selenium.support.ui.ExpectedConditions$6.apply(ExpectedConditions.java:182)
	at org.openqa.selenium.support.ui.ExpectedConditions$6.apply(ExpectedConditions.java:179)
	at org.openqa.selenium.support.ui.FluentWait.until(FluentWait.java:249)
	at Libraries.TestUtils.tryFindElement(TestUtils.java:45)
	at Libraries.TestUtils.clickElementBy(TestUtils.java:36)
	at Pages.LoginPage.click_HamburgerMenu(LoginPage.java:211)
	at Verified.GrupOlusturTest.GrupOlustur(GrupOlusturTest.java:26)
</failure>
    <system-out>2483469 [main] INFO  Utils.Log  - Closing Driver
&amp;#27;[35m[Appium]&amp;#27;[39m Welcome to Appium v1.22.3
&amp;#27;[35m[Appium]&amp;#27;[39m Non-default server args:
&amp;#27;[35m[Appium]&amp;#27;[39m   port: 30415
&amp;#27;[35m[Appium]&amp;#27;[39m Appium REST http interface listener started on 0.0.0.0:30415
&amp;#27;[35m[HTTP]&amp;#27;[39m &amp;#27;[37m--&gt;&amp;#27;[39m &amp;#27;[37mGET&amp;#27;[39m &amp;#27;[37m/wd/hub/status&amp;#27;[39m
&amp;#27;[35m[HTTP]&amp;#27;[39m &amp;#27;[90m{}&amp;#27;[39m
[debug] &amp;#27;[35m[GENERIC]&amp;#27;[39m Calling AppiumDriver.getStatus() with args: []
[debug] &amp;#27;[35m[GENERIC]&amp;#27;[39m Responding to client with driver.getStatus() result: {&quot;build&quot;:{&quot;version&quot;:&quot;1.22.3&quot;}}
Allure environment data saved.
2496248 [main] INFO  Utils.Log  - �al��t�rma �ncesi ayarlar uygulan�yor...
2496249 [main] INFO  Utils.Log  - GrupOlustur test started.
2515982 [main] INFO  Utils.Log  - GrupOlustur test is failed.
Screenshot captured for test case:GrupOlustur
</system-out>
    <system-err>Kas 25, 2022 3:54:34 �S io.appium.java_client.remote.AppiumCommandExecutor$1 lambda$0
INFO: Detected dialect: W3C
</system-err>
  </testcase>
  <testcase classname="Verified.GruptanParaIsteTest" name="GruptanParaIste" time="19.026">
    <failure message="An element could not be located on the page using the given search parameters.
For documentation on this error, please visit: https://www.seleniumhq.org/exceptions/no_such_element.html
Build info: version: &apos;3.141.59&apos;, revision: &apos;e82be7d358&apos;, time: &apos;2018-11-14T08:17:03&apos;
System info: host: &apos;N110688&apos;, ip: &apos;10.10.20.104&apos;, os.name: &apos;Windows 10&apos;, os.arch: &apos;amd64&apos;, os.version: &apos;10.0&apos;, java.version: &apos;11.0.10&apos;
Driver info: io.appium.java_client.android.AndroidDriver
Capabilities {VERSION: 11, appActivity: tr.com.innova.fintek.ttpay...., appPackage: tr.com.turktelekom.pokus.test, autoAcceptAlerts: true, autoGrantPermissions: true, automationName: UiAutomator2, databaseEnabled: false, desired: {VERSION: 11, appActivity: tr.com.innova.fintek.ttpay...., appPackage: tr.com.turktelekom.pokus.test, autoAcceptAlerts: true, autoGrantPermissions: true, automationName: UiAutomator2, deviceName: Pixel_XL_API_33, disableWindowAnimation: true, newCommandTimeout: 6000, noReset: false, platformName: android}, deviceApiLevel: 32, deviceManufacturer: Google, deviceModel: sdk_gphone64_x86_64, deviceName: emulator-5554, deviceScreenDensity: 560, deviceScreenSize: 1440x3120, deviceUDID: emulator-5554, disableWindowAnimation: true, javascriptEnabled: true, locationContextEnabled: false, networkConnectionEnabled: true, newCommandTimeout: 6000, noReset: false, pixelRatio: 3.5, platform: LINUX, platformName: Android, platformVersion: 12, statBarHeight: 84, takesScreenshot: true, viewportRect: {height: 2844, left: 0, top: 84, width: 1440}, warnings: {}, webStorageEnabled: false}
Session ID: 73fd873d-9bb0-4f67-b1e6-f88f819e1ddf
*** Element info: {Using=id, value=ibBackButton}" type="org.openqa.selenium.NoSuchElementException">org.openqa.selenium.NoSuchElementException: An element could not be located on the page using the given search parameters.
For documentation on this error, please visit: https://www.seleniumhq.org/exceptions/no_such_element.html
Build info: version: &apos;3.141.59&apos;, revision: &apos;e82be7d358&apos;, time: &apos;2018-11-14T08:17:03&apos;
System info: host: &apos;N110688&apos;, ip: &apos;10.10.20.104&apos;, os.name: &apos;Windows 10&apos;, os.arch: &apos;amd64&apos;, os.version: &apos;10.0&apos;, java.version: &apos;11.0.10&apos;
Driver info: io.appium.java_client.android.AndroidDriver
Capabilities {VERSION: 11, appActivity: tr.com.innova.fintek.ttpay...., appPackage: tr.com.turktelekom.pokus.test, autoAcceptAlerts: true, autoGrantPermissions: true, automationName: UiAutomator2, databaseEnabled: false, desired: {VERSION: 11, appActivity: tr.com.innova.fintek.ttpay...., appPackage: tr.com.turktelekom.pokus.test, autoAcceptAlerts: true, autoGrantPermissions: true, automationName: UiAutomator2, deviceName: Pixel_XL_API_33, disableWindowAnimation: true, newCommandTimeout: 6000, noReset: false, platformName: android}, deviceApiLevel: 32, deviceManufacturer: Google, deviceModel: sdk_gphone64_x86_64, deviceName: emulator-5554, deviceScreenDensity: 560, deviceScreenSize: 1440x3120, deviceUDID: emulator-5554, disableWindowAnimation: true, javascriptEnabled: true, locationContextEnabled: false, networkConnectionEnabled: true, newCommandTimeout: 6000, noReset: false, pixelRatio: 3.5, platform: LINUX, platformName: Android, platformVersion: 12, statBarHeight: 84, takesScreenshot: true, viewportRect: {height: 2844, left: 0, top: 84, width: 1440}, warnings: {}, webStorageEnabled: false}
Session ID: 73fd873d-9bb0-4f67-b1e6-f88f819e1ddf
*** Element info: {Using=id, value=ibBackButton}
	at java.base/jdk.internal.reflect.NativeConstructorAccessorImpl.newInstance0(Native Method)
	at java.base/jdk.internal.reflect.NativeConstructorAccessorImpl.newInstance(NativeConstructorAccessorImpl.java:62)
	at java.base/jdk.internal.reflect.DelegatingConstructorAccessorImpl.newInstance(DelegatingConstructorAccessorImpl.java:45)
	at java.base/java.lang.reflect.Constructor.newInstance(Constructor.java:490)
	at org.openqa.selenium.remote.http.W3CHttpResponseCodec.createException(W3CHttpResponseCodec.java:187)
	at org.openqa.selenium.remote.http.W3CHttpResponseCodec.decode(W3CHttpResponseCodec.java:122)
	at org.openqa.selenium.remote.http.W3CHttpResponseCodec.decode(W3CHttpResponseCodec.java:49)
	at org.openqa.selenium.remote.HttpCommandExecutor.execute(HttpCommandExecutor.java:158)
	at io.appium.java_client.remote.AppiumCommandExecutor.execute(AppiumCommandExecutor.java:239)
	at org.openqa.selenium.remote.RemoteWebDriver.execute(RemoteWebDriver.java:552)
	at io.appium.java_client.DefaultGenericMobileDriver.execute(DefaultGenericMobileDriver.java:41)
	at io.appium.java_client.AppiumDriver.execute(AppiumDriver.java:1)
	at io.appium.java_client.android.AndroidDriver.execute(AndroidDriver.java:1)
	at org.openqa.selenium.remote.RemoteWebDriver.findElement(RemoteWebDriver.java:323)
	at io.appium.java_client.DefaultGenericMobileDriver.findElement(DefaultGenericMobileDriver.java:61)
	at io.appium.java_client.AppiumDriver.findElement(AppiumDriver.java:1)
	at io.appium.java_client.android.AndroidDriver.findElement(AndroidDriver.java:1)
	at org.openqa.selenium.remote.RemoteWebDriver.findElementById(RemoteWebDriver.java:372)
	at io.appium.java_client.DefaultGenericMobileDriver.findElementById(DefaultGenericMobileDriver.java:69)
	at io.appium.java_client.AppiumDriver.findElementById(AppiumDriver.java:1)
	at io.appium.java_client.android.AndroidDriver.findElementById(AndroidDriver.java:1)
	at org.openqa.selenium.By$ById.findElement(By.java:188)
	at org.openqa.selenium.remote.RemoteWebDriver.findElement(RemoteWebDriver.java:315)
	at io.appium.java_client.DefaultGenericMobileDriver.findElement(DefaultGenericMobileDriver.java:57)
	at io.appium.java_client.AppiumDriver.findElement(AppiumDriver.java:1)
	at io.appium.java_client.android.AndroidDriver.findElement(AndroidDriver.java:1)
	at org.openqa.selenium.support.ui.ExpectedConditions$6.apply(ExpectedConditions.java:182)
	at org.openqa.selenium.support.ui.ExpectedConditions$6.apply(ExpectedConditions.java:179)
	at org.openqa.selenium.support.ui.FluentWait.until(FluentWait.java:249)
	at Libraries.TestUtils.tryFindElement(TestUtils.java:45)
	at Libraries.TestUtils.clickElementBy(TestUtils.java:36)
	at Pages.LoginPage.click_HamburgerMenu(LoginPage.java:211)
	at Verified.GruptanParaIsteTest.GruptanParaIste(GruptanParaIsteTest.java:30)
</failure>
    <system-out>2517223 [main] INFO  Utils.Log  - Closing Driver
&amp;#27;[35m[Appium]&amp;#27;[39m Welcome to Appium v1.22.3
&amp;#27;[35m[Appium]&amp;#27;[39m Non-default server args:
&amp;#27;[35m[Appium]&amp;#27;[39m   port: 21267
&amp;#27;[35m[Appium]&amp;#27;[39m Appium REST http interface listener started on 0.0.0.0:21267
&amp;#27;[35m[HTTP]&amp;#27;[39m &amp;#27;[37m--&gt;&amp;#27;[39m &amp;#27;[37mGET&amp;#27;[39m &amp;#27;[37m/wd/hub/status&amp;#27;[39m
&amp;#27;[35m[HTTP]&amp;#27;[39m &amp;#27;[90m{}&amp;#27;[39m
[debug] &amp;#27;[35m[GENERIC]&amp;#27;[39m Calling AppiumDriver.getStatus() with args: []
[debug] &amp;#27;[35m[GENERIC]&amp;#27;[39m Responding to client with driver.getStatus() result: {&quot;build&quot;:{&quot;version&quot;:&quot;1.22.3&quot;}}
Allure environment data saved.
2530264 [main] INFO  Utils.Log  - �al��t�rma �ncesi ayarlar uygulan�yor...
2530264 [main] INFO  Utils.Log  - GruptanParaIste test started.
2548576 [main] INFO  Utils.Log  - GruptanParaIste test is failed.
Screenshot captured for test case:GruptanParaIste
</system-out>
    <system-err>Kas 25, 2022 3:55:08 �S io.appium.java_client.remote.AppiumCommandExecutor$1 lambda$0
INFO: Detected dialect: W3C
</system-err>
  </testcase>
  <testcase classname="Verified.IBANKaydetParaGonderTest" name="IBANKaydet" time="20.12">
    <failure message="An element could not be located on the page using the given search parameters.
For documentation on this error, please visit: https://www.seleniumhq.org/exceptions/no_such_element.html
Build info: version: &apos;3.141.59&apos;, revision: &apos;e82be7d358&apos;, time: &apos;2018-11-14T08:17:03&apos;
System info: host: &apos;N110688&apos;, ip: &apos;10.10.20.104&apos;, os.name: &apos;Windows 10&apos;, os.arch: &apos;amd64&apos;, os.version: &apos;10.0&apos;, java.version: &apos;11.0.10&apos;
Driver info: io.appium.java_client.android.AndroidDriver
Capabilities {VERSION: 11, appActivity: tr.com.innova.fintek.ttpay...., appPackage: tr.com.turktelekom.pokus.test, autoAcceptAlerts: true, autoGrantPermissions: true, automationName: UiAutomator2, databaseEnabled: false, desired: {VERSION: 11, appActivity: tr.com.innova.fintek.ttpay...., appPackage: tr.com.turktelekom.pokus.test, autoAcceptAlerts: true, autoGrantPermissions: true, automationName: UiAutomator2, deviceName: Pixel_XL_API_33, disableWindowAnimation: true, newCommandTimeout: 6000, noReset: false, platformName: android}, deviceApiLevel: 32, deviceManufacturer: Google, deviceModel: sdk_gphone64_x86_64, deviceName: emulator-5554, deviceScreenDensity: 560, deviceScreenSize: 1440x3120, deviceUDID: emulator-5554, disableWindowAnimation: true, javascriptEnabled: true, locationContextEnabled: false, networkConnectionEnabled: true, newCommandTimeout: 6000, noReset: false, pixelRatio: 3.5, platform: LINUX, platformName: Android, platformVersion: 12, statBarHeight: 84, takesScreenshot: true, viewportRect: {height: 2844, left: 0, top: 84, width: 1440}, warnings: {}, webStorageEnabled: false}
Session ID: 4fdf715f-1a88-4cd3-843e-b2e07c3d8ba2
*** Element info: {Using=id, value=ibBackButton}" type="org.openqa.selenium.NoSuchElementException">org.openqa.selenium.NoSuchElementException: An element could not be located on the page using the given search parameters.
For documentation on this error, please visit: https://www.seleniumhq.org/exceptions/no_such_element.html
Build info: version: &apos;3.141.59&apos;, revision: &apos;e82be7d358&apos;, time: &apos;2018-11-14T08:17:03&apos;
System info: host: &apos;N110688&apos;, ip: &apos;10.10.20.104&apos;, os.name: &apos;Windows 10&apos;, os.arch: &apos;amd64&apos;, os.version: &apos;10.0&apos;, java.version: &apos;11.0.10&apos;
Driver info: io.appium.java_client.android.AndroidDriver
Capabilities {VERSION: 11, appActivity: tr.com.innova.fintek.ttpay...., appPackage: tr.com.turktelekom.pokus.test, autoAcceptAlerts: true, autoGrantPermissions: true, automationName: UiAutomator2, databaseEnabled: false, desired: {VERSION: 11, appActivity: tr.com.innova.fintek.ttpay...., appPackage: tr.com.turktelekom.pokus.test, autoAcceptAlerts: true, autoGrantPermissions: true, automationName: UiAutomator2, deviceName: Pixel_XL_API_33, disableWindowAnimation: true, newCommandTimeout: 6000, noReset: false, platformName: android}, deviceApiLevel: 32, deviceManufacturer: Google, deviceModel: sdk_gphone64_x86_64, deviceName: emulator-5554, deviceScreenDensity: 560, deviceScreenSize: 1440x3120, deviceUDID: emulator-5554, disableWindowAnimation: true, javascriptEnabled: true, locationContextEnabled: false, networkConnectionEnabled: true, newCommandTimeout: 6000, noReset: false, pixelRatio: 3.5, platform: LINUX, platformName: Android, platformVersion: 12, statBarHeight: 84, takesScreenshot: true, viewportRect: {height: 2844, left: 0, top: 84, width: 1440}, warnings: {}, webStorageEnabled: false}
Session ID: 4fdf715f-1a88-4cd3-843e-b2e07c3d8ba2
*** Element info: {Using=id, value=ibBackButton}
	at java.base/jdk.internal.reflect.NativeConstructorAccessorImpl.newInstance0(Native Method)
	at java.base/jdk.internal.reflect.NativeConstructorAccessorImpl.newInstance(NativeConstructorAccessorImpl.java:62)
	at java.base/jdk.internal.reflect.DelegatingConstructorAccessorImpl.newInstance(DelegatingConstructorAccessorImpl.java:45)
	at java.base/java.lang.reflect.Constructor.newInstance(Constructor.java:490)
	at org.openqa.selenium.remote.http.W3CHttpResponseCodec.createException(W3CHttpResponseCodec.java:187)
	at org.openqa.selenium.remote.http.W3CHttpResponseCodec.decode(W3CHttpResponseCodec.java:122)
	at org.openqa.selenium.remote.http.W3CHttpResponseCodec.decode(W3CHttpResponseCodec.java:49)
	at org.openqa.selenium.remote.HttpCommandExecutor.execute(HttpCommandExecutor.java:158)
	at io.appium.java_client.remote.AppiumCommandExecutor.execute(AppiumCommandExecutor.java:239)
	at org.openqa.selenium.remote.RemoteWebDriver.execute(RemoteWebDriver.java:552)
	at io.appium.java_client.DefaultGenericMobileDriver.execute(DefaultGenericMobileDriver.java:41)
	at io.appium.java_client.AppiumDriver.execute(AppiumDriver.java:1)
	at io.appium.java_client.android.AndroidDriver.execute(AndroidDriver.java:1)
	at org.openqa.selenium.remote.RemoteWebDriver.findElement(RemoteWebDriver.java:323)
	at io.appium.java_client.DefaultGenericMobileDriver.findElement(DefaultGenericMobileDriver.java:61)
	at io.appium.java_client.AppiumDriver.findElement(AppiumDriver.java:1)
	at io.appium.java_client.android.AndroidDriver.findElement(AndroidDriver.java:1)
	at org.openqa.selenium.remote.RemoteWebDriver.findElementById(RemoteWebDriver.java:372)
	at io.appium.java_client.DefaultGenericMobileDriver.findElementById(DefaultGenericMobileDriver.java:69)
	at io.appium.java_client.AppiumDriver.findElementById(AppiumDriver.java:1)
	at io.appium.java_client.android.AndroidDriver.findElementById(AndroidDriver.java:1)
	at org.openqa.selenium.By$ById.findElement(By.java:188)
	at org.openqa.selenium.remote.RemoteWebDriver.findElement(RemoteWebDriver.java:315)
	at io.appium.java_client.DefaultGenericMobileDriver.findElement(DefaultGenericMobileDriver.java:57)
	at io.appium.java_client.AppiumDriver.findElement(AppiumDriver.java:1)
	at io.appium.java_client.android.AndroidDriver.findElement(AndroidDriver.java:1)
	at org.openqa.selenium.support.ui.ExpectedConditions$6.apply(ExpectedConditions.java:182)
	at org.openqa.selenium.support.ui.ExpectedConditions$6.apply(ExpectedConditions.java:179)
	at org.openqa.selenium.support.ui.FluentWait.until(FluentWait.java:249)
	at Libraries.TestUtils.tryFindElement(TestUtils.java:45)
	at Libraries.TestUtils.clickElementBy(TestUtils.java:36)
	at Pages.LoginPage.click_HamburgerMenu(LoginPage.java:211)
	at Verified.IBANKaydetParaGonderTest.IBANKaydet(IBANKaydetParaGonderTest.java:29)
</failure>
    <system-out>2549843 [main] INFO  Utils.Log  - Closing Driver
&amp;#27;[35m[Appium]&amp;#27;[39m Welcome to Appium v1.22.3
&amp;#27;[35m[Appium]&amp;#27;[39m Non-default server args:
&amp;#27;[35m[Appium]&amp;#27;[39m   port: 8174
&amp;#27;[35m[Appium]&amp;#27;[39m Appium REST http interface listener started on 0.0.0.0:8174
&amp;#27;[35m[HTTP]&amp;#27;[39m &amp;#27;[37m--&gt;&amp;#27;[39m &amp;#27;[37mGET&amp;#27;[39m &amp;#27;[37m/wd/hub/status&amp;#27;[39m
&amp;#27;[35m[HTTP]&amp;#27;[39m &amp;#27;[90m{}&amp;#27;[39m
[debug] &amp;#27;[35m[GENERIC]&amp;#27;[39m Calling AppiumDriver.getStatus() with args: []
[debug] &amp;#27;[35m[GENERIC]&amp;#27;[39m Responding to client with driver.getStatus() result: {&quot;build&quot;:{&quot;version&quot;:&quot;1.22.3&quot;}}
Allure environment data saved.
2562721 [main] INFO  Utils.Log  - �al��t�rma �ncesi ayarlar uygulan�yor...
2562721 [main] INFO  Utils.Log  - IBANKaydet test started.
2582135 [main] INFO  Utils.Log  - IBANKaydet test is failed.
Screenshot captured for test case:IBANKaydet
</system-out>
    <system-err>Kas 25, 2022 3:55:41 �S io.appium.java_client.remote.AppiumCommandExecutor$1 lambda$0
INFO: Detected dialect: W3C
</system-err>
  </testcase>
  <testcase classname="Verified.KampanyalarTest" name="LoginAndCheckCampaigns" time="5.869"/>
  <testcase classname="Verified.KampanyalarTest" name="Step2" time="15.753">
    <failure message="An element could not be located on the page using the given search parameters.
For documentation on this error, please visit: https://www.seleniumhq.org/exceptions/no_such_element.html
Build info: version: &apos;3.141.59&apos;, revision: &apos;e82be7d358&apos;, time: &apos;2018-11-14T08:17:03&apos;
System info: host: &apos;N110688&apos;, ip: &apos;10.10.20.104&apos;, os.name: &apos;Windows 10&apos;, os.arch: &apos;amd64&apos;, os.version: &apos;10.0&apos;, java.version: &apos;11.0.10&apos;
Driver info: io.appium.java_client.android.AndroidDriver
Capabilities {VERSION: 11, appActivity: tr.com.innova.fintek.ttpay...., appPackage: tr.com.turktelekom.pokus.test, autoAcceptAlerts: true, autoGrantPermissions: true, automationName: UiAutomator2, databaseEnabled: false, desired: {VERSION: 11, appActivity: tr.com.innova.fintek.ttpay...., appPackage: tr.com.turktelekom.pokus.test, autoAcceptAlerts: true, autoGrantPermissions: true, automationName: UiAutomator2, deviceName: Pixel_XL_API_33, disableWindowAnimation: true, newCommandTimeout: 6000, noReset: false, platformName: android}, deviceApiLevel: 32, deviceManufacturer: Google, deviceModel: sdk_gphone64_x86_64, deviceName: emulator-5554, deviceScreenDensity: 560, deviceScreenSize: 1440x3120, deviceUDID: emulator-5554, disableWindowAnimation: true, javascriptEnabled: true, locationContextEnabled: false, networkConnectionEnabled: true, newCommandTimeout: 6000, noReset: false, pixelRatio: 3.5, platform: LINUX, platformName: Android, platformVersion: 12, statBarHeight: 84, takesScreenshot: true, viewportRect: {height: 2844, left: 0, top: 84, width: 1440}, warnings: {}, webStorageEnabled: false}
Session ID: 252c9769-3f36-4c0b-ae3e-1640c38777f0
*** Element info: {Using=xpath, value=//android.widget.FrameLayout[@content-desc=&quot;Kampanyalar&quot;]/android.view.ViewGroup/android.widget.TextView}" type="org.openqa.selenium.NoSuchElementException">org.openqa.selenium.NoSuchElementException: An element could not be located on the page using the given search parameters.
For documentation on this error, please visit: https://www.seleniumhq.org/exceptions/no_such_element.html
Build info: version: &apos;3.141.59&apos;, revision: &apos;e82be7d358&apos;, time: &apos;2018-11-14T08:17:03&apos;
System info: host: &apos;N110688&apos;, ip: &apos;10.10.20.104&apos;, os.name: &apos;Windows 10&apos;, os.arch: &apos;amd64&apos;, os.version: &apos;10.0&apos;, java.version: &apos;11.0.10&apos;
Driver info: io.appium.java_client.android.AndroidDriver
Capabilities {VERSION: 11, appActivity: tr.com.innova.fintek.ttpay...., appPackage: tr.com.turktelekom.pokus.test, autoAcceptAlerts: true, autoGrantPermissions: true, automationName: UiAutomator2, databaseEnabled: false, desired: {VERSION: 11, appActivity: tr.com.innova.fintek.ttpay...., appPackage: tr.com.turktelekom.pokus.test, autoAcceptAlerts: true, autoGrantPermissions: true, automationName: UiAutomator2, deviceName: Pixel_XL_API_33, disableWindowAnimation: true, newCommandTimeout: 6000, noReset: false, platformName: android}, deviceApiLevel: 32, deviceManufacturer: Google, deviceModel: sdk_gphone64_x86_64, deviceName: emulator-5554, deviceScreenDensity: 560, deviceScreenSize: 1440x3120, deviceUDID: emulator-5554, disableWindowAnimation: true, javascriptEnabled: true, locationContextEnabled: false, networkConnectionEnabled: true, newCommandTimeout: 6000, noReset: false, pixelRatio: 3.5, platform: LINUX, platformName: Android, platformVersion: 12, statBarHeight: 84, takesScreenshot: true, viewportRect: {height: 2844, left: 0, top: 84, width: 1440}, warnings: {}, webStorageEnabled: false}
Session ID: 252c9769-3f36-4c0b-ae3e-1640c38777f0
*** Element info: {Using=xpath, value=//android.widget.FrameLayout[@content-desc=&quot;Kampanyalar&quot;]/android.view.ViewGroup/android.widget.TextView}
	at java.base/jdk.internal.reflect.NativeConstructorAccessorImpl.newInstance0(Native Method)
	at java.base/jdk.internal.reflect.NativeConstructorAccessorImpl.newInstance(NativeConstructorAccessorImpl.java:62)
	at java.base/jdk.internal.reflect.DelegatingConstructorAccessorImpl.newInstance(DelegatingConstructorAccessorImpl.java:45)
	at java.base/java.lang.reflect.Constructor.newInstance(Constructor.java:490)
	at org.openqa.selenium.remote.http.W3CHttpResponseCodec.createException(W3CHttpResponseCodec.java:187)
	at org.openqa.selenium.remote.http.W3CHttpResponseCodec.decode(W3CHttpResponseCodec.java:122)
	at org.openqa.selenium.remote.http.W3CHttpResponseCodec.decode(W3CHttpResponseCodec.java:49)
	at org.openqa.selenium.remote.HttpCommandExecutor.execute(HttpCommandExecutor.java:158)
	at io.appium.java_client.remote.AppiumCommandExecutor.execute(AppiumCommandExecutor.java:239)
	at org.openqa.selenium.remote.RemoteWebDriver.execute(RemoteWebDriver.java:552)
	at io.appium.java_client.DefaultGenericMobileDriver.execute(DefaultGenericMobileDriver.java:41)
	at io.appium.java_client.AppiumDriver.execute(AppiumDriver.java:1)
	at io.appium.java_client.android.AndroidDriver.execute(AndroidDriver.java:1)
	at org.openqa.selenium.remote.RemoteWebDriver.findElement(RemoteWebDriver.java:323)
	at io.appium.java_client.DefaultGenericMobileDriver.findElement(DefaultGenericMobileDriver.java:61)
	at io.appium.java_client.AppiumDriver.findElement(AppiumDriver.java:1)
	at io.appium.java_client.android.AndroidDriver.findElement(AndroidDriver.java:1)
	at org.openqa.selenium.remote.RemoteWebDriver.findElementByXPath(RemoteWebDriver.java:428)
	at io.appium.java_client.DefaultGenericMobileDriver.findElementByXPath(DefaultGenericMobileDriver.java:151)
	at io.appium.java_client.AppiumDriver.findElementByXPath(AppiumDriver.java:1)
	at io.appium.java_client.android.AndroidDriver.findElementByXPath(AndroidDriver.java:1)
	at org.openqa.selenium.By$ByXPath.findElement(By.java:353)
	at org.openqa.selenium.remote.RemoteWebDriver.findElement(RemoteWebDriver.java:315)
	at io.appium.java_client.DefaultGenericMobileDriver.findElement(DefaultGenericMobileDriver.java:57)
	at io.appium.java_client.AppiumDriver.findElement(AppiumDriver.java:1)
	at io.appium.java_client.android.AndroidDriver.findElement(AndroidDriver.java:1)
	at org.openqa.selenium.support.ui.ExpectedConditions$6.apply(ExpectedConditions.java:182)
	at org.openqa.selenium.support.ui.ExpectedConditions$6.apply(ExpectedConditions.java:179)
	at org.openqa.selenium.support.ui.FluentWait.until(FluentWait.java:249)
	at Libraries.TestUtils.tryFindElement(TestUtils.java:45)
	at Libraries.TestUtils.clickElementBy(TestUtils.java:36)
	at Pages.HomePage.click_Kampanyalar(HomePage.java:73)
	at Verified.KampanyalarTest.Step2(KampanyalarTest.java:34)
</failure>
    <system-out>2611258 [main] INFO  Utils.Log  - Step2 test started.
2626328 [main] INFO  Utils.Log  - Step2 test is failed.
Screenshot captured for test case:Step2
</system-out>
  </testcase>
  <testcase classname="Verified.KisiAdiGuncelleTest" name="KisiAdiGuncelle" time="20.042">
    <failure message="An element could not be located on the page using the given search parameters.
For documentation on this error, please visit: https://www.seleniumhq.org/exceptions/no_such_element.html
Build info: version: &apos;3.141.59&apos;, revision: &apos;e82be7d358&apos;, time: &apos;2018-11-14T08:17:03&apos;
System info: host: &apos;N110688&apos;, ip: &apos;10.10.20.104&apos;, os.name: &apos;Windows 10&apos;, os.arch: &apos;amd64&apos;, os.version: &apos;10.0&apos;, java.version: &apos;11.0.10&apos;
Driver info: io.appium.java_client.android.AndroidDriver
Capabilities {VERSION: 11, appActivity: tr.com.innova.fintek.ttpay...., appPackage: tr.com.turktelekom.pokus.test, autoAcceptAlerts: true, autoGrantPermissions: true, automationName: UiAutomator2, databaseEnabled: false, desired: {VERSION: 11, appActivity: tr.com.innova.fintek.ttpay...., appPackage: tr.com.turktelekom.pokus.test, autoAcceptAlerts: true, autoGrantPermissions: true, automationName: UiAutomator2, deviceName: Pixel_XL_API_33, disableWindowAnimation: true, newCommandTimeout: 6000, noReset: false, platformName: android}, deviceApiLevel: 32, deviceManufacturer: Google, deviceModel: sdk_gphone64_x86_64, deviceName: emulator-5554, deviceScreenDensity: 560, deviceScreenSize: 1440x3120, deviceUDID: emulator-5554, disableWindowAnimation: true, javascriptEnabled: true, locationContextEnabled: false, networkConnectionEnabled: true, newCommandTimeout: 6000, noReset: false, pixelRatio: 3.5, platform: LINUX, platformName: Android, platformVersion: 12, statBarHeight: 84, takesScreenshot: true, viewportRect: {height: 2844, left: 0, top: 84, width: 1440}, warnings: {}, webStorageEnabled: false}
Session ID: 6ed9a9d6-30c1-4ef3-932f-75514c2fccc0
*** Element info: {Using=id, value=ibBackButton}" type="org.openqa.selenium.NoSuchElementException">org.openqa.selenium.NoSuchElementException: An element could not be located on the page using the given search parameters.
For documentation on this error, please visit: https://www.seleniumhq.org/exceptions/no_such_element.html
Build info: version: &apos;3.141.59&apos;, revision: &apos;e82be7d358&apos;, time: &apos;2018-11-14T08:17:03&apos;
System info: host: &apos;N110688&apos;, ip: &apos;10.10.20.104&apos;, os.name: &apos;Windows 10&apos;, os.arch: &apos;amd64&apos;, os.version: &apos;10.0&apos;, java.version: &apos;11.0.10&apos;
Driver info: io.appium.java_client.android.AndroidDriver
Capabilities {VERSION: 11, appActivity: tr.com.innova.fintek.ttpay...., appPackage: tr.com.turktelekom.pokus.test, autoAcceptAlerts: true, autoGrantPermissions: true, automationName: UiAutomator2, databaseEnabled: false, desired: {VERSION: 11, appActivity: tr.com.innova.fintek.ttpay...., appPackage: tr.com.turktelekom.pokus.test, autoAcceptAlerts: true, autoGrantPermissions: true, automationName: UiAutomator2, deviceName: Pixel_XL_API_33, disableWindowAnimation: true, newCommandTimeout: 6000, noReset: false, platformName: android}, deviceApiLevel: 32, deviceManufacturer: Google, deviceModel: sdk_gphone64_x86_64, deviceName: emulator-5554, deviceScreenDensity: 560, deviceScreenSize: 1440x3120, deviceUDID: emulator-5554, disableWindowAnimation: true, javascriptEnabled: true, locationContextEnabled: false, networkConnectionEnabled: true, newCommandTimeout: 6000, noReset: false, pixelRatio: 3.5, platform: LINUX, platformName: Android, platformVersion: 12, statBarHeight: 84, takesScreenshot: true, viewportRect: {height: 2844, left: 0, top: 84, width: 1440}, warnings: {}, webStorageEnabled: false}
Session ID: 6ed9a9d6-30c1-4ef3-932f-75514c2fccc0
*** Element info: {Using=id, value=ibBackButton}
	at jdk.internal.reflect.GeneratedConstructorAccessor32.newInstance(Unknown Source)
	at java.base/jdk.internal.reflect.DelegatingConstructorAccessorImpl.newInstance(DelegatingConstructorAccessorImpl.java:45)
	at java.base/java.lang.reflect.Constructor.newInstance(Constructor.java:490)
	at org.openqa.selenium.remote.http.W3CHttpResponseCodec.createException(W3CHttpResponseCodec.java:187)
	at org.openqa.selenium.remote.http.W3CHttpResponseCodec.decode(W3CHttpResponseCodec.java:122)
	at org.openqa.selenium.remote.http.W3CHttpResponseCodec.decode(W3CHttpResponseCodec.java:49)
	at org.openqa.selenium.remote.HttpCommandExecutor.execute(HttpCommandExecutor.java:158)
	at io.appium.java_client.remote.AppiumCommandExecutor.execute(AppiumCommandExecutor.java:239)
	at org.openqa.selenium.remote.RemoteWebDriver.execute(RemoteWebDriver.java:552)
	at io.appium.java_client.DefaultGenericMobileDriver.execute(DefaultGenericMobileDriver.java:41)
	at io.appium.java_client.AppiumDriver.execute(AppiumDriver.java:1)
	at io.appium.java_client.android.AndroidDriver.execute(AndroidDriver.java:1)
	at org.openqa.selenium.remote.RemoteWebDriver.findElement(RemoteWebDriver.java:323)
	at io.appium.java_client.DefaultGenericMobileDriver.findElement(DefaultGenericMobileDriver.java:61)
	at io.appium.java_client.AppiumDriver.findElement(AppiumDriver.java:1)
	at io.appium.java_client.android.AndroidDriver.findElement(AndroidDriver.java:1)
	at org.openqa.selenium.remote.RemoteWebDriver.findElementById(RemoteWebDriver.java:372)
	at io.appium.java_client.DefaultGenericMobileDriver.findElementById(DefaultGenericMobileDriver.java:69)
	at io.appium.java_client.AppiumDriver.findElementById(AppiumDriver.java:1)
	at io.appium.java_client.android.AndroidDriver.findElementById(AndroidDriver.java:1)
	at org.openqa.selenium.By$ById.findElement(By.java:188)
	at org.openqa.selenium.remote.RemoteWebDriver.findElement(RemoteWebDriver.java:315)
	at io.appium.java_client.DefaultGenericMobileDriver.findElement(DefaultGenericMobileDriver.java:57)
	at io.appium.java_client.AppiumDriver.findElement(AppiumDriver.java:1)
	at io.appium.java_client.android.AndroidDriver.findElement(AndroidDriver.java:1)
	at org.openqa.selenium.support.ui.ExpectedConditions$6.apply(ExpectedConditions.java:182)
	at org.openqa.selenium.support.ui.ExpectedConditions$6.apply(ExpectedConditions.java:179)
	at org.openqa.selenium.support.ui.FluentWait.until(FluentWait.java:249)
	at Libraries.TestUtils.tryFindElement(TestUtils.java:45)
	at Libraries.TestUtils.clickElementBy(TestUtils.java:36)
	at Pages.LoginPage.click_HamburgerMenu(LoginPage.java:211)
	at Verified.KisiAdiGuncelleTest.KisiAdiGuncelle(KisiAdiGuncelleTest.java:28)
</failure>
    <system-out>2627546 [main] INFO  Utils.Log  - Closing Driver
&amp;#27;[35m[Appium]&amp;#27;[39m Welcome to Appium v1.22.3
&amp;#27;[35m[Appium]&amp;#27;[39m Non-default server args:
&amp;#27;[35m[Appium]&amp;#27;[39m   port: 36025
&amp;#27;[35m[Appium]&amp;#27;[39m Appium REST http interface listener started on 0.0.0.0:36025
&amp;#27;[35m[HTTP]&amp;#27;[39m &amp;#27;[37m--&gt;&amp;#27;[39m &amp;#27;[37mGET&amp;#27;[39m &amp;#27;[37m/wd/hub/status&amp;#27;[39m
&amp;#27;[35m[HTTP]&amp;#27;[39m &amp;#27;[90m{}&amp;#27;[39m
[debug] &amp;#27;[35m[GENERIC]&amp;#27;[39m Calling AppiumDriver.getStatus() with args: []
[debug] &amp;#27;[35m[GENERIC]&amp;#27;[39m Responding to client with driver.getStatus() result: {&quot;build&quot;:{&quot;version&quot;:&quot;1.22.3&quot;}}
Allure environment data saved.
2640902 [main] INFO  Utils.Log  - �al��t�rma �ncesi ayarlar uygulan�yor...
2640903 [main] INFO  Utils.Log  - KisiAdiGuncelle test started.
2660125 [main] INFO  Utils.Log  - KisiAdiGuncelle test is failed.
Screenshot captured for test case:KisiAdiGuncelle
</system-out>
    <system-err>Kas 25, 2022 3:56:59 �S io.appium.java_client.remote.AppiumCommandExecutor$1 lambda$0
INFO: Detected dialect: W3C
</system-err>
  </testcase>
  <testcase classname="Verified.KisiDavetEtTest" name="KisiDavetEt" time="20.231">
    <failure message="An element could not be located on the page using the given search parameters.
For documentation on this error, please visit: https://www.seleniumhq.org/exceptions/no_such_element.html
Build info: version: &apos;3.141.59&apos;, revision: &apos;e82be7d358&apos;, time: &apos;2018-11-14T08:17:03&apos;
System info: host: &apos;N110688&apos;, ip: &apos;10.10.20.104&apos;, os.name: &apos;Windows 10&apos;, os.arch: &apos;amd64&apos;, os.version: &apos;10.0&apos;, java.version: &apos;11.0.10&apos;
Driver info: io.appium.java_client.android.AndroidDriver
Capabilities {VERSION: 11, appActivity: tr.com.innova.fintek.ttpay...., appPackage: tr.com.turktelekom.pokus.test, autoAcceptAlerts: true, autoGrantPermissions: true, automationName: UiAutomator2, databaseEnabled: false, desired: {VERSION: 11, appActivity: tr.com.innova.fintek.ttpay...., appPackage: tr.com.turktelekom.pokus.test, autoAcceptAlerts: true, autoGrantPermissions: true, automationName: UiAutomator2, deviceName: Pixel_XL_API_33, disableWindowAnimation: true, newCommandTimeout: 6000, noReset: false, platformName: android}, deviceApiLevel: 32, deviceManufacturer: Google, deviceModel: sdk_gphone64_x86_64, deviceName: emulator-5554, deviceScreenDensity: 560, deviceScreenSize: 1440x3120, deviceUDID: emulator-5554, disableWindowAnimation: true, javascriptEnabled: true, locationContextEnabled: false, networkConnectionEnabled: true, newCommandTimeout: 6000, noReset: false, pixelRatio: 3.5, platform: LINUX, platformName: Android, platformVersion: 12, statBarHeight: 84, takesScreenshot: true, viewportRect: {height: 2844, left: 0, top: 84, width: 1440}, warnings: {}, webStorageEnabled: false}
Session ID: da30175e-3671-4626-8860-917941b035ca
*** Element info: {Using=id, value=ibBackButton}" type="org.openqa.selenium.NoSuchElementException">org.openqa.selenium.NoSuchElementException: An element could not be located on the page using the given search parameters.
For documentation on this error, please visit: https://www.seleniumhq.org/exceptions/no_such_element.html
Build info: version: &apos;3.141.59&apos;, revision: &apos;e82be7d358&apos;, time: &apos;2018-11-14T08:17:03&apos;
System info: host: &apos;N110688&apos;, ip: &apos;10.10.20.104&apos;, os.name: &apos;Windows 10&apos;, os.arch: &apos;amd64&apos;, os.version: &apos;10.0&apos;, java.version: &apos;11.0.10&apos;
Driver info: io.appium.java_client.android.AndroidDriver
Capabilities {VERSION: 11, appActivity: tr.com.innova.fintek.ttpay...., appPackage: tr.com.turktelekom.pokus.test, autoAcceptAlerts: true, autoGrantPermissions: true, automationName: UiAutomator2, databaseEnabled: false, desired: {VERSION: 11, appActivity: tr.com.innova.fintek.ttpay...., appPackage: tr.com.turktelekom.pokus.test, autoAcceptAlerts: true, autoGrantPermissions: true, automationName: UiAutomator2, deviceName: Pixel_XL_API_33, disableWindowAnimation: true, newCommandTimeout: 6000, noReset: false, platformName: android}, deviceApiLevel: 32, deviceManufacturer: Google, deviceModel: sdk_gphone64_x86_64, deviceName: emulator-5554, deviceScreenDensity: 560, deviceScreenSize: 1440x3120, deviceUDID: emulator-5554, disableWindowAnimation: true, javascriptEnabled: true, locationContextEnabled: false, networkConnectionEnabled: true, newCommandTimeout: 6000, noReset: false, pixelRatio: 3.5, platform: LINUX, platformName: Android, platformVersion: 12, statBarHeight: 84, takesScreenshot: true, viewportRect: {height: 2844, left: 0, top: 84, width: 1440}, warnings: {}, webStorageEnabled: false}
Session ID: da30175e-3671-4626-8860-917941b035ca
*** Element info: {Using=id, value=ibBackButton}
	at jdk.internal.reflect.GeneratedConstructorAccessor32.newInstance(Unknown Source)
	at java.base/jdk.internal.reflect.DelegatingConstructorAccessorImpl.newInstance(DelegatingConstructorAccessorImpl.java:45)
	at java.base/java.lang.reflect.Constructor.newInstance(Constructor.java:490)
	at org.openqa.selenium.remote.http.W3CHttpResponseCodec.createException(W3CHttpResponseCodec.java:187)
	at org.openqa.selenium.remote.http.W3CHttpResponseCodec.decode(W3CHttpResponseCodec.java:122)
	at org.openqa.selenium.remote.http.W3CHttpResponseCodec.decode(W3CHttpResponseCodec.java:49)
	at org.openqa.selenium.remote.HttpCommandExecutor.execute(HttpCommandExecutor.java:158)
	at io.appium.java_client.remote.AppiumCommandExecutor.execute(AppiumCommandExecutor.java:239)
	at org.openqa.selenium.remote.RemoteWebDriver.execute(RemoteWebDriver.java:552)
	at io.appium.java_client.DefaultGenericMobileDriver.execute(DefaultGenericMobileDriver.java:41)
	at io.appium.java_client.AppiumDriver.execute(AppiumDriver.java:1)
	at io.appium.java_client.android.AndroidDriver.execute(AndroidDriver.java:1)
	at org.openqa.selenium.remote.RemoteWebDriver.findElement(RemoteWebDriver.java:323)
	at io.appium.java_client.DefaultGenericMobileDriver.findElement(DefaultGenericMobileDriver.java:61)
	at io.appium.java_client.AppiumDriver.findElement(AppiumDriver.java:1)
	at io.appium.java_client.android.AndroidDriver.findElement(AndroidDriver.java:1)
	at org.openqa.selenium.remote.RemoteWebDriver.findElementById(RemoteWebDriver.java:372)
	at io.appium.java_client.DefaultGenericMobileDriver.findElementById(DefaultGenericMobileDriver.java:69)
	at io.appium.java_client.AppiumDriver.findElementById(AppiumDriver.java:1)
	at io.appium.java_client.android.AndroidDriver.findElementById(AndroidDriver.java:1)
	at org.openqa.selenium.By$ById.findElement(By.java:188)
	at org.openqa.selenium.remote.RemoteWebDriver.findElement(RemoteWebDriver.java:315)
	at io.appium.java_client.DefaultGenericMobileDriver.findElement(DefaultGenericMobileDriver.java:57)
	at io.appium.java_client.AppiumDriver.findElement(AppiumDriver.java:1)
	at io.appium.java_client.android.AndroidDriver.findElement(AndroidDriver.java:1)
	at org.openqa.selenium.support.ui.ExpectedConditions$6.apply(ExpectedConditions.java:182)
	at org.openqa.selenium.support.ui.ExpectedConditions$6.apply(ExpectedConditions.java:179)
	at org.openqa.selenium.support.ui.FluentWait.until(FluentWait.java:249)
	at Libraries.TestUtils.tryFindElement(TestUtils.java:45)
	at Libraries.TestUtils.clickElementBy(TestUtils.java:36)
	at Pages.LoginPage.click_HamburgerMenu(LoginPage.java:211)
	at Verified.KisiDavetEtTest.KisiDavetEt(KisiDavetEtTest.java:30)
</failure>
    <system-out>2661452 [main] INFO  Utils.Log  - Closing Driver
&amp;#27;[35m[Appium]&amp;#27;[39m Welcome to Appium v1.22.3
&amp;#27;[35m[Appium]&amp;#27;[39m Non-default server args:
&amp;#27;[35m[Appium]&amp;#27;[39m   port: 13091
&amp;#27;[35m[Appium]&amp;#27;[39m Appium REST http interface listener started on 0.0.0.0:13091
&amp;#27;[35m[HTTP]&amp;#27;[39m &amp;#27;[37m--&gt;&amp;#27;[39m &amp;#27;[37mGET&amp;#27;[39m &amp;#27;[37m/wd/hub/status&amp;#27;[39m
&amp;#27;[35m[HTTP]&amp;#27;[39m &amp;#27;[90m{}&amp;#27;[39m
[debug] &amp;#27;[35m[GENERIC]&amp;#27;[39m Calling AppiumDriver.getStatus() with args: []
[debug] &amp;#27;[35m[GENERIC]&amp;#27;[39m Responding to client with driver.getStatus() result: {&quot;build&quot;:{&quot;version&quot;:&quot;1.22.3&quot;}}
Allure environment data saved.
2674156 [main] INFO  Utils.Log  - �al��t�rma �ncesi ayarlar uygulan�yor...
2674157 [main] INFO  Utils.Log  - KisiDavetEt test started.
2693681 [main] INFO  Utils.Log  - KisiDavetEt test is failed.
Screenshot captured for test case:KisiDavetEt
</system-out>
    <system-err>Kas 25, 2022 3:57:32 �S io.appium.java_client.remote.AppiumCommandExecutor$1 lambda$0
INFO: Detected dialect: W3C
</system-err>
  </testcase>
  <testcase classname="Verified.KisidenParaIsteTest" name="KayitliKisidenParaIste" time="20.302">
    <failure message="An element could not be located on the page using the given search parameters.
For documentation on this error, please visit: https://www.seleniumhq.org/exceptions/no_such_element.html
Build info: version: &apos;3.141.59&apos;, revision: &apos;e82be7d358&apos;, time: &apos;2018-11-14T08:17:03&apos;
System info: host: &apos;N110688&apos;, ip: &apos;10.10.20.104&apos;, os.name: &apos;Windows 10&apos;, os.arch: &apos;amd64&apos;, os.version: &apos;10.0&apos;, java.version: &apos;11.0.10&apos;
Driver info: io.appium.java_client.android.AndroidDriver
Capabilities {VERSION: 11, appActivity: tr.com.innova.fintek.ttpay...., appPackage: tr.com.turktelekom.pokus.test, autoAcceptAlerts: true, autoGrantPermissions: true, automationName: UiAutomator2, databaseEnabled: false, desired: {VERSION: 11, appActivity: tr.com.innova.fintek.ttpay...., appPackage: tr.com.turktelekom.pokus.test, autoAcceptAlerts: true, autoGrantPermissions: true, automationName: UiAutomator2, deviceName: Pixel_XL_API_33, disableWindowAnimation: true, newCommandTimeout: 6000, noReset: false, platformName: android}, deviceApiLevel: 32, deviceManufacturer: Google, deviceModel: sdk_gphone64_x86_64, deviceName: emulator-5554, deviceScreenDensity: 560, deviceScreenSize: 1440x3120, deviceUDID: emulator-5554, disableWindowAnimation: true, javascriptEnabled: true, locationContextEnabled: false, networkConnectionEnabled: true, newCommandTimeout: 6000, noReset: false, pixelRatio: 3.5, platform: LINUX, platformName: Android, platformVersion: 12, statBarHeight: 84, takesScreenshot: true, viewportRect: {height: 2844, left: 0, top: 84, width: 1440}, warnings: {}, webStorageEnabled: false}
Session ID: b986ee02-d5d2-481e-a5c5-482a39e6753e
*** Element info: {Using=id, value=ibBackButton}" type="org.openqa.selenium.NoSuchElementException">org.openqa.selenium.NoSuchElementException: An element could not be located on the page using the given search parameters.
For documentation on this error, please visit: https://www.seleniumhq.org/exceptions/no_such_element.html
Build info: version: &apos;3.141.59&apos;, revision: &apos;e82be7d358&apos;, time: &apos;2018-11-14T08:17:03&apos;
System info: host: &apos;N110688&apos;, ip: &apos;10.10.20.104&apos;, os.name: &apos;Windows 10&apos;, os.arch: &apos;amd64&apos;, os.version: &apos;10.0&apos;, java.version: &apos;11.0.10&apos;
Driver info: io.appium.java_client.android.AndroidDriver
Capabilities {VERSION: 11, appActivity: tr.com.innova.fintek.ttpay...., appPackage: tr.com.turktelekom.pokus.test, autoAcceptAlerts: true, autoGrantPermissions: true, automationName: UiAutomator2, databaseEnabled: false, desired: {VERSION: 11, appActivity: tr.com.innova.fintek.ttpay...., appPackage: tr.com.turktelekom.pokus.test, autoAcceptAlerts: true, autoGrantPermissions: true, automationName: UiAutomator2, deviceName: Pixel_XL_API_33, disableWindowAnimation: true, newCommandTimeout: 6000, noReset: false, platformName: android}, deviceApiLevel: 32, deviceManufacturer: Google, deviceModel: sdk_gphone64_x86_64, deviceName: emulator-5554, deviceScreenDensity: 560, deviceScreenSize: 1440x3120, deviceUDID: emulator-5554, disableWindowAnimation: true, javascriptEnabled: true, locationContextEnabled: false, networkConnectionEnabled: true, newCommandTimeout: 6000, noReset: false, pixelRatio: 3.5, platform: LINUX, platformName: Android, platformVersion: 12, statBarHeight: 84, takesScreenshot: true, viewportRect: {height: 2844, left: 0, top: 84, width: 1440}, warnings: {}, webStorageEnabled: false}
Session ID: b986ee02-d5d2-481e-a5c5-482a39e6753e
*** Element info: {Using=id, value=ibBackButton}
	at jdk.internal.reflect.GeneratedConstructorAccessor32.newInstance(Unknown Source)
	at java.base/jdk.internal.reflect.DelegatingConstructorAccessorImpl.newInstance(DelegatingConstructorAccessorImpl.java:45)
	at java.base/java.lang.reflect.Constructor.newInstance(Constructor.java:490)
	at org.openqa.selenium.remote.http.W3CHttpResponseCodec.createException(W3CHttpResponseCodec.java:187)
	at org.openqa.selenium.remote.http.W3CHttpResponseCodec.decode(W3CHttpResponseCodec.java:122)
	at org.openqa.selenium.remote.http.W3CHttpResponseCodec.decode(W3CHttpResponseCodec.java:49)
	at org.openqa.selenium.remote.HttpCommandExecutor.execute(HttpCommandExecutor.java:158)
	at io.appium.java_client.remote.AppiumCommandExecutor.execute(AppiumCommandExecutor.java:239)
	at org.openqa.selenium.remote.RemoteWebDriver.execute(RemoteWebDriver.java:552)
	at io.appium.java_client.DefaultGenericMobileDriver.execute(DefaultGenericMobileDriver.java:41)
	at io.appium.java_client.AppiumDriver.execute(AppiumDriver.java:1)
	at io.appium.java_client.android.AndroidDriver.execute(AndroidDriver.java:1)
	at org.openqa.selenium.remote.RemoteWebDriver.findElement(RemoteWebDriver.java:323)
	at io.appium.java_client.DefaultGenericMobileDriver.findElement(DefaultGenericMobileDriver.java:61)
	at io.appium.java_client.AppiumDriver.findElement(AppiumDriver.java:1)
	at io.appium.java_client.android.AndroidDriver.findElement(AndroidDriver.java:1)
	at org.openqa.selenium.remote.RemoteWebDriver.findElementById(RemoteWebDriver.java:372)
	at io.appium.java_client.DefaultGenericMobileDriver.findElementById(DefaultGenericMobileDriver.java:69)
	at io.appium.java_client.AppiumDriver.findElementById(AppiumDriver.java:1)
	at io.appium.java_client.android.AndroidDriver.findElementById(AndroidDriver.java:1)
	at org.openqa.selenium.By$ById.findElement(By.java:188)
	at org.openqa.selenium.remote.RemoteWebDriver.findElement(RemoteWebDriver.java:315)
	at io.appium.java_client.DefaultGenericMobileDriver.findElement(DefaultGenericMobileDriver.java:57)
	at io.appium.java_client.AppiumDriver.findElement(AppiumDriver.java:1)
	at io.appium.java_client.android.AndroidDriver.findElement(AndroidDriver.java:1)
	at org.openqa.selenium.support.ui.ExpectedConditions$6.apply(ExpectedConditions.java:182)
	at org.openqa.selenium.support.ui.ExpectedConditions$6.apply(ExpectedConditions.java:179)
	at org.openqa.selenium.support.ui.FluentWait.until(FluentWait.java:249)
	at Libraries.TestUtils.tryFindElement(TestUtils.java:45)
	at Libraries.TestUtils.clickElementBy(TestUtils.java:36)
	at Pages.LoginPage.click_HamburgerMenu(LoginPage.java:211)
	at Verified.KisidenParaIsteTest.KayitliKisidenParaIste(KisidenParaIsteTest.java:25)
</failure>
    <system-out>2694902 [main] INFO  Utils.Log  - Closing Driver
&amp;#27;[35m[Appium]&amp;#27;[39m Welcome to Appium v1.22.3
&amp;#27;[35m[Appium]&amp;#27;[39m Non-default server args:
&amp;#27;[35m[Appium]&amp;#27;[39m   port: 27217
&amp;#27;[35m[Appium]&amp;#27;[39m Appium REST http interface listener started on 0.0.0.0:27217
&amp;#27;[35m[HTTP]&amp;#27;[39m &amp;#27;[37m--&gt;&amp;#27;[39m &amp;#27;[37mGET&amp;#27;[39m &amp;#27;[37m/wd/hub/status&amp;#27;[39m
&amp;#27;[35m[HTTP]&amp;#27;[39m &amp;#27;[90m{}&amp;#27;[39m
[debug] &amp;#27;[35m[GENERIC]&amp;#27;[39m Calling AppiumDriver.getStatus() with args: []
[debug] &amp;#27;[35m[GENERIC]&amp;#27;[39m Responding to client with driver.getStatus() result: {&quot;build&quot;:{&quot;version&quot;:&quot;1.22.3&quot;}}
Allure environment data saved.
2708018 [main] INFO  Utils.Log  - �al��t�rma �ncesi ayarlar uygulan�yor...
2708019 [main] INFO  Utils.Log  - KayitliKisidenParaIste test started.
2727509 [main] INFO  Utils.Log  - KayitliKisidenParaIste test is failed.
Screenshot captured for test case:KayitliKisidenParaIste
</system-out>
    <system-err>Kas 25, 2022 3:58:06 �S io.appium.java_client.remote.AppiumCommandExecutor$1 lambda$0
INFO: Detected dialect: W3C
</system-err>
  </testcase>
  <testcase classname="Verified.KisiDetayIncelemeTest" name="KisiDetayInceleme" time="20.319">
    <failure message="An element could not be located on the page using the given search parameters.
For documentation on this error, please visit: https://www.seleniumhq.org/exceptions/no_such_element.html
Build info: version: &apos;3.141.59&apos;, revision: &apos;e82be7d358&apos;, time: &apos;2018-11-14T08:17:03&apos;
System info: host: &apos;N110688&apos;, ip: &apos;10.10.20.104&apos;, os.name: &apos;Windows 10&apos;, os.arch: &apos;amd64&apos;, os.version: &apos;10.0&apos;, java.version: &apos;11.0.10&apos;
Driver info: io.appium.java_client.android.AndroidDriver
Capabilities {VERSION: 11, appActivity: tr.com.innova.fintek.ttpay...., appPackage: tr.com.turktelekom.pokus.test, autoAcceptAlerts: true, autoGrantPermissions: true, automationName: UiAutomator2, databaseEnabled: false, desired: {VERSION: 11, appActivity: tr.com.innova.fintek.ttpay...., appPackage: tr.com.turktelekom.pokus.test, autoAcceptAlerts: true, autoGrantPermissions: true, automationName: UiAutomator2, deviceName: Pixel_XL_API_33, disableWindowAnimation: true, newCommandTimeout: 6000, noReset: false, platformName: android}, deviceApiLevel: 32, deviceManufacturer: Google, deviceModel: sdk_gphone64_x86_64, deviceName: emulator-5554, deviceScreenDensity: 560, deviceScreenSize: 1440x3120, deviceUDID: emulator-5554, disableWindowAnimation: true, javascriptEnabled: true, locationContextEnabled: false, networkConnectionEnabled: true, newCommandTimeout: 6000, noReset: false, pixelRatio: 3.5, platform: LINUX, platformName: Android, platformVersion: 12, statBarHeight: 84, takesScreenshot: true, viewportRect: {height: 2844, left: 0, top: 84, width: 1440}, warnings: {}, webStorageEnabled: false}
Session ID: a296d671-b2df-47d9-9737-e8aeb26be52b
*** Element info: {Using=id, value=ibBackButton}" type="org.openqa.selenium.NoSuchElementException">org.openqa.selenium.NoSuchElementException: An element could not be located on the page using the given search parameters.
For documentation on this error, please visit: https://www.seleniumhq.org/exceptions/no_such_element.html
Build info: version: &apos;3.141.59&apos;, revision: &apos;e82be7d358&apos;, time: &apos;2018-11-14T08:17:03&apos;
System info: host: &apos;N110688&apos;, ip: &apos;10.10.20.104&apos;, os.name: &apos;Windows 10&apos;, os.arch: &apos;amd64&apos;, os.version: &apos;10.0&apos;, java.version: &apos;11.0.10&apos;
Driver info: io.appium.java_client.android.AndroidDriver
Capabilities {VERSION: 11, appActivity: tr.com.innova.fintek.ttpay...., appPackage: tr.com.turktelekom.pokus.test, autoAcceptAlerts: true, autoGrantPermissions: true, automationName: UiAutomator2, databaseEnabled: false, desired: {VERSION: 11, appActivity: tr.com.innova.fintek.ttpay...., appPackage: tr.com.turktelekom.pokus.test, autoAcceptAlerts: true, autoGrantPermissions: true, automationName: UiAutomator2, deviceName: Pixel_XL_API_33, disableWindowAnimation: true, newCommandTimeout: 6000, noReset: false, platformName: android}, deviceApiLevel: 32, deviceManufacturer: Google, deviceModel: sdk_gphone64_x86_64, deviceName: emulator-5554, deviceScreenDensity: 560, deviceScreenSize: 1440x3120, deviceUDID: emulator-5554, disableWindowAnimation: true, javascriptEnabled: true, locationContextEnabled: false, networkConnectionEnabled: true, newCommandTimeout: 6000, noReset: false, pixelRatio: 3.5, platform: LINUX, platformName: Android, platformVersion: 12, statBarHeight: 84, takesScreenshot: true, viewportRect: {height: 2844, left: 0, top: 84, width: 1440}, warnings: {}, webStorageEnabled: false}
Session ID: a296d671-b2df-47d9-9737-e8aeb26be52b
*** Element info: {Using=id, value=ibBackButton}
	at jdk.internal.reflect.GeneratedConstructorAccessor32.newInstance(Unknown Source)
	at java.base/jdk.internal.reflect.DelegatingConstructorAccessorImpl.newInstance(DelegatingConstructorAccessorImpl.java:45)
	at java.base/java.lang.reflect.Constructor.newInstance(Constructor.java:490)
	at org.openqa.selenium.remote.http.W3CHttpResponseCodec.createException(W3CHttpResponseCodec.java:187)
	at org.openqa.selenium.remote.http.W3CHttpResponseCodec.decode(W3CHttpResponseCodec.java:122)
	at org.openqa.selenium.remote.http.W3CHttpResponseCodec.decode(W3CHttpResponseCodec.java:49)
	at org.openqa.selenium.remote.HttpCommandExecutor.execute(HttpCommandExecutor.java:158)
	at io.appium.java_client.remote.AppiumCommandExecutor.execute(AppiumCommandExecutor.java:239)
	at org.openqa.selenium.remote.RemoteWebDriver.execute(RemoteWebDriver.java:552)
	at io.appium.java_client.DefaultGenericMobileDriver.execute(DefaultGenericMobileDriver.java:41)
	at io.appium.java_client.AppiumDriver.execute(AppiumDriver.java:1)
	at io.appium.java_client.android.AndroidDriver.execute(AndroidDriver.java:1)
	at org.openqa.selenium.remote.RemoteWebDriver.findElement(RemoteWebDriver.java:323)
	at io.appium.java_client.DefaultGenericMobileDriver.findElement(DefaultGenericMobileDriver.java:61)
	at io.appium.java_client.AppiumDriver.findElement(AppiumDriver.java:1)
	at io.appium.java_client.android.AndroidDriver.findElement(AndroidDriver.java:1)
	at org.openqa.selenium.remote.RemoteWebDriver.findElementById(RemoteWebDriver.java:372)
	at io.appium.java_client.DefaultGenericMobileDriver.findElementById(DefaultGenericMobileDriver.java:69)
	at io.appium.java_client.AppiumDriver.findElementById(AppiumDriver.java:1)
	at io.appium.java_client.android.AndroidDriver.findElementById(AndroidDriver.java:1)
	at org.openqa.selenium.By$ById.findElement(By.java:188)
	at org.openqa.selenium.remote.RemoteWebDriver.findElement(RemoteWebDriver.java:315)
	at io.appium.java_client.DefaultGenericMobileDriver.findElement(DefaultGenericMobileDriver.java:57)
	at io.appium.java_client.AppiumDriver.findElement(AppiumDriver.java:1)
	at io.appium.java_client.android.AndroidDriver.findElement(AndroidDriver.java:1)
	at org.openqa.selenium.support.ui.ExpectedConditions$6.apply(ExpectedConditions.java:182)
	at org.openqa.selenium.support.ui.ExpectedConditions$6.apply(ExpectedConditions.java:179)
	at org.openqa.selenium.support.ui.FluentWait.until(FluentWait.java:249)
	at Libraries.TestUtils.tryFindElement(TestUtils.java:45)
	at Libraries.TestUtils.clickElementBy(TestUtils.java:36)
	at Pages.LoginPage.click_HamburgerMenu(LoginPage.java:211)
	at Verified.KisiDetayIncelemeTest.KisiDetayInceleme(KisiDetayIncelemeTest.java:27)
</failure>
    <system-out>2728861 [main] INFO  Utils.Log  - Closing Driver
&amp;#27;[35m[Appium]&amp;#27;[39m Welcome to Appium v1.22.3
&amp;#27;[35m[Appium]&amp;#27;[39m Non-default server args:
&amp;#27;[35m[Appium]&amp;#27;[39m   port: 28255
&amp;#27;[35m[Appium]&amp;#27;[39m Appium REST http interface listener started on 0.0.0.0:28255
&amp;#27;[35m[HTTP]&amp;#27;[39m &amp;#27;[37m--&gt;&amp;#27;[39m &amp;#27;[37mGET&amp;#27;[39m &amp;#27;[37m/wd/hub/status&amp;#27;[39m
&amp;#27;[35m[HTTP]&amp;#27;[39m &amp;#27;[90m{}&amp;#27;[39m
[debug] &amp;#27;[35m[GENERIC]&amp;#27;[39m Calling AppiumDriver.getStatus() with args: []
[debug] &amp;#27;[35m[GENERIC]&amp;#27;[39m Responding to client with driver.getStatus() result: {&quot;build&quot;:{&quot;version&quot;:&quot;1.22.3&quot;}}
Allure environment data saved.
2741874 [main] INFO  Utils.Log  - �al��t�rma �ncesi ayarlar uygulan�yor...
2741874 [main] INFO  Utils.Log  - KisiDetayInceleme test started.
2761467 [main] INFO  Utils.Log  - KisiDetayInceleme test is failed.
Screenshot captured for test case:KisiDetayInceleme
</system-out>
    <system-err>Kas 25, 2022 3:58:40 �S io.appium.java_client.remote.AppiumCommandExecutor$1 lambda$0
INFO: Detected dialect: W3C
</system-err>
  </testcase>
  <testcase classname="Verified.KisiOlusturTest" name="KisiOlustur" time="20.095">
    <failure message="An element could not be located on the page using the given search parameters.
For documentation on this error, please visit: https://www.seleniumhq.org/exceptions/no_such_element.html
Build info: version: &apos;3.141.59&apos;, revision: &apos;e82be7d358&apos;, time: &apos;2018-11-14T08:17:03&apos;
System info: host: &apos;N110688&apos;, ip: &apos;10.10.20.104&apos;, os.name: &apos;Windows 10&apos;, os.arch: &apos;amd64&apos;, os.version: &apos;10.0&apos;, java.version: &apos;11.0.10&apos;
Driver info: io.appium.java_client.android.AndroidDriver
Capabilities {VERSION: 11, appActivity: tr.com.innova.fintek.ttpay...., appPackage: tr.com.turktelekom.pokus.test, autoAcceptAlerts: true, autoGrantPermissions: true, automationName: UiAutomator2, databaseEnabled: false, desired: {VERSION: 11, appActivity: tr.com.innova.fintek.ttpay...., appPackage: tr.com.turktelekom.pokus.test, autoAcceptAlerts: true, autoGrantPermissions: true, automationName: UiAutomator2, deviceName: Pixel_XL_API_33, disableWindowAnimation: true, newCommandTimeout: 6000, noReset: false, platformName: android}, deviceApiLevel: 32, deviceManufacturer: Google, deviceModel: sdk_gphone64_x86_64, deviceName: emulator-5554, deviceScreenDensity: 560, deviceScreenSize: 1440x3120, deviceUDID: emulator-5554, disableWindowAnimation: true, javascriptEnabled: true, locationContextEnabled: false, networkConnectionEnabled: true, newCommandTimeout: 6000, noReset: false, pixelRatio: 3.5, platform: LINUX, platformName: Android, platformVersion: 12, statBarHeight: 84, takesScreenshot: true, viewportRect: {height: 2844, left: 0, top: 84, width: 1440}, warnings: {}, webStorageEnabled: false}
Session ID: 359d201a-140f-4f10-9de0-4004b789fdf2
*** Element info: {Using=id, value=ibBackButton}" type="org.openqa.selenium.NoSuchElementException">org.openqa.selenium.NoSuchElementException: An element could not be located on the page using the given search parameters.
For documentation on this error, please visit: https://www.seleniumhq.org/exceptions/no_such_element.html
Build info: version: &apos;3.141.59&apos;, revision: &apos;e82be7d358&apos;, time: &apos;2018-11-14T08:17:03&apos;
System info: host: &apos;N110688&apos;, ip: &apos;10.10.20.104&apos;, os.name: &apos;Windows 10&apos;, os.arch: &apos;amd64&apos;, os.version: &apos;10.0&apos;, java.version: &apos;11.0.10&apos;
Driver info: io.appium.java_client.android.AndroidDriver
Capabilities {VERSION: 11, appActivity: tr.com.innova.fintek.ttpay...., appPackage: tr.com.turktelekom.pokus.test, autoAcceptAlerts: true, autoGrantPermissions: true, automationName: UiAutomator2, databaseEnabled: false, desired: {VERSION: 11, appActivity: tr.com.innova.fintek.ttpay...., appPackage: tr.com.turktelekom.pokus.test, autoAcceptAlerts: true, autoGrantPermissions: true, automationName: UiAutomator2, deviceName: Pixel_XL_API_33, disableWindowAnimation: true, newCommandTimeout: 6000, noReset: false, platformName: android}, deviceApiLevel: 32, deviceManufacturer: Google, deviceModel: sdk_gphone64_x86_64, deviceName: emulator-5554, deviceScreenDensity: 560, deviceScreenSize: 1440x3120, deviceUDID: emulator-5554, disableWindowAnimation: true, javascriptEnabled: true, locationContextEnabled: false, networkConnectionEnabled: true, newCommandTimeout: 6000, noReset: false, pixelRatio: 3.5, platform: LINUX, platformName: Android, platformVersion: 12, statBarHeight: 84, takesScreenshot: true, viewportRect: {height: 2844, left: 0, top: 84, width: 1440}, warnings: {}, webStorageEnabled: false}
Session ID: 359d201a-140f-4f10-9de0-4004b789fdf2
*** Element info: {Using=id, value=ibBackButton}
	at jdk.internal.reflect.GeneratedConstructorAccessor32.newInstance(Unknown Source)
	at java.base/jdk.internal.reflect.DelegatingConstructorAccessorImpl.newInstance(DelegatingConstructorAccessorImpl.java:45)
	at java.base/java.lang.reflect.Constructor.newInstance(Constructor.java:490)
	at org.openqa.selenium.remote.http.W3CHttpResponseCodec.createException(W3CHttpResponseCodec.java:187)
	at org.openqa.selenium.remote.http.W3CHttpResponseCodec.decode(W3CHttpResponseCodec.java:122)
	at org.openqa.selenium.remote.http.W3CHttpResponseCodec.decode(W3CHttpResponseCodec.java:49)
	at org.openqa.selenium.remote.HttpCommandExecutor.execute(HttpCommandExecutor.java:158)
	at io.appium.java_client.remote.AppiumCommandExecutor.execute(AppiumCommandExecutor.java:239)
	at org.openqa.selenium.remote.RemoteWebDriver.execute(RemoteWebDriver.java:552)
	at io.appium.java_client.DefaultGenericMobileDriver.execute(DefaultGenericMobileDriver.java:41)
	at io.appium.java_client.AppiumDriver.execute(AppiumDriver.java:1)
	at io.appium.java_client.android.AndroidDriver.execute(AndroidDriver.java:1)
	at org.openqa.selenium.remote.RemoteWebDriver.findElement(RemoteWebDriver.java:323)
	at io.appium.java_client.DefaultGenericMobileDriver.findElement(DefaultGenericMobileDriver.java:61)
	at io.appium.java_client.AppiumDriver.findElement(AppiumDriver.java:1)
	at io.appium.java_client.android.AndroidDriver.findElement(AndroidDriver.java:1)
	at org.openqa.selenium.remote.RemoteWebDriver.findElementById(RemoteWebDriver.java:372)
	at io.appium.java_client.DefaultGenericMobileDriver.findElementById(DefaultGenericMobileDriver.java:69)
	at io.appium.java_client.AppiumDriver.findElementById(AppiumDriver.java:1)
	at io.appium.java_client.android.AndroidDriver.findElementById(AndroidDriver.java:1)
	at org.openqa.selenium.By$ById.findElement(By.java:188)
	at org.openqa.selenium.remote.RemoteWebDriver.findElement(RemoteWebDriver.java:315)
	at io.appium.java_client.DefaultGenericMobileDriver.findElement(DefaultGenericMobileDriver.java:57)
	at io.appium.java_client.AppiumDriver.findElement(AppiumDriver.java:1)
	at io.appium.java_client.android.AndroidDriver.findElement(AndroidDriver.java:1)
	at org.openqa.selenium.support.ui.ExpectedConditions$6.apply(ExpectedConditions.java:182)
	at org.openqa.selenium.support.ui.ExpectedConditions$6.apply(ExpectedConditions.java:179)
	at org.openqa.selenium.support.ui.FluentWait.until(FluentWait.java:249)
	at Libraries.TestUtils.tryFindElement(TestUtils.java:45)
	at Libraries.TestUtils.clickElementBy(TestUtils.java:36)
	at Pages.LoginPage.click_HamburgerMenu(LoginPage.java:211)
	at Verified.KisiOlusturTest.KisiOlustur(KisiOlusturTest.java:26)
</failure>
    <system-out>2762669 [main] INFO  Utils.Log  - Closing Driver
&amp;#27;[35m[Appium]&amp;#27;[39m Welcome to Appium v1.22.3
&amp;#27;[35m[Appium]&amp;#27;[39m Non-default server args:
&amp;#27;[35m[Appium]&amp;#27;[39m   port: 21265
&amp;#27;[35m[Appium]&amp;#27;[39m Appium REST http interface listener started on 0.0.0.0:21265
&amp;#27;[35m[HTTP]&amp;#27;[39m &amp;#27;[37m--&gt;&amp;#27;[39m &amp;#27;[37mGET&amp;#27;[39m &amp;#27;[37m/wd/hub/status&amp;#27;[39m
&amp;#27;[35m[HTTP]&amp;#27;[39m &amp;#27;[90m{}&amp;#27;[39m
[debug] &amp;#27;[35m[GENERIC]&amp;#27;[39m Calling AppiumDriver.getStatus() with args: []
[debug] &amp;#27;[35m[GENERIC]&amp;#27;[39m Responding to client with driver.getStatus() result: {&quot;build&quot;:{&quot;version&quot;:&quot;1.22.3&quot;}}
Allure environment data saved.
2775906 [main] INFO  Utils.Log  - �al��t�rma �ncesi ayarlar uygulan�yor...
2775907 [main] INFO  Utils.Log  - KisiOlustur test started.
2795084 [main] INFO  Utils.Log  - KisiOlustur test is failed.
Screenshot captured for test case:KisiOlustur
</system-out>
    <system-err>Kas 25, 2022 3:59:14 �S io.appium.java_client.remote.AppiumCommandExecutor$1 lambda$0
INFO: Detected dialect: W3C
</system-err>
  </testcase>
  <testcase classname="Verified.KisiyeParaGonderTest" name="KayitliKisiyeParaGonder" time="20.261">
    <failure message="An element could not be located on the page using the given search parameters.
For documentation on this error, please visit: https://www.seleniumhq.org/exceptions/no_such_element.html
Build info: version: &apos;3.141.59&apos;, revision: &apos;e82be7d358&apos;, time: &apos;2018-11-14T08:17:03&apos;
System info: host: &apos;N110688&apos;, ip: &apos;10.10.20.104&apos;, os.name: &apos;Windows 10&apos;, os.arch: &apos;amd64&apos;, os.version: &apos;10.0&apos;, java.version: &apos;11.0.10&apos;
Driver info: io.appium.java_client.android.AndroidDriver
Capabilities {VERSION: 11, appActivity: tr.com.innova.fintek.ttpay...., appPackage: tr.com.turktelekom.pokus.test, autoAcceptAlerts: true, autoGrantPermissions: true, automationName: UiAutomator2, databaseEnabled: false, desired: {VERSION: 11, appActivity: tr.com.innova.fintek.ttpay...., appPackage: tr.com.turktelekom.pokus.test, autoAcceptAlerts: true, autoGrantPermissions: true, automationName: UiAutomator2, deviceName: Pixel_XL_API_33, disableWindowAnimation: true, newCommandTimeout: 6000, noReset: false, platformName: android}, deviceApiLevel: 32, deviceManufacturer: Google, deviceModel: sdk_gphone64_x86_64, deviceName: emulator-5554, deviceScreenDensity: 560, deviceScreenSize: 1440x3120, deviceUDID: emulator-5554, disableWindowAnimation: true, javascriptEnabled: true, locationContextEnabled: false, networkConnectionEnabled: true, newCommandTimeout: 6000, noReset: false, pixelRatio: 3.5, platform: LINUX, platformName: Android, platformVersion: 12, statBarHeight: 84, takesScreenshot: true, viewportRect: {height: 2844, left: 0, top: 84, width: 1440}, warnings: {}, webStorageEnabled: false}
Session ID: becff76e-c50b-4418-ad9f-f41485707447
*** Element info: {Using=id, value=ibBackButton}" type="org.openqa.selenium.NoSuchElementException">org.openqa.selenium.NoSuchElementException: An element could not be located on the page using the given search parameters.
For documentation on this error, please visit: https://www.seleniumhq.org/exceptions/no_such_element.html
Build info: version: &apos;3.141.59&apos;, revision: &apos;e82be7d358&apos;, time: &apos;2018-11-14T08:17:03&apos;
System info: host: &apos;N110688&apos;, ip: &apos;10.10.20.104&apos;, os.name: &apos;Windows 10&apos;, os.arch: &apos;amd64&apos;, os.version: &apos;10.0&apos;, java.version: &apos;11.0.10&apos;
Driver info: io.appium.java_client.android.AndroidDriver
Capabilities {VERSION: 11, appActivity: tr.com.innova.fintek.ttpay...., appPackage: tr.com.turktelekom.pokus.test, autoAcceptAlerts: true, autoGrantPermissions: true, automationName: UiAutomator2, databaseEnabled: false, desired: {VERSION: 11, appActivity: tr.com.innova.fintek.ttpay...., appPackage: tr.com.turktelekom.pokus.test, autoAcceptAlerts: true, autoGrantPermissions: true, automationName: UiAutomator2, deviceName: Pixel_XL_API_33, disableWindowAnimation: true, newCommandTimeout: 6000, noReset: false, platformName: android}, deviceApiLevel: 32, deviceManufacturer: Google, deviceModel: sdk_gphone64_x86_64, deviceName: emulator-5554, deviceScreenDensity: 560, deviceScreenSize: 1440x3120, deviceUDID: emulator-5554, disableWindowAnimation: true, javascriptEnabled: true, locationContextEnabled: false, networkConnectionEnabled: true, newCommandTimeout: 6000, noReset: false, pixelRatio: 3.5, platform: LINUX, platformName: Android, platformVersion: 12, statBarHeight: 84, takesScreenshot: true, viewportRect: {height: 2844, left: 0, top: 84, width: 1440}, warnings: {}, webStorageEnabled: false}
Session ID: becff76e-c50b-4418-ad9f-f41485707447
*** Element info: {Using=id, value=ibBackButton}
	at jdk.internal.reflect.GeneratedConstructorAccessor32.newInstance(Unknown Source)
	at java.base/jdk.internal.reflect.DelegatingConstructorAccessorImpl.newInstance(DelegatingConstructorAccessorImpl.java:45)
	at java.base/java.lang.reflect.Constructor.newInstance(Constructor.java:490)
	at org.openqa.selenium.remote.http.W3CHttpResponseCodec.createException(W3CHttpResponseCodec.java:187)
	at org.openqa.selenium.remote.http.W3CHttpResponseCodec.decode(W3CHttpResponseCodec.java:122)
	at org.openqa.selenium.remote.http.W3CHttpResponseCodec.decode(W3CHttpResponseCodec.java:49)
	at org.openqa.selenium.remote.HttpCommandExecutor.execute(HttpCommandExecutor.java:158)
	at io.appium.java_client.remote.AppiumCommandExecutor.execute(AppiumCommandExecutor.java:239)
	at org.openqa.selenium.remote.RemoteWebDriver.execute(RemoteWebDriver.java:552)
	at io.appium.java_client.DefaultGenericMobileDriver.execute(DefaultGenericMobileDriver.java:41)
	at io.appium.java_client.AppiumDriver.execute(AppiumDriver.java:1)
	at io.appium.java_client.android.AndroidDriver.execute(AndroidDriver.java:1)
	at org.openqa.selenium.remote.RemoteWebDriver.findElement(RemoteWebDriver.java:323)
	at io.appium.java_client.DefaultGenericMobileDriver.findElement(DefaultGenericMobileDriver.java:61)
	at io.appium.java_client.AppiumDriver.findElement(AppiumDriver.java:1)
	at io.appium.java_client.android.AndroidDriver.findElement(AndroidDriver.java:1)
	at org.openqa.selenium.remote.RemoteWebDriver.findElementById(RemoteWebDriver.java:372)
	at io.appium.java_client.DefaultGenericMobileDriver.findElementById(DefaultGenericMobileDriver.java:69)
	at io.appium.java_client.AppiumDriver.findElementById(AppiumDriver.java:1)
	at io.appium.java_client.android.AndroidDriver.findElementById(AndroidDriver.java:1)
	at org.openqa.selenium.By$ById.findElement(By.java:188)
	at org.openqa.selenium.remote.RemoteWebDriver.findElement(RemoteWebDriver.java:315)
	at io.appium.java_client.DefaultGenericMobileDriver.findElement(DefaultGenericMobileDriver.java:57)
	at io.appium.java_client.AppiumDriver.findElement(AppiumDriver.java:1)
	at io.appium.java_client.android.AndroidDriver.findElement(AndroidDriver.java:1)
	at org.openqa.selenium.support.ui.ExpectedConditions$6.apply(ExpectedConditions.java:182)
	at org.openqa.selenium.support.ui.ExpectedConditions$6.apply(ExpectedConditions.java:179)
	at org.openqa.selenium.support.ui.FluentWait.until(FluentWait.java:249)
	at Libraries.TestUtils.tryFindElement(TestUtils.java:45)
	at Libraries.TestUtils.clickElementBy(TestUtils.java:36)
	at Pages.LoginPage.click_HamburgerMenu(LoginPage.java:211)
	at Verified.KisiyeParaGonderTest.KayitliKisiyeParaGonder(KisiyeParaGonderTest.java:25)
</failure>
    <system-out>2796480 [main] INFO  Utils.Log  - Closing Driver
&amp;#27;[35m[Appium]&amp;#27;[39m Welcome to Appium v1.22.3
&amp;#27;[35m[Appium]&amp;#27;[39m Non-default server args:
&amp;#27;[35m[Appium]&amp;#27;[39m   port: 20278
&amp;#27;[35m[Appium]&amp;#27;[39m Appium REST http interface listener started on 0.0.0.0:20278
&amp;#27;[35m[HTTP]&amp;#27;[39m &amp;#27;[37m--&gt;&amp;#27;[39m &amp;#27;[37mGET&amp;#27;[39m &amp;#27;[37m/wd/hub/status&amp;#27;[39m
&amp;#27;[35m[HTTP]&amp;#27;[39m &amp;#27;[90m{}&amp;#27;[39m
[debug] &amp;#27;[35m[GENERIC]&amp;#27;[39m Calling AppiumDriver.getStatus() with args: []
[debug] &amp;#27;[35m[GENERIC]&amp;#27;[39m Responding to client with driver.getStatus() result: {&quot;build&quot;:{&quot;version&quot;:&quot;1.22.3&quot;}}
Allure environment data saved.
2809552 [main] INFO  Utils.Log  - �al��t�rma �ncesi ayarlar uygulan�yor...
2809552 [main] INFO  Utils.Log  - KayitliKisiyeParaGonder test started.
2828995 [main] INFO  Utils.Log  - KayitliKisiyeParaGonder test is failed.
Screenshot captured for test case:KayitliKisiyeParaGonder
</system-out>
    <system-err>Kas 25, 2022 3:59:47 �S io.appium.java_client.remote.AppiumCommandExecutor$1 lambda$0
INFO: Detected dialect: W3C
</system-err>
  </testcase>
  <testcase classname="Verified.KrediBankaKartiEkleTest" name="KrediBankaKartiEkle" time="19.899">
    <failure message="An element could not be located on the page using the given search parameters.
For documentation on this error, please visit: https://www.seleniumhq.org/exceptions/no_such_element.html
Build info: version: &apos;3.141.59&apos;, revision: &apos;e82be7d358&apos;, time: &apos;2018-11-14T08:17:03&apos;
System info: host: &apos;N110688&apos;, ip: &apos;10.10.20.104&apos;, os.name: &apos;Windows 10&apos;, os.arch: &apos;amd64&apos;, os.version: &apos;10.0&apos;, java.version: &apos;11.0.10&apos;
Driver info: io.appium.java_client.android.AndroidDriver
Capabilities {VERSION: 11, appActivity: tr.com.innova.fintek.ttpay...., appPackage: tr.com.turktelekom.pokus.test, autoAcceptAlerts: true, autoGrantPermissions: true, automationName: UiAutomator2, databaseEnabled: false, desired: {VERSION: 11, appActivity: tr.com.innova.fintek.ttpay...., appPackage: tr.com.turktelekom.pokus.test, autoAcceptAlerts: true, autoGrantPermissions: true, automationName: UiAutomator2, deviceName: Pixel_XL_API_33, disableWindowAnimation: true, newCommandTimeout: 6000, noReset: false, platformName: android}, deviceApiLevel: 32, deviceManufacturer: Google, deviceModel: sdk_gphone64_x86_64, deviceName: emulator-5554, deviceScreenDensity: 560, deviceScreenSize: 1440x3120, deviceUDID: emulator-5554, disableWindowAnimation: true, javascriptEnabled: true, locationContextEnabled: false, networkConnectionEnabled: true, newCommandTimeout: 6000, noReset: false, pixelRatio: 3.5, platform: LINUX, platformName: Android, platformVersion: 12, statBarHeight: 84, takesScreenshot: true, viewportRect: {height: 2844, left: 0, top: 84, width: 1440}, warnings: {}, webStorageEnabled: false}
Session ID: 67eecea2-4e4d-481e-ad3f-a7a440ad2f65
*** Element info: {Using=id, value=ibFirstButton}" type="org.openqa.selenium.NoSuchElementException">org.openqa.selenium.NoSuchElementException: An element could not be located on the page using the given search parameters.
For documentation on this error, please visit: https://www.seleniumhq.org/exceptions/no_such_element.html
Build info: version: &apos;3.141.59&apos;, revision: &apos;e82be7d358&apos;, time: &apos;2018-11-14T08:17:03&apos;
System info: host: &apos;N110688&apos;, ip: &apos;10.10.20.104&apos;, os.name: &apos;Windows 10&apos;, os.arch: &apos;amd64&apos;, os.version: &apos;10.0&apos;, java.version: &apos;11.0.10&apos;
Driver info: io.appium.java_client.android.AndroidDriver
Capabilities {VERSION: 11, appActivity: tr.com.innova.fintek.ttpay...., appPackage: tr.com.turktelekom.pokus.test, autoAcceptAlerts: true, autoGrantPermissions: true, automationName: UiAutomator2, databaseEnabled: false, desired: {VERSION: 11, appActivity: tr.com.innova.fintek.ttpay...., appPackage: tr.com.turktelekom.pokus.test, autoAcceptAlerts: true, autoGrantPermissions: true, automationName: UiAutomator2, deviceName: Pixel_XL_API_33, disableWindowAnimation: true, newCommandTimeout: 6000, noReset: false, platformName: android}, deviceApiLevel: 32, deviceManufacturer: Google, deviceModel: sdk_gphone64_x86_64, deviceName: emulator-5554, deviceScreenDensity: 560, deviceScreenSize: 1440x3120, deviceUDID: emulator-5554, disableWindowAnimation: true, javascriptEnabled: true, locationContextEnabled: false, networkConnectionEnabled: true, newCommandTimeout: 6000, noReset: false, pixelRatio: 3.5, platform: LINUX, platformName: Android, platformVersion: 12, statBarHeight: 84, takesScreenshot: true, viewportRect: {height: 2844, left: 0, top: 84, width: 1440}, warnings: {}, webStorageEnabled: false}
Session ID: 67eecea2-4e4d-481e-ad3f-a7a440ad2f65
*** Element info: {Using=id, value=ibFirstButton}
	at jdk.internal.reflect.GeneratedConstructorAccessor32.newInstance(Unknown Source)
	at java.base/jdk.internal.reflect.DelegatingConstructorAccessorImpl.newInstance(DelegatingConstructorAccessorImpl.java:45)
	at java.base/java.lang.reflect.Constructor.newInstance(Constructor.java:490)
	at org.openqa.selenium.remote.http.W3CHttpResponseCodec.createException(W3CHttpResponseCodec.java:187)
	at org.openqa.selenium.remote.http.W3CHttpResponseCodec.decode(W3CHttpResponseCodec.java:122)
	at org.openqa.selenium.remote.http.W3CHttpResponseCodec.decode(W3CHttpResponseCodec.java:49)
	at org.openqa.selenium.remote.HttpCommandExecutor.execute(HttpCommandExecutor.java:158)
	at io.appium.java_client.remote.AppiumCommandExecutor.execute(AppiumCommandExecutor.java:239)
	at org.openqa.selenium.remote.RemoteWebDriver.execute(RemoteWebDriver.java:552)
	at io.appium.java_client.DefaultGenericMobileDriver.execute(DefaultGenericMobileDriver.java:41)
	at io.appium.java_client.AppiumDriver.execute(AppiumDriver.java:1)
	at io.appium.java_client.android.AndroidDriver.execute(AndroidDriver.java:1)
	at org.openqa.selenium.remote.RemoteWebDriver.findElement(RemoteWebDriver.java:323)
	at io.appium.java_client.DefaultGenericMobileDriver.findElement(DefaultGenericMobileDriver.java:61)
	at io.appium.java_client.AppiumDriver.findElement(AppiumDriver.java:1)
	at io.appium.java_client.android.AndroidDriver.findElement(AndroidDriver.java:1)
	at org.openqa.selenium.remote.RemoteWebDriver.findElementById(RemoteWebDriver.java:372)
	at io.appium.java_client.DefaultGenericMobileDriver.findElementById(DefaultGenericMobileDriver.java:69)
	at io.appium.java_client.AppiumDriver.findElementById(AppiumDriver.java:1)
	at io.appium.java_client.android.AndroidDriver.findElementById(AndroidDriver.java:1)
	at org.openqa.selenium.By$ById.findElement(By.java:188)
	at org.openqa.selenium.remote.RemoteWebDriver.findElement(RemoteWebDriver.java:315)
	at io.appium.java_client.DefaultGenericMobileDriver.findElement(DefaultGenericMobileDriver.java:57)
	at io.appium.java_client.AppiumDriver.findElement(AppiumDriver.java:1)
	at io.appium.java_client.android.AndroidDriver.findElement(AndroidDriver.java:1)
	at org.openqa.selenium.support.ui.ExpectedConditions$6.apply(ExpectedConditions.java:182)
	at org.openqa.selenium.support.ui.ExpectedConditions$6.apply(ExpectedConditions.java:179)
	at org.openqa.selenium.support.ui.FluentWait.until(FluentWait.java:249)
	at Libraries.TestUtils.tryFindElement(TestUtils.java:45)
	at Libraries.TestUtils.clickElementBy(TestUtils.java:36)
	at Pages.HomePage.click_Kartlarim(HomePage.java:85)
	at Verified.KrediBankaKartiEkleTest.KrediBankaKartiEkle(KrediBankaKartiEkleTest.java:28)
</failure>
    <system-out>2830366 [main] INFO  Utils.Log  - Closing Driver
&amp;#27;[35m[Appium]&amp;#27;[39m Welcome to Appium v1.22.3
&amp;#27;[35m[Appium]&amp;#27;[39m Non-default server args:
&amp;#27;[35m[Appium]&amp;#27;[39m   port: 17252
&amp;#27;[35m[Appium]&amp;#27;[39m Appium REST http interface listener started on 0.0.0.0:17252
&amp;#27;[35m[HTTP]&amp;#27;[39m &amp;#27;[37m--&gt;&amp;#27;[39m &amp;#27;[37mGET&amp;#27;[39m &amp;#27;[37m/wd/hub/status&amp;#27;[39m
&amp;#27;[35m[HTTP]&amp;#27;[39m &amp;#27;[90m{}&amp;#27;[39m
[debug] &amp;#27;[35m[GENERIC]&amp;#27;[39m Calling AppiumDriver.getStatus() with args: []
[debug] &amp;#27;[35m[GENERIC]&amp;#27;[39m Responding to client with driver.getStatus() result: {&quot;build&quot;:{&quot;version&quot;:&quot;1.22.3&quot;}}
Allure environment data saved.
2848486 [main] INFO  Utils.Log  - �al��t�rma �ncesi ayarlar uygulan�yor...
2848486 [main] INFO  Utils.Log  - KrediBankaKartiEkle test started.
2867521 [main] INFO  Utils.Log  - KrediBankaKartiEkle test is failed.
Screenshot captured for test case:KrediBankaKartiEkle
</system-out>
    <system-err>Kas 25, 2022 4:00:26 �S io.appium.java_client.remote.AppiumCommandExecutor$1 lambda$0
INFO: Detected dialect: W3C
</system-err>
  </testcase>
  <testcase classname="Verified.ParaGonderTest" name="LoginAndClickParaGonder" time="20.525">
    <failure message="An element could not be located on the page using the given search parameters.
For documentation on this error, please visit: https://www.seleniumhq.org/exceptions/no_such_element.html
Build info: version: &apos;3.141.59&apos;, revision: &apos;e82be7d358&apos;, time: &apos;2018-11-14T08:17:03&apos;
System info: host: &apos;N110688&apos;, ip: &apos;10.10.20.104&apos;, os.name: &apos;Windows 10&apos;, os.arch: &apos;amd64&apos;, os.version: &apos;10.0&apos;, java.version: &apos;11.0.10&apos;
Driver info: io.appium.java_client.android.AndroidDriver
Capabilities {VERSION: 11, appActivity: tr.com.innova.fintek.ttpay...., appPackage: tr.com.turktelekom.pokus.test, autoAcceptAlerts: true, autoGrantPermissions: true, automationName: UiAutomator2, databaseEnabled: false, desired: {VERSION: 11, appActivity: tr.com.innova.fintek.ttpay...., appPackage: tr.com.turktelekom.pokus.test, autoAcceptAlerts: true, autoGrantPermissions: true, automationName: UiAutomator2, deviceName: Pixel_XL_API_33, disableWindowAnimation: true, newCommandTimeout: 6000, noReset: false, platformName: android}, deviceApiLevel: 32, deviceManufacturer: Google, deviceModel: sdk_gphone64_x86_64, deviceName: emulator-5554, deviceScreenDensity: 560, deviceScreenSize: 1440x3120, deviceUDID: emulator-5554, disableWindowAnimation: true, javascriptEnabled: true, locationContextEnabled: false, networkConnectionEnabled: true, newCommandTimeout: 6000, noReset: false, pixelRatio: 3.5, platform: LINUX, platformName: Android, platformVersion: 12, statBarHeight: 84, takesScreenshot: true, viewportRect: {height: 2844, left: 0, top: 84, width: 1440}, warnings: {}, webStorageEnabled: false}
Session ID: d689525a-8778-40df-91ca-e2dae6669f15
*** Element info: {Using=id, value=ibtn_user_home_fragment_send_money}" type="org.openqa.selenium.NoSuchElementException">org.openqa.selenium.NoSuchElementException: An element could not be located on the page using the given search parameters.
For documentation on this error, please visit: https://www.seleniumhq.org/exceptions/no_such_element.html
Build info: version: &apos;3.141.59&apos;, revision: &apos;e82be7d358&apos;, time: &apos;2018-11-14T08:17:03&apos;
System info: host: &apos;N110688&apos;, ip: &apos;10.10.20.104&apos;, os.name: &apos;Windows 10&apos;, os.arch: &apos;amd64&apos;, os.version: &apos;10.0&apos;, java.version: &apos;11.0.10&apos;
Driver info: io.appium.java_client.android.AndroidDriver
Capabilities {VERSION: 11, appActivity: tr.com.innova.fintek.ttpay...., appPackage: tr.com.turktelekom.pokus.test, autoAcceptAlerts: true, autoGrantPermissions: true, automationName: UiAutomator2, databaseEnabled: false, desired: {VERSION: 11, appActivity: tr.com.innova.fintek.ttpay...., appPackage: tr.com.turktelekom.pokus.test, autoAcceptAlerts: true, autoGrantPermissions: true, automationName: UiAutomator2, deviceName: Pixel_XL_API_33, disableWindowAnimation: true, newCommandTimeout: 6000, noReset: false, platformName: android}, deviceApiLevel: 32, deviceManufacturer: Google, deviceModel: sdk_gphone64_x86_64, deviceName: emulator-5554, deviceScreenDensity: 560, deviceScreenSize: 1440x3120, deviceUDID: emulator-5554, disableWindowAnimation: true, javascriptEnabled: true, locationContextEnabled: false, networkConnectionEnabled: true, newCommandTimeout: 6000, noReset: false, pixelRatio: 3.5, platform: LINUX, platformName: Android, platformVersion: 12, statBarHeight: 84, takesScreenshot: true, viewportRect: {height: 2844, left: 0, top: 84, width: 1440}, warnings: {}, webStorageEnabled: false}
Session ID: d689525a-8778-40df-91ca-e2dae6669f15
*** Element info: {Using=id, value=ibtn_user_home_fragment_send_money}
	at jdk.internal.reflect.GeneratedConstructorAccessor32.newInstance(Unknown Source)
	at java.base/jdk.internal.reflect.DelegatingConstructorAccessorImpl.newInstance(DelegatingConstructorAccessorImpl.java:45)
	at java.base/java.lang.reflect.Constructor.newInstance(Constructor.java:490)
	at org.openqa.selenium.remote.http.W3CHttpResponseCodec.createException(W3CHttpResponseCodec.java:187)
	at org.openqa.selenium.remote.http.W3CHttpResponseCodec.decode(W3CHttpResponseCodec.java:122)
	at org.openqa.selenium.remote.http.W3CHttpResponseCodec.decode(W3CHttpResponseCodec.java:49)
	at org.openqa.selenium.remote.HttpCommandExecutor.execute(HttpCommandExecutor.java:158)
	at io.appium.java_client.remote.AppiumCommandExecutor.execute(AppiumCommandExecutor.java:239)
	at org.openqa.selenium.remote.RemoteWebDriver.execute(RemoteWebDriver.java:552)
	at io.appium.java_client.DefaultGenericMobileDriver.execute(DefaultGenericMobileDriver.java:41)
	at io.appium.java_client.AppiumDriver.execute(AppiumDriver.java:1)
	at io.appium.java_client.android.AndroidDriver.execute(AndroidDriver.java:1)
	at org.openqa.selenium.remote.RemoteWebDriver.findElement(RemoteWebDriver.java:323)
	at io.appium.java_client.DefaultGenericMobileDriver.findElement(DefaultGenericMobileDriver.java:61)
	at io.appium.java_client.AppiumDriver.findElement(AppiumDriver.java:1)
	at io.appium.java_client.android.AndroidDriver.findElement(AndroidDriver.java:1)
	at org.openqa.selenium.remote.RemoteWebDriver.findElementById(RemoteWebDriver.java:372)
	at io.appium.java_client.DefaultGenericMobileDriver.findElementById(DefaultGenericMobileDriver.java:69)
	at io.appium.java_client.AppiumDriver.findElementById(AppiumDriver.java:1)
	at io.appium.java_client.android.AndroidDriver.findElementById(AndroidDriver.java:1)
	at org.openqa.selenium.By$ById.findElement(By.java:188)
	at org.openqa.selenium.remote.RemoteWebDriver.findElement(RemoteWebDriver.java:315)
	at io.appium.java_client.DefaultGenericMobileDriver.findElement(DefaultGenericMobileDriver.java:57)
	at io.appium.java_client.AppiumDriver.findElement(AppiumDriver.java:1)
	at io.appium.java_client.android.AndroidDriver.findElement(AndroidDriver.java:1)
	at org.openqa.selenium.support.ui.ExpectedConditions$6.apply(ExpectedConditions.java:182)
	at org.openqa.selenium.support.ui.ExpectedConditions$6.apply(ExpectedConditions.java:179)
	at org.openqa.selenium.support.ui.FluentWait.until(FluentWait.java:249)
	at Libraries.TestUtils.tryFindElement(TestUtils.java:45)
	at Libraries.TestUtils.clickElementBy(TestUtils.java:36)
	at Pages.HomePage.click_ParaGonderButonu(HomePage.java:52)
	at Verified.ParaGonderTest.LoginAndClickParaGonder(ParaGonderTest.java:27)
</failure>
    <system-out>2868983 [main] INFO  Utils.Log  - Closing Driver
&amp;#27;[35m[Appium]&amp;#27;[39m Welcome to Appium v1.22.3
&amp;#27;[35m[Appium]&amp;#27;[39m Non-default server args:
&amp;#27;[35m[Appium]&amp;#27;[39m   port: 48249
&amp;#27;[35m[Appium]&amp;#27;[39m Appium REST http interface listener started on 0.0.0.0:48249
&amp;#27;[35m[HTTP]&amp;#27;[39m &amp;#27;[37m--&gt;&amp;#27;[39m &amp;#27;[37mGET&amp;#27;[39m &amp;#27;[37m/wd/hub/status&amp;#27;[39m
&amp;#27;[35m[HTTP]&amp;#27;[39m &amp;#27;[90m{}&amp;#27;[39m
[debug] &amp;#27;[35m[GENERIC]&amp;#27;[39m Calling AppiumDriver.getStatus() with args: []
[debug] &amp;#27;[35m[GENERIC]&amp;#27;[39m Responding to client with driver.getStatus() result: {&quot;build&quot;:{&quot;version&quot;:&quot;1.22.3&quot;}}
Allure environment data saved.
2882459 [main] INFO  Utils.Log  - �al��t�rma �ncesi ayarlar uygulan�yor...
2882460 [main] INFO  Utils.Log  - LoginAndClickParaGonder test started.
2902159 [main] INFO  Utils.Log  - LoginAndClickParaGonder test is failed.
Screenshot captured for test case:LoginAndClickParaGonder
</system-out>
    <system-err>Kas 25, 2022 4:01:00 �S io.appium.java_client.remote.AppiumCommandExecutor$1 lambda$0
INFO: Detected dialect: W3C
</system-err>
  </testcase>
  <testcase classname="Verified.ParaIsteKayitliKisidenTest" name="KayitliKisidenParaIste" time="20.466">
    <failure message="An element could not be located on the page using the given search parameters.
For documentation on this error, please visit: https://www.seleniumhq.org/exceptions/no_such_element.html
Build info: version: &apos;3.141.59&apos;, revision: &apos;e82be7d358&apos;, time: &apos;2018-11-14T08:17:03&apos;
System info: host: &apos;N110688&apos;, ip: &apos;10.10.20.104&apos;, os.name: &apos;Windows 10&apos;, os.arch: &apos;amd64&apos;, os.version: &apos;10.0&apos;, java.version: &apos;11.0.10&apos;
Driver info: io.appium.java_client.android.AndroidDriver
Capabilities {VERSION: 11, appActivity: tr.com.innova.fintek.ttpay...., appPackage: tr.com.turktelekom.pokus.test, autoAcceptAlerts: true, autoGrantPermissions: true, automationName: UiAutomator2, databaseEnabled: false, desired: {VERSION: 11, appActivity: tr.com.innova.fintek.ttpay...., appPackage: tr.com.turktelekom.pokus.test, autoAcceptAlerts: true, autoGrantPermissions: true, automationName: UiAutomator2, deviceName: Pixel_XL_API_33, disableWindowAnimation: true, newCommandTimeout: 6000, noReset: false, platformName: android}, deviceApiLevel: 32, deviceManufacturer: Google, deviceModel: sdk_gphone64_x86_64, deviceName: emulator-5554, deviceScreenDensity: 560, deviceScreenSize: 1440x3120, deviceUDID: emulator-5554, disableWindowAnimation: true, javascriptEnabled: true, locationContextEnabled: false, networkConnectionEnabled: true, newCommandTimeout: 6000, noReset: false, pixelRatio: 3.5, platform: LINUX, platformName: Android, platformVersion: 12, statBarHeight: 84, takesScreenshot: true, viewportRect: {height: 2844, left: 0, top: 84, width: 1440}, warnings: {}, webStorageEnabled: false}
Session ID: 3b1364f4-c473-4cea-9851-f80b3ae336a9
*** Element info: {Using=id, value=ibBackButton}" type="org.openqa.selenium.NoSuchElementException">org.openqa.selenium.NoSuchElementException: An element could not be located on the page using the given search parameters.
For documentation on this error, please visit: https://www.seleniumhq.org/exceptions/no_such_element.html
Build info: version: &apos;3.141.59&apos;, revision: &apos;e82be7d358&apos;, time: &apos;2018-11-14T08:17:03&apos;
System info: host: &apos;N110688&apos;, ip: &apos;10.10.20.104&apos;, os.name: &apos;Windows 10&apos;, os.arch: &apos;amd64&apos;, os.version: &apos;10.0&apos;, java.version: &apos;11.0.10&apos;
Driver info: io.appium.java_client.android.AndroidDriver
Capabilities {VERSION: 11, appActivity: tr.com.innova.fintek.ttpay...., appPackage: tr.com.turktelekom.pokus.test, autoAcceptAlerts: true, autoGrantPermissions: true, automationName: UiAutomator2, databaseEnabled: false, desired: {VERSION: 11, appActivity: tr.com.innova.fintek.ttpay...., appPackage: tr.com.turktelekom.pokus.test, autoAcceptAlerts: true, autoGrantPermissions: true, automationName: UiAutomator2, deviceName: Pixel_XL_API_33, disableWindowAnimation: true, newCommandTimeout: 6000, noReset: false, platformName: android}, deviceApiLevel: 32, deviceManufacturer: Google, deviceModel: sdk_gphone64_x86_64, deviceName: emulator-5554, deviceScreenDensity: 560, deviceScreenSize: 1440x3120, deviceUDID: emulator-5554, disableWindowAnimation: true, javascriptEnabled: true, locationContextEnabled: false, networkConnectionEnabled: true, newCommandTimeout: 6000, noReset: false, pixelRatio: 3.5, platform: LINUX, platformName: Android, platformVersion: 12, statBarHeight: 84, takesScreenshot: true, viewportRect: {height: 2844, left: 0, top: 84, width: 1440}, warnings: {}, webStorageEnabled: false}
Session ID: 3b1364f4-c473-4cea-9851-f80b3ae336a9
*** Element info: {Using=id, value=ibBackButton}
	at jdk.internal.reflect.GeneratedConstructorAccessor32.newInstance(Unknown Source)
	at java.base/jdk.internal.reflect.DelegatingConstructorAccessorImpl.newInstance(DelegatingConstructorAccessorImpl.java:45)
	at java.base/java.lang.reflect.Constructor.newInstance(Constructor.java:490)
	at org.openqa.selenium.remote.http.W3CHttpResponseCodec.createException(W3CHttpResponseCodec.java:187)
	at org.openqa.selenium.remote.http.W3CHttpResponseCodec.decode(W3CHttpResponseCodec.java:122)
	at org.openqa.selenium.remote.http.W3CHttpResponseCodec.decode(W3CHttpResponseCodec.java:49)
	at org.openqa.selenium.remote.HttpCommandExecutor.execute(HttpCommandExecutor.java:158)
	at io.appium.java_client.remote.AppiumCommandExecutor.execute(AppiumCommandExecutor.java:239)
	at org.openqa.selenium.remote.RemoteWebDriver.execute(RemoteWebDriver.java:552)
	at io.appium.java_client.DefaultGenericMobileDriver.execute(DefaultGenericMobileDriver.java:41)
	at io.appium.java_client.AppiumDriver.execute(AppiumDriver.java:1)
	at io.appium.java_client.android.AndroidDriver.execute(AndroidDriver.java:1)
	at org.openqa.selenium.remote.RemoteWebDriver.findElement(RemoteWebDriver.java:323)
	at io.appium.java_client.DefaultGenericMobileDriver.findElement(DefaultGenericMobileDriver.java:61)
	at io.appium.java_client.AppiumDriver.findElement(AppiumDriver.java:1)
	at io.appium.java_client.android.AndroidDriver.findElement(AndroidDriver.java:1)
	at org.openqa.selenium.remote.RemoteWebDriver.findElementById(RemoteWebDriver.java:372)
	at io.appium.java_client.DefaultGenericMobileDriver.findElementById(DefaultGenericMobileDriver.java:69)
	at io.appium.java_client.AppiumDriver.findElementById(AppiumDriver.java:1)
	at io.appium.java_client.android.AndroidDriver.findElementById(AndroidDriver.java:1)
	at org.openqa.selenium.By$ById.findElement(By.java:188)
	at org.openqa.selenium.remote.RemoteWebDriver.findElement(RemoteWebDriver.java:315)
	at io.appium.java_client.DefaultGenericMobileDriver.findElement(DefaultGenericMobileDriver.java:57)
	at io.appium.java_client.AppiumDriver.findElement(AppiumDriver.java:1)
	at io.appium.java_client.android.AndroidDriver.findElement(AndroidDriver.java:1)
	at org.openqa.selenium.support.ui.ExpectedConditions$6.apply(ExpectedConditions.java:182)
	at org.openqa.selenium.support.ui.ExpectedConditions$6.apply(ExpectedConditions.java:179)
	at org.openqa.selenium.support.ui.FluentWait.until(FluentWait.java:249)
	at Libraries.TestUtils.tryFindElement(TestUtils.java:45)
	at Libraries.TestUtils.clickElementBy(TestUtils.java:36)
	at Pages.LoginPage.click_HamburgerMenu(LoginPage.java:211)
	at Verified.ParaIsteKayitliKisidenTest.KayitliKisidenParaIste(ParaIsteKayitliKisidenTest.java:28)
</failure>
    <system-out>2903523 [main] INFO  Utils.Log  - Closing Driver
&amp;#27;[35m[Appium]&amp;#27;[39m Welcome to Appium v1.22.3
&amp;#27;[35m[Appium]&amp;#27;[39m Non-default server args:
&amp;#27;[35m[Appium]&amp;#27;[39m   port: 23065
&amp;#27;[35m[Appium]&amp;#27;[39m Appium REST http interface listener started on 0.0.0.0:23065
&amp;#27;[35m[HTTP]&amp;#27;[39m &amp;#27;[37m--&gt;&amp;#27;[39m &amp;#27;[37mGET&amp;#27;[39m &amp;#27;[37m/wd/hub/status&amp;#27;[39m
&amp;#27;[35m[HTTP]&amp;#27;[39m &amp;#27;[90m{}&amp;#27;[39m
[debug] &amp;#27;[35m[GENERIC]&amp;#27;[39m Calling AppiumDriver.getStatus() with args: []
[debug] &amp;#27;[35m[GENERIC]&amp;#27;[39m Responding to client with driver.getStatus() result: {&quot;build&quot;:{&quot;version&quot;:&quot;1.22.3&quot;}}
Allure environment data saved.
2917016 [main] INFO  Utils.Log  - �al��t�rma �ncesi ayarlar uygulan�yor...
2917017 [main] INFO  Utils.Log  - KayitliKisidenParaIste test started.
2936717 [main] INFO  Utils.Log  - KayitliKisidenParaIste test is failed.
Screenshot captured for test case:KayitliKisidenParaIste
</system-out>
    <system-err>Kas 25, 2022 4:01:35 �S io.appium.java_client.remote.AppiumCommandExecutor$1 lambda$0
INFO: Detected dialect: W3C
</system-err>
  </testcase>
  <testcase classname="Verified.ParaIsteTest" name="ParaIste" time="20.692">
    <failure message="An element could not be located on the page using the given search parameters.
For documentation on this error, please visit: https://www.seleniumhq.org/exceptions/no_such_element.html
Build info: version: &apos;3.141.59&apos;, revision: &apos;e82be7d358&apos;, time: &apos;2018-11-14T08:17:03&apos;
System info: host: &apos;N110688&apos;, ip: &apos;10.10.20.104&apos;, os.name: &apos;Windows 10&apos;, os.arch: &apos;amd64&apos;, os.version: &apos;10.0&apos;, java.version: &apos;11.0.10&apos;
Driver info: io.appium.java_client.android.AndroidDriver
Capabilities {VERSION: 11, appActivity: tr.com.innova.fintek.ttpay...., appPackage: tr.com.turktelekom.pokus.test, autoAcceptAlerts: true, autoGrantPermissions: true, automationName: UiAutomator2, databaseEnabled: false, desired: {VERSION: 11, appActivity: tr.com.innova.fintek.ttpay...., appPackage: tr.com.turktelekom.pokus.test, autoAcceptAlerts: true, autoGrantPermissions: true, automationName: UiAutomator2, deviceName: Pixel_XL_API_33, disableWindowAnimation: true, newCommandTimeout: 6000, noReset: false, platformName: android}, deviceApiLevel: 32, deviceManufacturer: Google, deviceModel: sdk_gphone64_x86_64, deviceName: emulator-5554, deviceScreenDensity: 560, deviceScreenSize: 1440x3120, deviceUDID: emulator-5554, disableWindowAnimation: true, javascriptEnabled: true, locationContextEnabled: false, networkConnectionEnabled: true, newCommandTimeout: 6000, noReset: false, pixelRatio: 3.5, platform: LINUX, platformName: Android, platformVersion: 12, statBarHeight: 84, takesScreenshot: true, viewportRect: {height: 2844, left: 0, top: 84, width: 1440}, warnings: {}, webStorageEnabled: false}
Session ID: 8e139ddc-087d-43d6-9e96-d9a40925d81e
*** Element info: {Using=id, value=ibtn_user_home_fragment_request_money}" type="org.openqa.selenium.NoSuchElementException">org.openqa.selenium.NoSuchElementException: An element could not be located on the page using the given search parameters.
For documentation on this error, please visit: https://www.seleniumhq.org/exceptions/no_such_element.html
Build info: version: &apos;3.141.59&apos;, revision: &apos;e82be7d358&apos;, time: &apos;2018-11-14T08:17:03&apos;
System info: host: &apos;N110688&apos;, ip: &apos;10.10.20.104&apos;, os.name: &apos;Windows 10&apos;, os.arch: &apos;amd64&apos;, os.version: &apos;10.0&apos;, java.version: &apos;11.0.10&apos;
Driver info: io.appium.java_client.android.AndroidDriver
Capabilities {VERSION: 11, appActivity: tr.com.innova.fintek.ttpay...., appPackage: tr.com.turktelekom.pokus.test, autoAcceptAlerts: true, autoGrantPermissions: true, automationName: UiAutomator2, databaseEnabled: false, desired: {VERSION: 11, appActivity: tr.com.innova.fintek.ttpay...., appPackage: tr.com.turktelekom.pokus.test, autoAcceptAlerts: true, autoGrantPermissions: true, automationName: UiAutomator2, deviceName: Pixel_XL_API_33, disableWindowAnimation: true, newCommandTimeout: 6000, noReset: false, platformName: android}, deviceApiLevel: 32, deviceManufacturer: Google, deviceModel: sdk_gphone64_x86_64, deviceName: emulator-5554, deviceScreenDensity: 560, deviceScreenSize: 1440x3120, deviceUDID: emulator-5554, disableWindowAnimation: true, javascriptEnabled: true, locationContextEnabled: false, networkConnectionEnabled: true, newCommandTimeout: 6000, noReset: false, pixelRatio: 3.5, platform: LINUX, platformName: Android, platformVersion: 12, statBarHeight: 84, takesScreenshot: true, viewportRect: {height: 2844, left: 0, top: 84, width: 1440}, warnings: {}, webStorageEnabled: false}
Session ID: 8e139ddc-087d-43d6-9e96-d9a40925d81e
*** Element info: {Using=id, value=ibtn_user_home_fragment_request_money}
	at jdk.internal.reflect.GeneratedConstructorAccessor32.newInstance(Unknown Source)
	at java.base/jdk.internal.reflect.DelegatingConstructorAccessorImpl.newInstance(DelegatingConstructorAccessorImpl.java:45)
	at java.base/java.lang.reflect.Constructor.newInstance(Constructor.java:490)
	at org.openqa.selenium.remote.http.W3CHttpResponseCodec.createException(W3CHttpResponseCodec.java:187)
	at org.openqa.selenium.remote.http.W3CHttpResponseCodec.decode(W3CHttpResponseCodec.java:122)
	at org.openqa.selenium.remote.http.W3CHttpResponseCodec.decode(W3CHttpResponseCodec.java:49)
	at org.openqa.selenium.remote.HttpCommandExecutor.execute(HttpCommandExecutor.java:158)
	at io.appium.java_client.remote.AppiumCommandExecutor.execute(AppiumCommandExecutor.java:239)
	at org.openqa.selenium.remote.RemoteWebDriver.execute(RemoteWebDriver.java:552)
	at io.appium.java_client.DefaultGenericMobileDriver.execute(DefaultGenericMobileDriver.java:41)
	at io.appium.java_client.AppiumDriver.execute(AppiumDriver.java:1)
	at io.appium.java_client.android.AndroidDriver.execute(AndroidDriver.java:1)
	at org.openqa.selenium.remote.RemoteWebDriver.findElement(RemoteWebDriver.java:323)
	at io.appium.java_client.DefaultGenericMobileDriver.findElement(DefaultGenericMobileDriver.java:61)
	at io.appium.java_client.AppiumDriver.findElement(AppiumDriver.java:1)
	at io.appium.java_client.android.AndroidDriver.findElement(AndroidDriver.java:1)
	at org.openqa.selenium.remote.RemoteWebDriver.findElementById(RemoteWebDriver.java:372)
	at io.appium.java_client.DefaultGenericMobileDriver.findElementById(DefaultGenericMobileDriver.java:69)
	at io.appium.java_client.AppiumDriver.findElementById(AppiumDriver.java:1)
	at io.appium.java_client.android.AndroidDriver.findElementById(AndroidDriver.java:1)
	at org.openqa.selenium.By$ById.findElement(By.java:188)
	at org.openqa.selenium.remote.RemoteWebDriver.findElement(RemoteWebDriver.java:315)
	at io.appium.java_client.DefaultGenericMobileDriver.findElement(DefaultGenericMobileDriver.java:57)
	at io.appium.java_client.AppiumDriver.findElement(AppiumDriver.java:1)
	at io.appium.java_client.android.AndroidDriver.findElement(AndroidDriver.java:1)
	at org.openqa.selenium.support.ui.ExpectedConditions$6.apply(ExpectedConditions.java:182)
	at org.openqa.selenium.support.ui.ExpectedConditions$6.apply(ExpectedConditions.java:179)
	at org.openqa.selenium.support.ui.FluentWait.until(FluentWait.java:249)
	at Libraries.TestUtils.tryFindElement(TestUtils.java:45)
	at Libraries.TestUtils.clickElementBy(TestUtils.java:36)
	at Pages.HomePage.click_ParaIsteButonu(HomePage.java:59)
	at Verified.ParaIsteTest.ParaIste(ParaIsteTest.java:31)
</failure>
    <system-out>2938160 [main] INFO  Utils.Log  - Closing Driver
&amp;#27;[35m[Appium]&amp;#27;[39m Welcome to Appium v1.22.3
&amp;#27;[35m[Appium]&amp;#27;[39m Non-default server args:
&amp;#27;[35m[Appium]&amp;#27;[39m   port: 47385
&amp;#27;[35m[Appium]&amp;#27;[39m Appium REST http interface listener started on 0.0.0.0:47385
&amp;#27;[35m[HTTP]&amp;#27;[39m &amp;#27;[37m--&gt;&amp;#27;[39m &amp;#27;[37mGET&amp;#27;[39m &amp;#27;[37m/wd/hub/status&amp;#27;[39m
&amp;#27;[35m[HTTP]&amp;#27;[39m &amp;#27;[90m{}&amp;#27;[39m
[debug] &amp;#27;[35m[GENERIC]&amp;#27;[39m Calling AppiumDriver.getStatus() with args: []
[debug] &amp;#27;[35m[GENERIC]&amp;#27;[39m Responding to client with driver.getStatus() result: {&quot;build&quot;:{&quot;version&quot;:&quot;1.22.3&quot;}}
Allure environment data saved.
2951302 [main] INFO  Utils.Log  - �al��t�rma �ncesi ayarlar uygulan�yor...
2951302 [main] INFO  Utils.Log  - ParaIste test started.
2971051 [main] INFO  Utils.Log  - ParaIste test is failed.
Screenshot captured for test case:ParaIste
</system-out>
    <system-err>Kas 25, 2022 4:02:09 �S io.appium.java_client.remote.AppiumCommandExecutor$1 lambda$0
INFO: Detected dialect: W3C
</system-err>
  </testcase>
  <testcase classname="Verified.PokusKartEkleTest" name="PokusKartEkle" time="20.309">
    <failure message="An element could not be located on the page using the given search parameters.
For documentation on this error, please visit: https://www.seleniumhq.org/exceptions/no_such_element.html
Build info: version: &apos;3.141.59&apos;, revision: &apos;e82be7d358&apos;, time: &apos;2018-11-14T08:17:03&apos;
System info: host: &apos;N110688&apos;, ip: &apos;10.10.20.104&apos;, os.name: &apos;Windows 10&apos;, os.arch: &apos;amd64&apos;, os.version: &apos;10.0&apos;, java.version: &apos;11.0.10&apos;
Driver info: io.appium.java_client.android.AndroidDriver
Capabilities {VERSION: 11, appActivity: tr.com.innova.fintek.ttpay...., appPackage: tr.com.turktelekom.pokus.test, autoAcceptAlerts: true, autoGrantPermissions: true, automationName: UiAutomator2, databaseEnabled: false, desired: {VERSION: 11, appActivity: tr.com.innova.fintek.ttpay...., appPackage: tr.com.turktelekom.pokus.test, autoAcceptAlerts: true, autoGrantPermissions: true, automationName: UiAutomator2, deviceName: Pixel_XL_API_33, disableWindowAnimation: true, newCommandTimeout: 6000, noReset: false, platformName: android}, deviceApiLevel: 32, deviceManufacturer: Google, deviceModel: sdk_gphone64_x86_64, deviceName: emulator-5554, deviceScreenDensity: 560, deviceScreenSize: 1440x3120, deviceUDID: emulator-5554, disableWindowAnimation: true, javascriptEnabled: true, locationContextEnabled: false, networkConnectionEnabled: true, newCommandTimeout: 6000, noReset: false, pixelRatio: 3.5, platform: LINUX, platformName: Android, platformVersion: 12, statBarHeight: 84, takesScreenshot: true, viewportRect: {height: 2844, left: 0, top: 84, width: 1440}, warnings: {}, webStorageEnabled: false}
Session ID: 613bdc0a-39ba-4402-add1-9c7a7686e0b3
*** Element info: {Using=id, value=ibFirstButton}" type="org.openqa.selenium.NoSuchElementException">org.openqa.selenium.NoSuchElementException: An element could not be located on the page using the given search parameters.
For documentation on this error, please visit: https://www.seleniumhq.org/exceptions/no_such_element.html
Build info: version: &apos;3.141.59&apos;, revision: &apos;e82be7d358&apos;, time: &apos;2018-11-14T08:17:03&apos;
System info: host: &apos;N110688&apos;, ip: &apos;10.10.20.104&apos;, os.name: &apos;Windows 10&apos;, os.arch: &apos;amd64&apos;, os.version: &apos;10.0&apos;, java.version: &apos;11.0.10&apos;
Driver info: io.appium.java_client.android.AndroidDriver
Capabilities {VERSION: 11, appActivity: tr.com.innova.fintek.ttpay...., appPackage: tr.com.turktelekom.pokus.test, autoAcceptAlerts: true, autoGrantPermissions: true, automationName: UiAutomator2, databaseEnabled: false, desired: {VERSION: 11, appActivity: tr.com.innova.fintek.ttpay...., appPackage: tr.com.turktelekom.pokus.test, autoAcceptAlerts: true, autoGrantPermissions: true, automationName: UiAutomator2, deviceName: Pixel_XL_API_33, disableWindowAnimation: true, newCommandTimeout: 6000, noReset: false, platformName: android}, deviceApiLevel: 32, deviceManufacturer: Google, deviceModel: sdk_gphone64_x86_64, deviceName: emulator-5554, deviceScreenDensity: 560, deviceScreenSize: 1440x3120, deviceUDID: emulator-5554, disableWindowAnimation: true, javascriptEnabled: true, locationContextEnabled: false, networkConnectionEnabled: true, newCommandTimeout: 6000, noReset: false, pixelRatio: 3.5, platform: LINUX, platformName: Android, platformVersion: 12, statBarHeight: 84, takesScreenshot: true, viewportRect: {height: 2844, left: 0, top: 84, width: 1440}, warnings: {}, webStorageEnabled: false}
Session ID: 613bdc0a-39ba-4402-add1-9c7a7686e0b3
*** Element info: {Using=id, value=ibFirstButton}
	at jdk.internal.reflect.GeneratedConstructorAccessor32.newInstance(Unknown Source)
	at java.base/jdk.internal.reflect.DelegatingConstructorAccessorImpl.newInstance(DelegatingConstructorAccessorImpl.java:45)
	at java.base/java.lang.reflect.Constructor.newInstance(Constructor.java:490)
	at org.openqa.selenium.remote.http.W3CHttpResponseCodec.createException(W3CHttpResponseCodec.java:187)
	at org.openqa.selenium.remote.http.W3CHttpResponseCodec.decode(W3CHttpResponseCodec.java:122)
	at org.openqa.selenium.remote.http.W3CHttpResponseCodec.decode(W3CHttpResponseCodec.java:49)
	at org.openqa.selenium.remote.HttpCommandExecutor.execute(HttpCommandExecutor.java:158)
	at io.appium.java_client.remote.AppiumCommandExecutor.execute(AppiumCommandExecutor.java:239)
	at org.openqa.selenium.remote.RemoteWebDriver.execute(RemoteWebDriver.java:552)
	at io.appium.java_client.DefaultGenericMobileDriver.execute(DefaultGenericMobileDriver.java:41)
	at io.appium.java_client.AppiumDriver.execute(AppiumDriver.java:1)
	at io.appium.java_client.android.AndroidDriver.execute(AndroidDriver.java:1)
	at org.openqa.selenium.remote.RemoteWebDriver.findElement(RemoteWebDriver.java:323)
	at io.appium.java_client.DefaultGenericMobileDriver.findElement(DefaultGenericMobileDriver.java:61)
	at io.appium.java_client.AppiumDriver.findElement(AppiumDriver.java:1)
	at io.appium.java_client.android.AndroidDriver.findElement(AndroidDriver.java:1)
	at org.openqa.selenium.remote.RemoteWebDriver.findElementById(RemoteWebDriver.java:372)
	at io.appium.java_client.DefaultGenericMobileDriver.findElementById(DefaultGenericMobileDriver.java:69)
	at io.appium.java_client.AppiumDriver.findElementById(AppiumDriver.java:1)
	at io.appium.java_client.android.AndroidDriver.findElementById(AndroidDriver.java:1)
	at org.openqa.selenium.By$ById.findElement(By.java:188)
	at org.openqa.selenium.remote.RemoteWebDriver.findElement(RemoteWebDriver.java:315)
	at io.appium.java_client.DefaultGenericMobileDriver.findElement(DefaultGenericMobileDriver.java:57)
	at io.appium.java_client.AppiumDriver.findElement(AppiumDriver.java:1)
	at io.appium.java_client.android.AndroidDriver.findElement(AndroidDriver.java:1)
	at org.openqa.selenium.support.ui.ExpectedConditions$6.apply(ExpectedConditions.java:182)
	at org.openqa.selenium.support.ui.ExpectedConditions$6.apply(ExpectedConditions.java:179)
	at org.openqa.selenium.support.ui.FluentWait.until(FluentWait.java:249)
	at Libraries.TestUtils.tryFindElement(TestUtils.java:45)
	at Libraries.TestUtils.clickElementBy(TestUtils.java:36)
	at Pages.HomePage.click_Kartlarim(HomePage.java:85)
	at Verified.PokusKartEkleTest.PokusKartEkle(PokusKartEkleTest.java:28)
</failure>
    <system-out>2972638 [main] INFO  Utils.Log  - Closing Driver
&amp;#27;[35m[Appium]&amp;#27;[39m Welcome to Appium v1.22.3
&amp;#27;[35m[Appium]&amp;#27;[39m Non-default server args:
&amp;#27;[35m[Appium]&amp;#27;[39m   port: 26080
&amp;#27;[35m[Appium]&amp;#27;[39m Appium REST http interface listener started on 0.0.0.0:26080
&amp;#27;[35m[HTTP]&amp;#27;[39m &amp;#27;[37m--&gt;&amp;#27;[39m &amp;#27;[37mGET&amp;#27;[39m &amp;#27;[37m/wd/hub/status&amp;#27;[39m
&amp;#27;[35m[HTTP]&amp;#27;[39m &amp;#27;[90m{}&amp;#27;[39m
[debug] &amp;#27;[35m[GENERIC]&amp;#27;[39m Calling AppiumDriver.getStatus() with args: []
[debug] &amp;#27;[35m[GENERIC]&amp;#27;[39m Responding to client with driver.getStatus() result: {&quot;build&quot;:{&quot;version&quot;:&quot;1.22.3&quot;}}
Allure environment data saved.
2986489 [main] INFO  Utils.Log  - �al��t�rma �ncesi ayarlar uygulan�yor...
2986490 [main] INFO  Utils.Log  - PokusKartEkle test started.
3005884 [main] INFO  Utils.Log  - PokusKartEkle test is failed.
Screenshot captured for test case:PokusKartEkle
</system-out>
    <system-err>Kas 25, 2022 4:02:44 �S io.appium.java_client.remote.AppiumCommandExecutor$1 lambda$0
INFO: Detected dialect: W3C
</system-err>
  </testcase>
  <testcase classname="Verified.SifreGuncelleTest" name="SifreGuncelle" time="20.487">
    <failure message="An element could not be located on the page using the given search parameters.
For documentation on this error, please visit: https://www.seleniumhq.org/exceptions/no_such_element.html
Build info: version: &apos;3.141.59&apos;, revision: &apos;e82be7d358&apos;, time: &apos;2018-11-14T08:17:03&apos;
System info: host: &apos;N110688&apos;, ip: &apos;10.10.20.104&apos;, os.name: &apos;Windows 10&apos;, os.arch: &apos;amd64&apos;, os.version: &apos;10.0&apos;, java.version: &apos;11.0.10&apos;
Driver info: io.appium.java_client.android.AndroidDriver
Capabilities {VERSION: 11, appActivity: tr.com.innova.fintek.ttpay...., appPackage: tr.com.turktelekom.pokus.test, autoAcceptAlerts: true, autoGrantPermissions: true, automationName: UiAutomator2, databaseEnabled: false, desired: {VERSION: 11, appActivity: tr.com.innova.fintek.ttpay...., appPackage: tr.com.turktelekom.pokus.test, autoAcceptAlerts: true, autoGrantPermissions: true, automationName: UiAutomator2, deviceName: Pixel_XL_API_33, disableWindowAnimation: true, newCommandTimeout: 6000, noReset: false, platformName: android}, deviceApiLevel: 32, deviceManufacturer: Google, deviceModel: sdk_gphone64_x86_64, deviceName: emulator-5554, deviceScreenDensity: 560, deviceScreenSize: 1440x3120, deviceUDID: emulator-5554, disableWindowAnimation: true, javascriptEnabled: true, locationContextEnabled: false, networkConnectionEnabled: true, newCommandTimeout: 6000, noReset: false, pixelRatio: 3.5, platform: LINUX, platformName: Android, platformVersion: 12, statBarHeight: 84, takesScreenshot: true, viewportRect: {height: 2844, left: 0, top: 84, width: 1440}, warnings: {}, webStorageEnabled: false}
Session ID: e8dcc58e-1d46-4322-816a-fb20854f3ea5
*** Element info: {Using=id, value=ibBackButton}" type="org.openqa.selenium.NoSuchElementException">org.openqa.selenium.NoSuchElementException: An element could not be located on the page using the given search parameters.
For documentation on this error, please visit: https://www.seleniumhq.org/exceptions/no_such_element.html
Build info: version: &apos;3.141.59&apos;, revision: &apos;e82be7d358&apos;, time: &apos;2018-11-14T08:17:03&apos;
System info: host: &apos;N110688&apos;, ip: &apos;10.10.20.104&apos;, os.name: &apos;Windows 10&apos;, os.arch: &apos;amd64&apos;, os.version: &apos;10.0&apos;, java.version: &apos;11.0.10&apos;
Driver info: io.appium.java_client.android.AndroidDriver
Capabilities {VERSION: 11, appActivity: tr.com.innova.fintek.ttpay...., appPackage: tr.com.turktelekom.pokus.test, autoAcceptAlerts: true, autoGrantPermissions: true, automationName: UiAutomator2, databaseEnabled: false, desired: {VERSION: 11, appActivity: tr.com.innova.fintek.ttpay...., appPackage: tr.com.turktelekom.pokus.test, autoAcceptAlerts: true, autoGrantPermissions: true, automationName: UiAutomator2, deviceName: Pixel_XL_API_33, disableWindowAnimation: true, newCommandTimeout: 6000, noReset: false, platformName: android}, deviceApiLevel: 32, deviceManufacturer: Google, deviceModel: sdk_gphone64_x86_64, deviceName: emulator-5554, deviceScreenDensity: 560, deviceScreenSize: 1440x3120, deviceUDID: emulator-5554, disableWindowAnimation: true, javascriptEnabled: true, locationContextEnabled: false, networkConnectionEnabled: true, newCommandTimeout: 6000, noReset: false, pixelRatio: 3.5, platform: LINUX, platformName: Android, platformVersion: 12, statBarHeight: 84, takesScreenshot: true, viewportRect: {height: 2844, left: 0, top: 84, width: 1440}, warnings: {}, webStorageEnabled: false}
Session ID: e8dcc58e-1d46-4322-816a-fb20854f3ea5
*** Element info: {Using=id, value=ibBackButton}
	at jdk.internal.reflect.GeneratedConstructorAccessor32.newInstance(Unknown Source)
	at java.base/jdk.internal.reflect.DelegatingConstructorAccessorImpl.newInstance(DelegatingConstructorAccessorImpl.java:45)
	at java.base/java.lang.reflect.Constructor.newInstance(Constructor.java:490)
	at org.openqa.selenium.remote.http.W3CHttpResponseCodec.createException(W3CHttpResponseCodec.java:187)
	at org.openqa.selenium.remote.http.W3CHttpResponseCodec.decode(W3CHttpResponseCodec.java:122)
	at org.openqa.selenium.remote.http.W3CHttpResponseCodec.decode(W3CHttpResponseCodec.java:49)
	at org.openqa.selenium.remote.HttpCommandExecutor.execute(HttpCommandExecutor.java:158)
	at io.appium.java_client.remote.AppiumCommandExecutor.execute(AppiumCommandExecutor.java:239)
	at org.openqa.selenium.remote.RemoteWebDriver.execute(RemoteWebDriver.java:552)
	at io.appium.java_client.DefaultGenericMobileDriver.execute(DefaultGenericMobileDriver.java:41)
	at io.appium.java_client.AppiumDriver.execute(AppiumDriver.java:1)
	at io.appium.java_client.android.AndroidDriver.execute(AndroidDriver.java:1)
	at org.openqa.selenium.remote.RemoteWebDriver.findElement(RemoteWebDriver.java:323)
	at io.appium.java_client.DefaultGenericMobileDriver.findElement(DefaultGenericMobileDriver.java:61)
	at io.appium.java_client.AppiumDriver.findElement(AppiumDriver.java:1)
	at io.appium.java_client.android.AndroidDriver.findElement(AndroidDriver.java:1)
	at org.openqa.selenium.remote.RemoteWebDriver.findElementById(RemoteWebDriver.java:372)
	at io.appium.java_client.DefaultGenericMobileDriver.findElementById(DefaultGenericMobileDriver.java:69)
	at io.appium.java_client.AppiumDriver.findElementById(AppiumDriver.java:1)
	at io.appium.java_client.android.AndroidDriver.findElementById(AndroidDriver.java:1)
	at org.openqa.selenium.By$ById.findElement(By.java:188)
	at org.openqa.selenium.remote.RemoteWebDriver.findElement(RemoteWebDriver.java:315)
	at io.appium.java_client.DefaultGenericMobileDriver.findElement(DefaultGenericMobileDriver.java:57)
	at io.appium.java_client.AppiumDriver.findElement(AppiumDriver.java:1)
	at io.appium.java_client.android.AndroidDriver.findElement(AndroidDriver.java:1)
	at org.openqa.selenium.support.ui.ExpectedConditions$6.apply(ExpectedConditions.java:182)
	at org.openqa.selenium.support.ui.ExpectedConditions$6.apply(ExpectedConditions.java:179)
	at org.openqa.selenium.support.ui.FluentWait.until(FluentWait.java:249)
	at Libraries.TestUtils.tryFindElement(TestUtils.java:45)
	at Libraries.TestUtils.clickElementBy(TestUtils.java:36)
	at Pages.LoginPage.click_HamburgerMenu(LoginPage.java:211)
	at Verified.SifreGuncelleTest.SifreGuncelle(SifreGuncelleTest.java:28)
</failure>
    <system-out>3007345 [main] INFO  Utils.Log  - Closing Driver
&amp;#27;[35m[Appium]&amp;#27;[39m Welcome to Appium v1.22.3
&amp;#27;[35m[Appium]&amp;#27;[39m Non-default server args:
&amp;#27;[35m[Appium]&amp;#27;[39m   port: 44544
&amp;#27;[35m[Appium]&amp;#27;[39m Appium REST http interface listener started on 0.0.0.0:44544
&amp;#27;[35m[HTTP]&amp;#27;[39m &amp;#27;[37m--&gt;&amp;#27;[39m &amp;#27;[37mGET&amp;#27;[39m &amp;#27;[37m/wd/hub/status&amp;#27;[39m
&amp;#27;[35m[HTTP]&amp;#27;[39m &amp;#27;[90m{}&amp;#27;[39m
[debug] &amp;#27;[35m[GENERIC]&amp;#27;[39m Calling AppiumDriver.getStatus() with args: []
[debug] &amp;#27;[35m[GENERIC]&amp;#27;[39m Responding to client with driver.getStatus() result: {&quot;build&quot;:{&quot;version&quot;:&quot;1.22.3&quot;}}
Allure environment data saved.
3020909 [main] INFO  Utils.Log  - �al��t�rma �ncesi ayarlar uygulan�yor...
3020909 [main] INFO  Utils.Log  - SifreGuncelle test started.
3040615 [main] INFO  Utils.Log  - SifreGuncelle test is failed.
Screenshot captured for test case:SifreGuncelle
</system-out>
    <system-err>Kas 25, 2022 4:03:19 �S io.appium.java_client.remote.AppiumCommandExecutor$1 lambda$0
INFO: Detected dialect: W3C
</system-err>
  </testcase>
  <testcase classname="Verified.YeniKisiOlusturduktanSonraParaGonderTest" name="YeniKisiOlusturVeParaGonder" time="20.35">
    <failure message="An element could not be located on the page using the given search parameters.
For documentation on this error, please visit: https://www.seleniumhq.org/exceptions/no_such_element.html
Build info: version: &apos;3.141.59&apos;, revision: &apos;e82be7d358&apos;, time: &apos;2018-11-14T08:17:03&apos;
System info: host: &apos;N110688&apos;, ip: &apos;10.10.20.104&apos;, os.name: &apos;Windows 10&apos;, os.arch: &apos;amd64&apos;, os.version: &apos;10.0&apos;, java.version: &apos;11.0.10&apos;
Driver info: io.appium.java_client.android.AndroidDriver
Capabilities {VERSION: 11, appActivity: tr.com.innova.fintek.ttpay...., appPackage: tr.com.turktelekom.pokus.test, autoAcceptAlerts: true, autoGrantPermissions: true, automationName: UiAutomator2, databaseEnabled: false, desired: {VERSION: 11, appActivity: tr.com.innova.fintek.ttpay...., appPackage: tr.com.turktelekom.pokus.test, autoAcceptAlerts: true, autoGrantPermissions: true, automationName: UiAutomator2, deviceName: Pixel_XL_API_33, disableWindowAnimation: true, newCommandTimeout: 6000, noReset: false, platformName: android}, deviceApiLevel: 32, deviceManufacturer: Google, deviceModel: sdk_gphone64_x86_64, deviceName: emulator-5554, deviceScreenDensity: 560, deviceScreenSize: 1440x3120, deviceUDID: emulator-5554, disableWindowAnimation: true, javascriptEnabled: true, locationContextEnabled: false, networkConnectionEnabled: true, newCommandTimeout: 6000, noReset: false, pixelRatio: 3.5, platform: LINUX, platformName: Android, platformVersion: 12, statBarHeight: 84, takesScreenshot: true, viewportRect: {height: 2844, left: 0, top: 84, width: 1440}, warnings: {}, webStorageEnabled: false}
Session ID: aa0b0ce5-83cc-4328-83a7-951f288f56ac
*** Element info: {Using=id, value=ibBackButton}" type="org.openqa.selenium.NoSuchElementException">org.openqa.selenium.NoSuchElementException: An element could not be located on the page using the given search parameters.
For documentation on this error, please visit: https://www.seleniumhq.org/exceptions/no_such_element.html
Build info: version: &apos;3.141.59&apos;, revision: &apos;e82be7d358&apos;, time: &apos;2018-11-14T08:17:03&apos;
System info: host: &apos;N110688&apos;, ip: &apos;10.10.20.104&apos;, os.name: &apos;Windows 10&apos;, os.arch: &apos;amd64&apos;, os.version: &apos;10.0&apos;, java.version: &apos;11.0.10&apos;
Driver info: io.appium.java_client.android.AndroidDriver
Capabilities {VERSION: 11, appActivity: tr.com.innova.fintek.ttpay...., appPackage: tr.com.turktelekom.pokus.test, autoAcceptAlerts: true, autoGrantPermissions: true, automationName: UiAutomator2, databaseEnabled: false, desired: {VERSION: 11, appActivity: tr.com.innova.fintek.ttpay...., appPackage: tr.com.turktelekom.pokus.test, autoAcceptAlerts: true, autoGrantPermissions: true, automationName: UiAutomator2, deviceName: Pixel_XL_API_33, disableWindowAnimation: true, newCommandTimeout: 6000, noReset: false, platformName: android}, deviceApiLevel: 32, deviceManufacturer: Google, deviceModel: sdk_gphone64_x86_64, deviceName: emulator-5554, deviceScreenDensity: 560, deviceScreenSize: 1440x3120, deviceUDID: emulator-5554, disableWindowAnimation: true, javascriptEnabled: true, locationContextEnabled: false, networkConnectionEnabled: true, newCommandTimeout: 6000, noReset: false, pixelRatio: 3.5, platform: LINUX, platformName: Android, platformVersion: 12, statBarHeight: 84, takesScreenshot: true, viewportRect: {height: 2844, left: 0, top: 84, width: 1440}, warnings: {}, webStorageEnabled: false}
Session ID: aa0b0ce5-83cc-4328-83a7-951f288f56ac
*** Element info: {Using=id, value=ibBackButton}
	at jdk.internal.reflect.GeneratedConstructorAccessor32.newInstance(Unknown Source)
	at java.base/jdk.internal.reflect.DelegatingConstructorAccessorImpl.newInstance(DelegatingConstructorAccessorImpl.java:45)
	at java.base/java.lang.reflect.Constructor.newInstance(Constructor.java:490)
	at org.openqa.selenium.remote.http.W3CHttpResponseCodec.createException(W3CHttpResponseCodec.java:187)
	at org.openqa.selenium.remote.http.W3CHttpResponseCodec.decode(W3CHttpResponseCodec.java:122)
	at org.openqa.selenium.remote.http.W3CHttpResponseCodec.decode(W3CHttpResponseCodec.java:49)
	at org.openqa.selenium.remote.HttpCommandExecutor.execute(HttpCommandExecutor.java:158)
	at io.appium.java_client.remote.AppiumCommandExecutor.execute(AppiumCommandExecutor.java:239)
	at org.openqa.selenium.remote.RemoteWebDriver.execute(RemoteWebDriver.java:552)
	at io.appium.java_client.DefaultGenericMobileDriver.execute(DefaultGenericMobileDriver.java:41)
	at io.appium.java_client.AppiumDriver.execute(AppiumDriver.java:1)
	at io.appium.java_client.android.AndroidDriver.execute(AndroidDriver.java:1)
	at org.openqa.selenium.remote.RemoteWebDriver.findElement(RemoteWebDriver.java:323)
	at io.appium.java_client.DefaultGenericMobileDriver.findElement(DefaultGenericMobileDriver.java:61)
	at io.appium.java_client.AppiumDriver.findElement(AppiumDriver.java:1)
	at io.appium.java_client.android.AndroidDriver.findElement(AndroidDriver.java:1)
	at org.openqa.selenium.remote.RemoteWebDriver.findElementById(RemoteWebDriver.java:372)
	at io.appium.java_client.DefaultGenericMobileDriver.findElementById(DefaultGenericMobileDriver.java:69)
	at io.appium.java_client.AppiumDriver.findElementById(AppiumDriver.java:1)
	at io.appium.java_client.android.AndroidDriver.findElementById(AndroidDriver.java:1)
	at org.openqa.selenium.By$ById.findElement(By.java:188)
	at org.openqa.selenium.remote.RemoteWebDriver.findElement(RemoteWebDriver.java:315)
	at io.appium.java_client.DefaultGenericMobileDriver.findElement(DefaultGenericMobileDriver.java:57)
	at io.appium.java_client.AppiumDriver.findElement(AppiumDriver.java:1)
	at io.appium.java_client.android.AndroidDriver.findElement(AndroidDriver.java:1)
	at org.openqa.selenium.support.ui.ExpectedConditions$6.apply(ExpectedConditions.java:182)
	at org.openqa.selenium.support.ui.ExpectedConditions$6.apply(ExpectedConditions.java:179)
	at org.openqa.selenium.support.ui.FluentWait.until(FluentWait.java:249)
	at Libraries.TestUtils.tryFindElement(TestUtils.java:45)
	at Libraries.TestUtils.clickElementBy(TestUtils.java:36)
	at Pages.LoginPage.click_HamburgerMenu(LoginPage.java:211)
	at Verified.YeniKisiOlusturduktanSonraParaGonderTest.YeniKisiOlusturVeParaGonder(YeniKisiOlusturduktanSonraParaGonderTest.java:27)
</failure>
    <system-out>3041906 [main] INFO  Utils.Log  - Closing Driver
&amp;#27;[35m[Appium]&amp;#27;[39m Welcome to Appium v1.22.3
&amp;#27;[35m[Appium]&amp;#27;[39m Non-default server args:
&amp;#27;[35m[Appium]&amp;#27;[39m   port: 25481
&amp;#27;[35m[Appium]&amp;#27;[39m Appium REST http interface listener started on 0.0.0.0:25481
&amp;#27;[35m[HTTP]&amp;#27;[39m &amp;#27;[37m--&gt;&amp;#27;[39m &amp;#27;[37mGET&amp;#27;[39m &amp;#27;[37m/wd/hub/status&amp;#27;[39m
&amp;#27;[35m[HTTP]&amp;#27;[39m &amp;#27;[90m{}&amp;#27;[39m
[debug] &amp;#27;[35m[GENERIC]&amp;#27;[39m Calling AppiumDriver.getStatus() with args: []
[debug] &amp;#27;[35m[GENERIC]&amp;#27;[39m Responding to client with driver.getStatus() result: {&quot;build&quot;:{&quot;version&quot;:&quot;1.22.3&quot;}}
Allure environment data saved.
3054640 [main] INFO  Utils.Log  - �al��t�rma �ncesi ayarlar uygulan�yor...
3054640 [main] INFO  Utils.Log  - YeniKisiOlusturVeParaGonder test started.
3074208 [main] INFO  Utils.Log  - YeniKisiOlusturVeParaGonder test is failed.
Screenshot captured for test case:YeniKisiOlusturVeParaGonder
</system-out>
    <system-err>Kas 25, 2022 4:03:53 �S io.appium.java_client.remote.AppiumCommandExecutor$1 lambda$0
INFO: Detected dialect: W3C
</system-err>
  </testcase>
  <testcase classname="Verified.YeniKisiOlusturduktanSonraParaIsteTest" name="YeniKisiOlusturVeParaGonder" time="20.182">
    <failure message="An element could not be located on the page using the given search parameters.
For documentation on this error, please visit: https://www.seleniumhq.org/exceptions/no_such_element.html
Build info: version: &apos;3.141.59&apos;, revision: &apos;e82be7d358&apos;, time: &apos;2018-11-14T08:17:03&apos;
System info: host: &apos;N110688&apos;, ip: &apos;10.10.20.104&apos;, os.name: &apos;Windows 10&apos;, os.arch: &apos;amd64&apos;, os.version: &apos;10.0&apos;, java.version: &apos;11.0.10&apos;
Driver info: io.appium.java_client.android.AndroidDriver
Capabilities {VERSION: 11, appActivity: tr.com.innova.fintek.ttpay...., appPackage: tr.com.turktelekom.pokus.test, autoAcceptAlerts: true, autoGrantPermissions: true, automationName: UiAutomator2, databaseEnabled: false, desired: {VERSION: 11, appActivity: tr.com.innova.fintek.ttpay...., appPackage: tr.com.turktelekom.pokus.test, autoAcceptAlerts: true, autoGrantPermissions: true, automationName: UiAutomator2, deviceName: Pixel_XL_API_33, disableWindowAnimation: true, newCommandTimeout: 6000, noReset: false, platformName: android}, deviceApiLevel: 32, deviceManufacturer: Google, deviceModel: sdk_gphone64_x86_64, deviceName: emulator-5554, deviceScreenDensity: 560, deviceScreenSize: 1440x3120, deviceUDID: emulator-5554, disableWindowAnimation: true, javascriptEnabled: true, locationContextEnabled: false, networkConnectionEnabled: true, newCommandTimeout: 6000, noReset: false, pixelRatio: 3.5, platform: LINUX, platformName: Android, platformVersion: 12, statBarHeight: 84, takesScreenshot: true, viewportRect: {height: 2844, left: 0, top: 84, width: 1440}, warnings: {}, webStorageEnabled: false}
Session ID: acf96624-4e71-4f68-9321-8816732b450a
*** Element info: {Using=id, value=ibBackButton}" type="org.openqa.selenium.NoSuchElementException">org.openqa.selenium.NoSuchElementException: An element could not be located on the page using the given search parameters.
For documentation on this error, please visit: https://www.seleniumhq.org/exceptions/no_such_element.html
Build info: version: &apos;3.141.59&apos;, revision: &apos;e82be7d358&apos;, time: &apos;2018-11-14T08:17:03&apos;
System info: host: &apos;N110688&apos;, ip: &apos;10.10.20.104&apos;, os.name: &apos;Windows 10&apos;, os.arch: &apos;amd64&apos;, os.version: &apos;10.0&apos;, java.version: &apos;11.0.10&apos;
Driver info: io.appium.java_client.android.AndroidDriver
Capabilities {VERSION: 11, appActivity: tr.com.innova.fintek.ttpay...., appPackage: tr.com.turktelekom.pokus.test, autoAcceptAlerts: true, autoGrantPermissions: true, automationName: UiAutomator2, databaseEnabled: false, desired: {VERSION: 11, appActivity: tr.com.innova.fintek.ttpay...., appPackage: tr.com.turktelekom.pokus.test, autoAcceptAlerts: true, autoGrantPermissions: true, automationName: UiAutomator2, deviceName: Pixel_XL_API_33, disableWindowAnimation: true, newCommandTimeout: 6000, noReset: false, platformName: android}, deviceApiLevel: 32, deviceManufacturer: Google, deviceModel: sdk_gphone64_x86_64, deviceName: emulator-5554, deviceScreenDensity: 560, deviceScreenSize: 1440x3120, deviceUDID: emulator-5554, disableWindowAnimation: true, javascriptEnabled: true, locationContextEnabled: false, networkConnectionEnabled: true, newCommandTimeout: 6000, noReset: false, pixelRatio: 3.5, platform: LINUX, platformName: Android, platformVersion: 12, statBarHeight: 84, takesScreenshot: true, viewportRect: {height: 2844, left: 0, top: 84, width: 1440}, warnings: {}, webStorageEnabled: false}
Session ID: acf96624-4e71-4f68-9321-8816732b450a
*** Element info: {Using=id, value=ibBackButton}
	at jdk.internal.reflect.GeneratedConstructorAccessor32.newInstance(Unknown Source)
	at java.base/jdk.internal.reflect.DelegatingConstructorAccessorImpl.newInstance(DelegatingConstructorAccessorImpl.java:45)
	at java.base/java.lang.reflect.Constructor.newInstance(Constructor.java:490)
	at org.openqa.selenium.remote.http.W3CHttpResponseCodec.createException(W3CHttpResponseCodec.java:187)
	at org.openqa.selenium.remote.http.W3CHttpResponseCodec.decode(W3CHttpResponseCodec.java:122)
	at org.openqa.selenium.remote.http.W3CHttpResponseCodec.decode(W3CHttpResponseCodec.java:49)
	at org.openqa.selenium.remote.HttpCommandExecutor.execute(HttpCommandExecutor.java:158)
	at io.appium.java_client.remote.AppiumCommandExecutor.execute(AppiumCommandExecutor.java:239)
	at org.openqa.selenium.remote.RemoteWebDriver.execute(RemoteWebDriver.java:552)
	at io.appium.java_client.DefaultGenericMobileDriver.execute(DefaultGenericMobileDriver.java:41)
	at io.appium.java_client.AppiumDriver.execute(AppiumDriver.java:1)
	at io.appium.java_client.android.AndroidDriver.execute(AndroidDriver.java:1)
	at org.openqa.selenium.remote.RemoteWebDriver.findElement(RemoteWebDriver.java:323)
	at io.appium.java_client.DefaultGenericMobileDriver.findElement(DefaultGenericMobileDriver.java:61)
	at io.appium.java_client.AppiumDriver.findElement(AppiumDriver.java:1)
	at io.appium.java_client.android.AndroidDriver.findElement(AndroidDriver.java:1)
	at org.openqa.selenium.remote.RemoteWebDriver.findElementById(RemoteWebDriver.java:372)
	at io.appium.java_client.DefaultGenericMobileDriver.findElementById(DefaultGenericMobileDriver.java:69)
	at io.appium.java_client.AppiumDriver.findElementById(AppiumDriver.java:1)
	at io.appium.java_client.android.AndroidDriver.findElementById(AndroidDriver.java:1)
	at org.openqa.selenium.By$ById.findElement(By.java:188)
	at org.openqa.selenium.remote.RemoteWebDriver.findElement(RemoteWebDriver.java:315)
	at io.appium.java_client.DefaultGenericMobileDriver.findElement(DefaultGenericMobileDriver.java:57)
	at io.appium.java_client.AppiumDriver.findElement(AppiumDriver.java:1)
	at io.appium.java_client.android.AndroidDriver.findElement(AndroidDriver.java:1)
	at org.openqa.selenium.support.ui.ExpectedConditions$6.apply(ExpectedConditions.java:182)
	at org.openqa.selenium.support.ui.ExpectedConditions$6.apply(ExpectedConditions.java:179)
	at org.openqa.selenium.support.ui.FluentWait.until(FluentWait.java:249)
	at Libraries.TestUtils.tryFindElement(TestUtils.java:45)
	at Libraries.TestUtils.clickElementBy(TestUtils.java:36)
	at Pages.LoginPage.click_HamburgerMenu(LoginPage.java:211)
	at Verified.YeniKisiOlusturduktanSonraParaIsteTest.YeniKisiOlusturVeParaGonder(YeniKisiOlusturduktanSonraParaIsteTest.java:28)
</failure>
    <system-out>3075449 [main] INFO  Utils.Log  - Closing Driver
&amp;#27;[35m[Appium]&amp;#27;[39m Welcome to Appium v1.22.3
&amp;#27;[35m[Appium]&amp;#27;[39m Non-default server args:
&amp;#27;[35m[Appium]&amp;#27;[39m   port: 22011
&amp;#27;[35m[Appium]&amp;#27;[39m Appium REST http interface listener started on 0.0.0.0:22011
&amp;#27;[35m[HTTP]&amp;#27;[39m &amp;#27;[37m--&gt;&amp;#27;[39m &amp;#27;[37mGET&amp;#27;[39m &amp;#27;[37m/wd/hub/status&amp;#27;[39m
&amp;#27;[35m[HTTP]&amp;#27;[39m &amp;#27;[90m{}&amp;#27;[39m
[debug] &amp;#27;[35m[GENERIC]&amp;#27;[39m Calling AppiumDriver.getStatus() with args: []
[debug] &amp;#27;[35m[GENERIC]&amp;#27;[39m Responding to client with driver.getStatus() result: {&quot;build&quot;:{&quot;version&quot;:&quot;1.22.3&quot;}}
Allure environment data saved.
3088318 [main] INFO  Utils.Log  - �al��t�rma �ncesi ayarlar uygulan�yor...
3088319 [main] INFO  Utils.Log  - YeniKisiOlusturVeParaGonder test started.
3107636 [main] INFO  Utils.Log  - YeniKisiOlusturVeParaGonder test is failed.
Screenshot captured for test case:YeniKisiOlusturVeParaGonder
</system-out>
    <system-err>Kas 25, 2022 4:04:26 �S io.appium.java_client.remote.AppiumCommandExecutor$1 lambda$0
INFO: Detected dialect: W3C
</system-err>
  </testcase>
</testsuite>