<?xml version="1.0" encoding="UTF-8"?>
<!-- Generated by org.testng.reporters.JUnitReportReporter -->
<testsuite hostname="N110688" failures="0" tests="1" name="Register.Register5leBaslamayanNoTest" time="4.392" errors="0" timestamp="2022-11-25T16:04:48 EET" skipped="0">
  <testcase classname="Register.Register5leBaslamayanNoTest" name="Register5ileBaslamayanNo" time="4.392"/>
  <system-out/>
</testsuite> <!-- Register.Register5leBaslamayanNoTest -->
