<?xml version="1.0" encoding="UTF-8"?>
<!-- Generated by org.testng.reporters.JUnitReportReporter -->
<testsuite hostname="N110688" failures="0" tests="1" name="Basic.PokusKartEkleTest" time="20.636" errors="0" timestamp="2022-11-25T16:04:48 EET" skipped="0">
  <testcase classname="Basic.PokusKartEkleTest" name="PokusKartEkle" time="20.636"/>
  <system-out/>
</testsuite> <!-- Basic.PokusKartEkleTest -->
