<?xml version="1.0" encoding="UTF-8"?>
<!-- Generated by org.testng.reporters.JUnitReportReporter -->
<testsuite hostname="N110688" failures="0" tests="1" name="SemiVerified.FaturaOdeTest" time="34.306" errors="0" timestamp="2022-11-25T16:04:48 EET" skipped="0">
  <testcase classname="SemiVerified.FaturaOdeTest" name="FaturaOde" time="34.306"/>
  <system-out/>
</testsuite> <!-- SemiVerified.FaturaOdeTest -->
