<?xml version="1.0" encoding="UTF-8"?>
<!-- Generated by org.testng.reporters.JUnitReportReporter -->
<testsuite hostname="N110688" failures="0" tests="2" name="Basic.KampanyalarTest" time="18.400" errors="0" timestamp="2022-11-25T16:04:48 EET" skipped="0">
  <testcase classname="Basic.KampanyalarTest" name="LoginAndCheckCampaigns" time="12.147"/>
  <system-out/>
  <testcase classname="Basic.KampanyalarTest" name="Step2" time="6.253"/>
  <system-out/>
</testsuite> <!-- Basic.KampanyalarTest -->
