<?xml version="1.0" encoding="UTF-8"?>
<!-- Generated by org.testng.reporters.JUnitReportReporter -->
<testsuite hostname="N110688" failures="0" tests="1" name="Basic.GruptanParaIsteTest" time="28.382" errors="0" timestamp="2022-11-25T16:04:48 EET" skipped="0">
  <testcase classname="Basic.GruptanParaIsteTest" name="GruptanParaIste" time="28.382"/>
  <system-out>
    <![CDATA[hamburger menü tıklandı]]>
  </system-out>
</testsuite> <!-- Basic.GruptanParaIsteTest -->
