<?xml version="1.0" encoding="UTF-8"?>
<!-- Generated by org.testng.reporters.JUnitReportReporter -->
<testsuite hostname="N110688" failures="0" tests="1" name="Login.ParolamiUnuttumTest" time="5.103" errors="0" timestamp="2022-11-25T16:04:48 EET" skipped="0">
  <testcase classname="Login.ParolamiUnuttumTest" name="ParolamiUnuttum" time="5.103"/>
  <system-out/>
</testsuite> <!-- Login.ParolamiUnuttumTest -->
