<?xml version="1.0" encoding="UTF-8"?>
<!-- Generated by org.testng.reporters.JUnitReportReporter -->
<testsuite hostname="N110688" failures="0" tests="2" name="SemiVerified.KampanyalarTest" time="34.359" errors="0" timestamp="2022-11-25T16:04:48 EET" skipped="0">
  <testcase classname="SemiVerified.KampanyalarTest" name="LoginAndCheckCampaigns" time="28.462"/>
  <system-out/>
  <testcase classname="SemiVerified.KampanyalarTest" name="Step2" time="5.897"/>
  <system-out/>
</testsuite> <!-- SemiVerified.KampanyalarTest -->
