<?xml version="1.0" encoding="UTF-8"?>
<!-- Generated by org.testng.reporters.JUnitReportReporter -->
<testsuite hostname="N110688" failures="0" tests="1" name="SemiVerified.KrediBankaKartiEkleTest" time="36.488" errors="0" timestamp="2022-11-25T16:04:48 EET" skipped="0">
  <testcase classname="SemiVerified.KrediBankaKartiEkleTest" name="KrediBankaKartiEkle" time="36.488"/>
  <system-out/>
</testsuite> <!-- SemiVerified.KrediBankaKartiEkleTest -->
